<?xml version="1.0" encoding="UTF-8"?>
<coverage generated="1754347083926" clover="3.2.0">
  <project timestamp="1754347083926" name="All files">
    <metrics statements="120" coveredstatements="28" conditionals="69" coveredconditionals="5" methods="57" coveredmethods="16" elements="246" coveredelements="49" complexity="0" loc="120" ncloc="120" packages="1" files="7" classes="7"/>
    <file name="LevelSpiralAdapter.cjs" path="/opt/featherweight/FlappyJournal/server/consciousness/core/storage/LevelSpiralAdapter.cjs">
      <metrics statements="17" coveredstatements="7" conditionals="8" coveredconditionals="1" methods="6" coveredmethods="2"/>
      <line num="4" count="7" type="stmt"/>
      <line num="5" count="7" type="stmt"/>
      <line num="9" count="4" type="stmt"/>
      <line num="10" count="4" type="stmt"/>
      <line num="11" count="4" type="stmt"/>
      <line num="14" count="7" type="cond" truecount="1" falsecount="1"/>
      <line num="17" count="0" type="stmt"/>
      <line num="18" count="0" type="stmt"/>
      <line num="20" count="0" type="cond" truecount="0" falsecount="2"/>
      <line num="21" count="0" type="stmt"/>
      <line num="25" count="0" type="stmt"/>
      <line num="28" count="0" type="stmt"/>
      <line num="31" count="0" type="stmt"/>
      <line num="32" count="0" type="stmt"/>
      <line num="33" count="0" type="stmt"/>
      <line num="35" count="0" type="stmt"/>
      <line num="39" count="7" type="stmt"/>
    </file>
    <file name="LevelSpiralAdapter.ts" path="/opt/featherweight/FlappyJournal/server/consciousness/core/storage/LevelSpiralAdapter.ts">
      <metrics statements="20" coveredstatements="0" conditionals="15" coveredconditionals="0" methods="6" coveredmethods="0"/>
      <line num="10" count="0" type="stmt"/>
      <line num="11" count="0" type="stmt"/>
      <line num="12" count="0" type="stmt"/>
      <line num="15" count="0" type="cond" truecount="0" falsecount="2"/>
      <line num="18" count="0" type="stmt"/>
      <line num="19" count="0" type="stmt"/>
      <line num="20" count="0" type="cond" truecount="0" falsecount="5"/>
      <line num="21" count="0" type="stmt"/>
      <line num="23" count="0" type="stmt"/>
      <line num="25" count="0" type="cond" truecount="0" falsecount="2"/>
      <line num="26" count="0" type="stmt"/>
      <line num="30" count="0" type="cond" truecount="0" falsecount="2"/>
      <line num="31" count="0" type="stmt"/>
      <line num="32" count="0" type="stmt"/>
      <line num="34" count="0" type="stmt"/>
      <line num="38" count="0" type="stmt"/>
      <line num="41" count="0" type="stmt"/>
      <line num="42" count="0" type="stmt"/>
      <line num="43" count="0" type="stmt"/>
      <line num="45" count="0" type="stmt"/>
    </file>
    <file name="RedisClusterSpiralAdapter.ts" path="/opt/featherweight/FlappyJournal/server/consciousness/core/storage/RedisClusterSpiralAdapter.ts">
      <metrics statements="29" coveredstatements="0" conditionals="17" coveredconditionals="0" methods="12" coveredmethods="0"/>
      <line num="7" count="0" type="cond" truecount="0" falsecount="2"/>
      <line num="8" count="0" type="stmt"/>
      <line num="10" count="0" type="stmt"/>
      <line num="14" count="0" type="stmt"/>
      <line num="18" count="0" type="stmt"/>
      <line num="21" count="0" type="stmt"/>
      <line num="22" count="0" type="cond" truecount="0" falsecount="2"/>
      <line num="23" count="0" type="stmt"/>
      <line num="26" count="0" type="cond" truecount="0" falsecount="2"/>
      <line num="27" count="0" type="stmt"/>
      <line num="31" count="0" type="stmt"/>
      <line num="32" count="0" type="stmt"/>
      <line num="35" count="0" type="cond" truecount="0" falsecount="2"/>
      <line num="36" count="0" type="stmt"/>
      <line num="37" count="0" type="cond" truecount="0" falsecount="2"/>
      <line num="40" count="0" type="cond" truecount="0" falsecount="2"/>
      <line num="41" count="0" type="stmt"/>
      <line num="44" count="0" type="cond" truecount="0" falsecount="2"/>
      <line num="45" count="0" type="stmt"/>
      <line num="48" count="0" type="cond" truecount="0" falsecount="2"/>
      <line num="50" count="0" type="stmt"/>
      <line num="51" count="0" type="stmt"/>
      <line num="52" count="0" type="stmt"/>
      <line num="53" count="0" type="stmt"/>
      <line num="54" count="0" type="stmt"/>
      <line num="55" count="0" type="stmt"/>
      <line num="56" count="0" type="stmt"/>
      <line num="57" count="0" type="stmt"/>
      <line num="61" count="0" type="stmt"/>
    </file>
    <file name="RedisSpiralAdapter.cjs" path="/opt/featherweight/FlappyJournal/server/consciousness/core/storage/RedisSpiralAdapter.cjs">
      <metrics statements="13" coveredstatements="13" conditionals="5" coveredconditionals="2" methods="7" coveredmethods="7"/>
      <line num="4" count="7" type="stmt"/>
      <line num="5" count="7" type="stmt"/>
      <line num="9" count="68" type="stmt"/>
      <line num="10" count="68" type="stmt"/>
      <line num="11" count="68" type="stmt"/>
      <line num="14" count="71" type="stmt"/>
      <line num="17" count="644" type="stmt"/>
      <line num="18" count="644" type="cond" truecount="2" falsecount="0"/>
      <line num="21" count="1968" type="stmt"/>
      <line num="24" count="205" type="stmt"/>
      <line num="28" count="45" type="stmt"/>
      <line num="32" count="30" type="stmt"/>
      <line num="36" count="7" type="stmt"/>
    </file>
    <file name="RedisSpiralAdapter.ts" path="/opt/featherweight/FlappyJournal/server/consciousness/core/storage/RedisSpiralAdapter.ts">
      <metrics statements="19" coveredstatements="0" conditionals="12" coveredconditionals="0" methods="7" coveredmethods="0"/>
      <line num="9" count="0" type="stmt"/>
      <line num="10" count="0" type="stmt"/>
      <line num="11" count="0" type="stmt"/>
      <line num="14" count="0" type="stmt"/>
      <line num="17" count="0" type="stmt"/>
      <line num="18" count="0" type="cond" truecount="0" falsecount="2"/>
      <line num="20" count="0" type="stmt"/>
      <line num="21" count="0" type="stmt"/>
      <line num="22" count="0" type="stmt"/>
      <line num="23" count="0" type="cond" truecount="0" falsecount="5"/>
      <line num="24" count="0" type="stmt"/>
      <line num="26" count="0" type="stmt"/>
      <line num="29" count="0" type="cond" truecount="0" falsecount="2"/>
      <line num="30" count="0" type="stmt"/>
      <line num="31" count="0" type="stmt"/>
      <line num="33" count="0" type="stmt"/>
      <line num="37" count="0" type="stmt"/>
      <line num="40" count="0" type="stmt"/>
      <line num="44" count="0" type="stmt"/>
    </file>
    <file name="SpiralStorageAdapter.cjs" path="/opt/featherweight/FlappyJournal/server/consciousness/core/storage/SpiralStorageAdapter.cjs">
      <metrics statements="10" coveredstatements="8" conditionals="4" coveredconditionals="2" methods="12" coveredmethods="7"/>
      <line num="7" count="0" type="stmt"/>
      <line num="10" count="0" type="cond" truecount="0" falsecount="1"/>
      <line num="16" count="53" type="stmt"/>
      <line num="17" count="53" type="stmt"/>
      <line num="21" count="652" type="cond" truecount="2" falsecount="0"/>
      <line num="24" count="9263" type="stmt"/>
      <line num="27" count="205" type="stmt"/>
      <line num="30" count="1823" type="stmt"/>
      <line num="34" count="7" type="stmt"/>
      <line num="35" count="7" type="stmt"/>
    </file>
    <file name="SpiralStorageAdapter.ts" path="/opt/featherweight/FlappyJournal/server/consciousness/core/storage/SpiralStorageAdapter.ts">
      <metrics statements="12" coveredstatements="0" conditionals="8" coveredconditionals="0" methods="7" coveredmethods="0"/>
      <line num="5" count="0" type="stmt"/>
      <line num="16" count="0" type="stmt"/>
      <line num="19" count="0" type="stmt"/>
      <line num="20" count="0" type="cond" truecount="0" falsecount="5"/>
      <line num="21" count="0" type="stmt"/>
      <line num="23" count="0" type="stmt"/>
      <line num="26" count="0" type="cond" truecount="0" falsecount="2"/>
      <line num="27" count="0" type="stmt"/>
      <line num="28" count="0" type="stmt"/>
      <line num="30" count="0" type="stmt"/>
      <line num="34" count="0" type="stmt"/>
      <line num="37" count="0" type="stmt"/>
    </file>
  </project>
</coverage>
