{"/opt/featherweight/server/add-conversation-routes.ts": {"path":"/opt/featherweight/server/add-conversation-routes.ts","statementMap":{"0":{"start":{"line":13,"column":2},"end":{"line":113,"column":5}},"1":{"start":{"line":15,"column":4},"end":{"line":21,"column":5}},"2":{"start":{"line":16,"column":6},"end":{"line":20,"column":9}},"3":{"start":{"line":23,"column":4},"end":{"line":112,"column":5}},"4":{"start":{"line":24,"column":54},"end":{"line":24,"column":62}},"5":{"start":{"line":26,"column":6},"end":{"line":28,"column":7}},"6":{"start":{"line":27,"column":8},"end":{"line":27,"column":80}},"7":{"start":{"line":31,"column":32},"end":{"line":35,"column":17}},"8":{"start":{"line":38,"column":34},"end":{"line":42,"column":9}},"9":{"start":{"line":38,"column":65},"end":{"line":42,"column":7}},"10":{"start":{"line":45,"column":27},"end":{"line":45,"column":91}},"11":{"start":{"line":47,"column":38},"end":{"line":47,"column":42}},"12":{"start":{"line":48,"column":44},"end":{"line":48,"column":48}},"13":{"start":{"line":51,"column":6},"end":{"line":64,"column":7}},"14":{"start":{"line":52,"column":27},"end":{"line":52,"column":48}},"15":{"start":{"line":53,"column":8},"end":{"line":60,"column":9}},"16":{"start":{"line":54,"column":26},"end":{"line":54,"column":70}},"17":{"start":{"line":55,"column":10},"end":{"line":59,"column":11}},"18":{"start":{"line":56,"column":12},"end":{"line":56,"column":42}},"19":{"start":{"line":63,"column":8},"end":{"line":63,"column":112}},"20":{"start":{"line":67,"column":27},"end":{"line":70,"column":7}},"21":{"start":{"line":72,"column":6},"end":{"line":83,"column":7}},"22":{"start":{"line":73,"column":8},"end":{"line":82,"column":10}},"23":{"start":{"line":86,"column":29},"end":{"line":97,"column":20}},"24":{"start":{"line":100,"column":6},"end":{"line":105,"column":9}},"25":{"start":{"line":107,"column":6},"end":{"line":107,"column":61}},"26":{"start":{"line":108,"column":6},"end":{"line":111,"column":9}},"27":{"start":{"line":116,"column":2},"end":{"line":183,"column":5}},"28":{"start":{"line":118,"column":4},"end":{"line":120,"column":5}},"29":{"start":{"line":119,"column":6},"end":{"line":119,"column":63}},"30":{"start":{"line":122,"column":4},"end":{"line":182,"column":5}},"31":{"start":{"line":123,"column":51},"end":{"line":123,"column":59}},"32":{"start":{"line":125,"column":6},"end":{"line":127,"column":7}},"33":{"start":{"line":126,"column":8},"end":{"line":126,"column":80}},"34":{"start":{"line":130,"column":29},"end":{"line":134,"column":7}},"35":{"start":{"line":136,"column":6},"end":{"line":136,"column":87}},"36":{"start":{"line":139,"column":19},"end":{"line":139,"column":39}},"37":{"start":{"line":142,"column":19},"end":{"line":142,"column":38}},"38":{"start":{"line":145,"column":29},"end":{"line":155,"column":20}},"39":{"start":{"line":158,"column":6},"end":{"line":176,"column":7}},"40":{"start":{"line":159,"column":31},"end":{"line":167,"column":22}},"41":{"start":{"line":170,"column":8},"end":{"line":172,"column":56}},"42":{"start":{"line":175,"column":8},"end":{"line":175,"column":54}},"43":{"start":{"line":178,"column":6},"end":{"line":178,"column":48}},"44":{"start":{"line":180,"column":6},"end":{"line":180,"column":68}},"45":{"start":{"line":181,"column":6},"end":{"line":181,"column":81}},"46":{"start":{"line":186,"column":2},"end":{"line":202,"column":5}},"47":{"start":{"line":187,"column":4},"end":{"line":189,"column":5}},"48":{"start":{"line":188,"column":6},"end":{"line":188,"column":63}},"49":{"start":{"line":191,"column":4},"end":{"line":201,"column":5}},"50":{"start":{"line":192,"column":32},"end":{"line":195,"column":49}},"51":{"start":{"line":197,"column":6},"end":{"line":197,"column":41}},"52":{"start":{"line":199,"column":6},"end":{"line":199,"column":60}},"53":{"start":{"line":200,"column":6},"end":{"line":200,"column":80}},"54":{"start":{"line":205,"column":2},"end":{"line":255,"column":5}},"55":{"start":{"line":206,"column":4},"end":{"line":208,"column":5}},"56":{"start":{"line":207,"column":6},"end":{"line":207,"column":63}},"57":{"start":{"line":210,"column":4},"end":{"line":254,"column":5}},"58":{"start":{"line":211,"column":29},"end":{"line":211,"column":52}},"59":{"start":{"line":214,"column":29},"end":{"line":216,"column":52}},"60":{"start":{"line":218,"column":6},"end":{"line":220,"column":7}},"61":{"start":{"line":219,"column":8},"end":{"line":219,"column":75}},"62":{"start":{"line":222,"column":6},"end":{"line":224,"column":7}},"63":{"start":{"line":223,"column":8},"end":{"line":223,"column":62}},"64":{"start":{"line":226,"column":6},"end":{"line":228,"column":7}},"65":{"start":{"line":227,"column":8},"end":{"line":227,"column":101}},"66":{"start":{"line":231,"column":29},"end":{"line":239,"column":20}},"67":{"start":{"line":242,"column":36},"end":{"line":248,"column":20}},"68":{"start":{"line":250,"column":6},"end":{"line":250,"column":43}},"69":{"start":{"line":252,"column":6},"end":{"line":252,"column":68}},"70":{"start":{"line":253,"column":6},"end":{"line":253,"column":89}},"71":{"start":{"line":262,"column":19},"end":{"line":262,"column":28}},"72":{"start":{"line":263,"column":18},"end":{"line":263,"column":41}},"73":{"start":{"line":265,"column":2},"end":{"line":265,"column":26}},"74":{"start":{"line":265,"column":16},"end":{"line":265,"column":26}},"75":{"start":{"line":267,"column":2},"end":{"line":267,"column":70}},"76":{"start":{"line":267,"column":40},"end":{"line":267,"column":66}},"77":{"start":{"line":274,"column":23},"end":{"line":274,"column":44}},"78":{"start":{"line":277,"column":2},"end":{"line":293,"column":3}},"79":{"start":{"line":280,"column":4},"end":{"line":280,"column":19}},"80":{"start":{"line":281,"column":9},"end":{"line":293,"column":3}},"81":{"start":{"line":284,"column":4},"end":{"line":284,"column":18}},"82":{"start":{"line":285,"column":9},"end":{"line":293,"column":3}},"83":{"start":{"line":288,"column":4},"end":{"line":288,"column":17}},"84":{"start":{"line":289,"column":9},"end":{"line":293,"column":3}},"85":{"start":{"line":292,"column":4},"end":{"line":292,"column":24}},"86":{"start":{"line":295,"column":2},"end":{"line":295,"column":19}}},"fnMap":{"0":{"name":"addConversationRoutes","decl":{"start":{"line":11,"column":16},"end":{"line":11,"column":37}},"loc":{"start":{"line":11,"column":43},"end":{"line":256,"column":1}},"line":11},"1":{"name":"(anonymous_1)","decl":{"start":{"line":13,"column":32},"end":{"line":13,"column":33}},"loc":{"start":{"line":13,"column":52},"end":{"line":113,"column":3}},"line":13},"2":{"name":"(anonymous_2)","decl":{"start":{"line":38,"column":56},"end":{"line":38,"column":57}},"loc":{"start":{"line":38,"column":65},"end":{"line":42,"column":7}},"line":38},"3":{"name":"(anonymous_3)","decl":{"start":{"line":116,"column":39},"end":{"line":116,"column":40}},"loc":{"start":{"line":116,"column":59},"end":{"line":183,"column":3}},"line":116},"4":{"name":"(anonymous_4)","decl":{"start":{"line":186,"column":38},"end":{"line":186,"column":39}},"loc":{"start":{"line":186,"column":58},"end":{"line":202,"column":3}},"line":186},"5":{"name":"(anonymous_5)","decl":{"start":{"line":205,"column":56},"end":{"line":205,"column":57}},"loc":{"start":{"line":205,"column":76},"end":{"line":255,"column":3}},"line":205},"6":{"name":"extractTags","decl":{"start":{"line":261,"column":9},"end":{"line":261,"column":20}},"loc":{"start":{"line":261,"column":30},"end":{"line":268,"column":1}},"line":261},"7":{"name":"(anonymous_7)","decl":{"start":{"line":267,"column":33},"end":{"line":267,"column":34}},"loc":{"start":{"line":267,"column":40},"end":{"line":267,"column":66}},"line":267},"8":{"name":"detectMood","decl":{"start":{"line":273,"column":9},"end":{"line":273,"column":19}},"loc":{"start":{"line":273,"column":29},"end":{"line":296,"column":1}},"line":273}},"branchMap":{"0":{"loc":{"start":{"line":15,"column":4},"end":{"line":21,"column":5}},"type":"if","locations":[{"start":{"line":15,"column":4},"end":{"line":21,"column":5}},{"start":{},"end":{}}],"line":15},"1":{"loc":{"start":{"line":15,"column":8},"end":{"line":15,"column":43}},"type":"binary-expr","locations":[{"start":{"line":15,"column":8},"end":{"line":15,"column":30}},{"start":{"line":15,"column":34},"end":{"line":15,"column":43}}],"line":15},"2":{"loc":{"start":{"line":24,"column":23},"end":{"line":24,"column":49}},"type":"default-arg","locations":[{"start":{"line":24,"column":44},"end":{"line":24,"column":49}}],"line":24},"3":{"loc":{"start":{"line":26,"column":6},"end":{"line":28,"column":7}},"type":"if","locations":[{"start":{"line":26,"column":6},"end":{"line":28,"column":7}},{"start":{},"end":{}}],"line":26},"4":{"loc":{"start":{"line":26,"column":10},"end":{"line":26,"column":68}},"type":"binary-expr","locations":[{"start":{"line":26,"column":10},"end":{"line":26,"column":18}},{"start":{"line":26,"column":22},"end":{"line":26,"column":49}},{"start":{"line":26,"column":53},"end":{"line":26,"column":68}}],"line":26},"5":{"loc":{"start":{"line":53,"column":8},"end":{"line":60,"column":9}},"type":"if","locations":[{"start":{"line":53,"column":8},"end":{"line":60,"column":9}},{"start":{},"end":{}}],"line":53},"6":{"loc":{"start":{"line":55,"column":10},"end":{"line":59,"column":11}},"type":"if","locations":[{"start":{"line":55,"column":10},"end":{"line":59,"column":11}},{"start":{},"end":{}}],"line":55},"7":{"loc":{"start":{"line":55,"column":14},"end":{"line":55,"column":41}},"type":"binary-expr","locations":[{"start":{"line":55,"column":14},"end":{"line":55,"column":21}},{"start":{"line":55,"column":25},"end":{"line":55,"column":41}}],"line":55},"8":{"loc":{"start":{"line":72,"column":6},"end":{"line":83,"column":7}},"type":"if","locations":[{"start":{"line":72,"column":6},"end":{"line":83,"column":7}},{"start":{},"end":{}}],"line":72},"9":{"loc":{"start":{"line":95,"column":28},"end":{"line":95,"column":67}},"type":"binary-expr","locations":[{"start":{"line":95,"column":28},"end":{"line":95,"column":59}},{"start":{"line":95,"column":63},"end":{"line":95,"column":67}}],"line":95},"10":{"loc":{"start":{"line":118,"column":4},"end":{"line":120,"column":5}},"type":"if","locations":[{"start":{"line":118,"column":4},"end":{"line":120,"column":5}},{"start":{},"end":{}}],"line":118},"11":{"loc":{"start":{"line":123,"column":23},"end":{"line":123,"column":46}},"type":"default-arg","locations":[{"start":{"line":123,"column":41},"end":{"line":123,"column":46}}],"line":123},"12":{"loc":{"start":{"line":125,"column":6},"end":{"line":127,"column":7}},"type":"if","locations":[{"start":{"line":125,"column":6},"end":{"line":127,"column":7}},{"start":{},"end":{}}],"line":125},"13":{"loc":{"start":{"line":125,"column":10},"end":{"line":125,"column":68}},"type":"binary-expr","locations":[{"start":{"line":125,"column":10},"end":{"line":125,"column":18}},{"start":{"line":125,"column":22},"end":{"line":125,"column":49}},{"start":{"line":125,"column":53},"end":{"line":125,"column":68}}],"line":125},"14":{"loc":{"start":{"line":131,"column":8},"end":{"line":131,"column":65}},"type":"cond-expr","locations":[{"start":{"line":131,"column":26},"end":{"line":131,"column":43}},{"start":{"line":131,"column":46},"end":{"line":131,"column":65}}],"line":131},"15":{"loc":{"start":{"line":150,"column":28},"end":{"line":150,"column":67}},"type":"cond-expr","locations":[{"start":{"line":150,"column":46},"end":{"line":150,"column":55}},{"start":{"line":150,"column":58},"end":{"line":150,"column":67}}],"line":150},"16":{"loc":{"start":{"line":158,"column":6},"end":{"line":176,"column":7}},"type":"if","locations":[{"start":{"line":158,"column":6},"end":{"line":176,"column":7}},{"start":{},"end":{}}],"line":158},"17":{"loc":{"start":{"line":162,"column":19},"end":{"line":162,"column":95}},"type":"binary-expr","locations":[{"start":{"line":162,"column":19},"end":{"line":162,"column":41}},{"start":{"line":162,"column":45},"end":{"line":162,"column":95}}],"line":162},"18":{"loc":{"start":{"line":187,"column":4},"end":{"line":189,"column":5}},"type":"if","locations":[{"start":{"line":187,"column":4},"end":{"line":189,"column":5}},{"start":{},"end":{}}],"line":187},"19":{"loc":{"start":{"line":206,"column":4},"end":{"line":208,"column":5}},"type":"if","locations":[{"start":{"line":206,"column":4},"end":{"line":208,"column":5}},{"start":{},"end":{}}],"line":206},"20":{"loc":{"start":{"line":218,"column":6},"end":{"line":220,"column":7}},"type":"if","locations":[{"start":{"line":218,"column":6},"end":{"line":220,"column":7}},{"start":{},"end":{}}],"line":218},"21":{"loc":{"start":{"line":222,"column":6},"end":{"line":224,"column":7}},"type":"if","locations":[{"start":{"line":222,"column":6},"end":{"line":224,"column":7}},{"start":{},"end":{}}],"line":222},"22":{"loc":{"start":{"line":226,"column":6},"end":{"line":228,"column":7}},"type":"if","locations":[{"start":{"line":226,"column":6},"end":{"line":228,"column":7}},{"start":{},"end":{}}],"line":226},"23":{"loc":{"start":{"line":236,"column":16},"end":{"line":236,"column":46}},"type":"binary-expr","locations":[{"start":{"line":236,"column":16},"end":{"line":236,"column":33}},{"start":{"line":236,"column":37},"end":{"line":236,"column":46}}],"line":236},"24":{"loc":{"start":{"line":237,"column":16},"end":{"line":237,"column":46}},"type":"binary-expr","locations":[{"start":{"line":237,"column":16},"end":{"line":237,"column":40}},{"start":{"line":237,"column":44},"end":{"line":237,"column":46}}],"line":237},"25":{"loc":{"start":{"line":265,"column":2},"end":{"line":265,"column":26}},"type":"if","locations":[{"start":{"line":265,"column":2},"end":{"line":265,"column":26}},{"start":{},"end":{}}],"line":265},"26":{"loc":{"start":{"line":277,"column":2},"end":{"line":293,"column":3}},"type":"if","locations":[{"start":{"line":277,"column":2},"end":{"line":293,"column":3}},{"start":{"line":281,"column":9},"end":{"line":293,"column":3}}],"line":277},"27":{"loc":{"start":{"line":277,"column":6},"end":{"line":279,"column":38}},"type":"binary-expr","locations":[{"start":{"line":277,"column":6},"end":{"line":277,"column":36}},{"start":{"line":278,"column":6},"end":{"line":278,"column":34}},{"start":{"line":279,"column":6},"end":{"line":279,"column":38}}],"line":277},"28":{"loc":{"start":{"line":281,"column":9},"end":{"line":293,"column":3}},"type":"if","locations":[{"start":{"line":281,"column":9},"end":{"line":293,"column":3}},{"start":{"line":285,"column":9},"end":{"line":293,"column":3}}],"line":281},"29":{"loc":{"start":{"line":281,"column":13},"end":{"line":283,"column":45}},"type":"binary-expr","locations":[{"start":{"line":281,"column":13},"end":{"line":281,"column":42}},{"start":{"line":282,"column":13},"end":{"line":282,"column":46}},{"start":{"line":283,"column":13},"end":{"line":283,"column":45}}],"line":281},"30":{"loc":{"start":{"line":285,"column":9},"end":{"line":293,"column":3}},"type":"if","locations":[{"start":{"line":285,"column":9},"end":{"line":293,"column":3}},{"start":{"line":289,"column":9},"end":{"line":293,"column":3}}],"line":285},"31":{"loc":{"start":{"line":285,"column":13},"end":{"line":287,"column":47}},"type":"binary-expr","locations":[{"start":{"line":285,"column":13},"end":{"line":285,"column":41}},{"start":{"line":286,"column":13},"end":{"line":286,"column":45}},{"start":{"line":287,"column":13},"end":{"line":287,"column":47}}],"line":285},"32":{"loc":{"start":{"line":289,"column":9},"end":{"line":293,"column":3}},"type":"if","locations":[{"start":{"line":289,"column":9},"end":{"line":293,"column":3}},{"start":{},"end":{}}],"line":289},"33":{"loc":{"start":{"line":289,"column":13},"end":{"line":291,"column":45}},"type":"binary-expr","locations":[{"start":{"line":289,"column":13},"end":{"line":289,"column":43}},{"start":{"line":290,"column":13},"end":{"line":290,"column":48}},{"start":{"line":291,"column":13},"end":{"line":291,"column":45}}],"line":289}},"s":{"0":0,"1":0,"2":0,"3":0,"4":0,"5":0,"6":0,"7":0,"8":0,"9":0,"10":0,"11":0,"12":0,"13":0,"14":0,"15":0,"16":0,"17":0,"18":0,"19":0,"20":0,"21":0,"22":0,"23":0,"24":0,"25":0,"26":0,"27":0,"28":0,"29":0,"30":0,"31":0,"32":0,"33":0,"34":0,"35":0,"36":0,"37":0,"38":0,"39":0,"40":0,"41":0,"42":0,"43":0,"44":0,"45":0,"46":0,"47":0,"48":0,"49":0,"50":0,"51":0,"52":0,"53":0,"54":0,"55":0,"56":0,"57":0,"58":0,"59":0,"60":0,"61":0,"62":0,"63":0,"64":0,"65":0,"66":0,"67":0,"68":0,"69":0,"70":0,"71":0,"72":0,"73":0,"74":0,"75":0,"76":0,"77":0,"78":0,"79":0,"80":0,"81":0,"82":0,"83":0,"84":0,"85":0,"86":0},"f":{"0":0,"1":0,"2":0,"3":0,"4":0,"5":0,"6":0,"7":0,"8":0},"b":{"0":[0,0],"1":[0,0],"2":[0],"3":[0,0],"4":[0,0,0],"5":[0,0],"6":[0,0],"7":[0,0],"8":[0,0],"9":[0,0],"10":[0,0],"11":[0],"12":[0,0],"13":[0,0,0],"14":[0,0],"15":[0,0],"16":[0,0],"17":[0,0],"18":[0,0],"19":[0,0],"20":[0,0],"21":[0,0],"22":[0,0],"23":[0,0],"24":[0,0],"25":[0,0],"26":[0,0],"27":[0,0,0],"28":[0,0],"29":[0,0,0],"30":[0,0],"31":[0,0,0],"32":[0,0],"33":[0,0,0]}}
,"/opt/featherweight/server/auth.ts": {"path":"/opt/featherweight/server/auth.ts","statementMap":{"0":{"start":{"line":17,"column":20},"end":{"line":17,"column":37}},"1":{"start":{"line":20,"column":15},"end":{"line":20,"column":46}},"2":{"start":{"line":21,"column":14},"end":{"line":21,"column":63}},"3":{"start":{"line":22,"column":2},"end":{"line":22,"column":42}},"4":{"start":{"line":26,"column":25},"end":{"line":26,"column":42}},"5":{"start":{"line":27,"column":20},"end":{"line":27,"column":46}},"6":{"start":{"line":28,"column":22},"end":{"line":28,"column":71}},"7":{"start":{"line":29,"column":2},"end":{"line":29,"column":49}},"8":{"start":{"line":33,"column":50},"end":{"line":41,"column":3}},"9":{"start":{"line":43,"column":2},"end":{"line":43,"column":28}},"10":{"start":{"line":44,"column":2},"end":{"line":44,"column":36}},"11":{"start":{"line":45,"column":2},"end":{"line":45,"column":33}},"12":{"start":{"line":46,"column":2},"end":{"line":46,"column":30}},"13":{"start":{"line":48,"column":2},"end":{"line":63,"column":4}},"14":{"start":{"line":52,"column":8},"end":{"line":61,"column":9}},"15":{"start":{"line":53,"column":23},"end":{"line":53,"column":58}},"16":{"start":{"line":54,"column":10},"end":{"line":58,"column":11}},"17":{"start":{"line":55,"column":12},"end":{"line":55,"column":37}},"18":{"start":{"line":57,"column":12},"end":{"line":57,"column":36}},"19":{"start":{"line":60,"column":10},"end":{"line":60,"column":29}},"20":{"start":{"line":65,"column":2},"end":{"line":65,"column":62}},"21":{"start":{"line":65,"column":41},"end":{"line":65,"column":60}},"22":{"start":{"line":66,"column":2},"end":{"line":73,"column":5}},"23":{"start":{"line":67,"column":4},"end":{"line":72,"column":5}},"24":{"start":{"line":68,"column":19},"end":{"line":68,"column":44}},"25":{"start":{"line":69,"column":6},"end":{"line":69,"column":23}},"26":{"start":{"line":71,"column":6},"end":{"line":71,"column":18}},"27":{"start":{"line":75,"column":2},"end":{"line":112,"column":5}},"28":{"start":{"line":76,"column":4},"end":{"line":111,"column":5}},"29":{"start":{"line":77,"column":37},"end":{"line":77,"column":87}},"30":{"start":{"line":78,"column":6},"end":{"line":80,"column":7}},"31":{"start":{"line":79,"column":8},"end":{"line":79,"column":76}},"32":{"start":{"line":82,"column":34},"end":{"line":82,"column":78}},"33":{"start":{"line":83,"column":6},"end":{"line":85,"column":7}},"34":{"start":{"line":84,"column":8},"end":{"line":84,"column":73}},"35":{"start":{"line":88,"column":23},"end":{"line":92,"column":7}},"36":{"start":{"line":94,"column":19},"end":{"line":94,"column":53}},"37":{"start":{"line":97,"column":6},"end":{"line":103,"column":7}},"38":{"start":{"line":98,"column":8},"end":{"line":98,"column":80}},"39":{"start":{"line":99,"column":8},"end":{"line":99,"column":88}},"40":{"start":{"line":101,"column":8},"end":{"line":101,"column":67}},"41":{"start":{"line":105,"column":6},"end":{"line":108,"column":9}},"42":{"start":{"line":106,"column":8},"end":{"line":106,"column":34}},"43":{"start":{"line":106,"column":17},"end":{"line":106,"column":34}},"44":{"start":{"line":107,"column":8},"end":{"line":107,"column":35}},"45":{"start":{"line":110,"column":6},"end":{"line":110,"column":18}},"46":{"start":{"line":114,"column":2},"end":{"line":124,"column":5}},"47":{"start":{"line":115,"column":4},"end":{"line":123,"column":23}},"48":{"start":{"line":116,"column":6},"end":{"line":116,"column":32}},"49":{"start":{"line":116,"column":15},"end":{"line":116,"column":32}},"50":{"start":{"line":117,"column":6},"end":{"line":117,"column":87}},"51":{"start":{"line":117,"column":17},"end":{"line":117,"column":87}},"52":{"start":{"line":119,"column":6},"end":{"line":122,"column":9}},"53":{"start":{"line":120,"column":8},"end":{"line":120,"column":34}},"54":{"start":{"line":120,"column":17},"end":{"line":120,"column":34}},"55":{"start":{"line":121,"column":8},"end":{"line":121,"column":35}},"56":{"start":{"line":126,"column":2},"end":{"line":131,"column":5}},"57":{"start":{"line":127,"column":4},"end":{"line":130,"column":7}},"58":{"start":{"line":128,"column":6},"end":{"line":128,"column":32}},"59":{"start":{"line":128,"column":15},"end":{"line":128,"column":32}},"60":{"start":{"line":129,"column":6},"end":{"line":129,"column":26}},"61":{"start":{"line":133,"column":2},"end":{"line":139,"column":5}},"62":{"start":{"line":134,"column":4},"end":{"line":134,"column":59}},"63":{"start":{"line":134,"column":32},"end":{"line":134,"column":59}},"64":{"start":{"line":137,"column":34},"end":{"line":137,"column":56}},"65":{"start":{"line":138,"column":4},"end":{"line":138,"column":19}}},"fnMap":{"0":{"name":"hashPassword","decl":{"start":{"line":19,"column":22},"end":{"line":19,"column":34}},"loc":{"start":{"line":19,"column":53},"end":{"line":23,"column":1}},"line":19},"1":{"name":"comparePasswords","decl":{"start":{"line":25,"column":15},"end":{"line":25,"column":31}},"loc":{"start":{"line":25,"column":66},"end":{"line":30,"column":1}},"line":25},"2":{"name":"setupAuth","decl":{"start":{"line":32,"column":16},"end":{"line":32,"column":25}},"loc":{"start":{"line":32,"column":40},"end":{"line":140,"column":1}},"line":32},"3":{"name":"(anonymous_3)","decl":{"start":{"line":51,"column":6},"end":{"line":51,"column":7}},"loc":{"start":{"line":51,"column":39},"end":{"line":62,"column":5}},"line":51},"4":{"name":"(anonymous_4)","decl":{"start":{"line":65,"column":25},"end":{"line":65,"column":26}},"loc":{"start":{"line":65,"column":41},"end":{"line":65,"column":60}},"line":65},"5":{"name":"(anonymous_5)","decl":{"start":{"line":66,"column":27},"end":{"line":66,"column":28}},"loc":{"start":{"line":66,"column":55},"end":{"line":73,"column":3}},"line":66},"6":{"name":"(anonymous_6)","decl":{"start":{"line":75,"column":28},"end":{"line":75,"column":29}},"loc":{"start":{"line":75,"column":54},"end":{"line":112,"column":3}},"line":75},"7":{"name":"(anonymous_7)","decl":{"start":{"line":105,"column":22},"end":{"line":105,"column":23}},"loc":{"start":{"line":105,"column":31},"end":{"line":108,"column":7}},"line":105},"8":{"name":"(anonymous_8)","decl":{"start":{"line":114,"column":25},"end":{"line":114,"column":26}},"loc":{"start":{"line":114,"column":45},"end":{"line":124,"column":3}},"line":114},"9":{"name":"(anonymous_9)","decl":{"start":{"line":115,"column":35},"end":{"line":115,"column":36}},"loc":{"start":{"line":115,"column":80},"end":{"line":123,"column":5}},"line":115},"10":{"name":"(anonymous_10)","decl":{"start":{"line":119,"column":22},"end":{"line":119,"column":23}},"loc":{"start":{"line":119,"column":31},"end":{"line":122,"column":7}},"line":119},"11":{"name":"(anonymous_11)","decl":{"start":{"line":126,"column":26},"end":{"line":126,"column":27}},"loc":{"start":{"line":126,"column":46},"end":{"line":131,"column":3}},"line":126},"12":{"name":"(anonymous_12)","decl":{"start":{"line":127,"column":15},"end":{"line":127,"column":16}},"loc":{"start":{"line":127,"column":24},"end":{"line":130,"column":5}},"line":127},"13":{"name":"(anonymous_13)","decl":{"start":{"line":133,"column":23},"end":{"line":133,"column":24}},"loc":{"start":{"line":133,"column":37},"end":{"line":139,"column":3}},"line":133}},"branchMap":{"0":{"loc":{"start":{"line":34,"column":12},"end":{"line":34,"column":73}},"type":"binary-expr","locations":[{"start":{"line":34,"column":12},"end":{"line":34,"column":38}},{"start":{"line":34,"column":42},"end":{"line":34,"column":73}}],"line":34},"1":{"loc":{"start":{"line":54,"column":10},"end":{"line":58,"column":11}},"type":"if","locations":[{"start":{"line":54,"column":10},"end":{"line":58,"column":11}},{"start":{"line":56,"column":17},"end":{"line":58,"column":11}}],"line":54},"2":{"loc":{"start":{"line":54,"column":14},"end":{"line":54,"column":73}},"type":"binary-expr","locations":[{"start":{"line":54,"column":14},"end":{"line":54,"column":19}},{"start":{"line":54,"column":23},"end":{"line":54,"column":73}}],"line":54},"3":{"loc":{"start":{"line":78,"column":6},"end":{"line":80,"column":7}},"type":"if","locations":[{"start":{"line":78,"column":6},"end":{"line":80,"column":7}},{"start":{},"end":{}}],"line":78},"4":{"loc":{"start":{"line":83,"column":6},"end":{"line":85,"column":7}},"type":"if","locations":[{"start":{"line":83,"column":6},"end":{"line":85,"column":7}},{"start":{},"end":{}}],"line":83},"5":{"loc":{"start":{"line":106,"column":8},"end":{"line":106,"column":34}},"type":"if","locations":[{"start":{"line":106,"column":8},"end":{"line":106,"column":34}},{"start":{},"end":{}}],"line":106},"6":{"loc":{"start":{"line":116,"column":6},"end":{"line":116,"column":32}},"type":"if","locations":[{"start":{"line":116,"column":6},"end":{"line":116,"column":32}},{"start":{},"end":{}}],"line":116},"7":{"loc":{"start":{"line":117,"column":6},"end":{"line":117,"column":87}},"type":"if","locations":[{"start":{"line":117,"column":6},"end":{"line":117,"column":87}},{"start":{},"end":{}}],"line":117},"8":{"loc":{"start":{"line":120,"column":8},"end":{"line":120,"column":34}},"type":"if","locations":[{"start":{"line":120,"column":8},"end":{"line":120,"column":34}},{"start":{},"end":{}}],"line":120},"9":{"loc":{"start":{"line":128,"column":6},"end":{"line":128,"column":32}},"type":"if","locations":[{"start":{"line":128,"column":6},"end":{"line":128,"column":32}},{"start":{},"end":{}}],"line":128},"10":{"loc":{"start":{"line":134,"column":4},"end":{"line":134,"column":59}},"type":"if","locations":[{"start":{"line":134,"column":4},"end":{"line":134,"column":59}},{"start":{},"end":{}}],"line":134}},"s":{"0":0,"1":0,"2":0,"3":0,"4":0,"5":0,"6":0,"7":0,"8":0,"9":0,"10":0,"11":0,"12":0,"13":0,"14":0,"15":0,"16":0,"17":0,"18":0,"19":0,"20":0,"21":0,"22":0,"23":0,"24":0,"25":0,"26":0,"27":0,"28":0,"29":0,"30":0,"31":0,"32":0,"33":0,"34":0,"35":0,"36":0,"37":0,"38":0,"39":0,"40":0,"41":0,"42":0,"43":0,"44":0,"45":0,"46":0,"47":0,"48":0,"49":0,"50":0,"51":0,"52":0,"53":0,"54":0,"55":0,"56":0,"57":0,"58":0,"59":0,"60":0,"61":0,"62":0,"63":0,"64":0,"65":0},"f":{"0":0,"1":0,"2":0,"3":0,"4":0,"5":0,"6":0,"7":0,"8":0,"9":0,"10":0,"11":0,"12":0,"13":0},"b":{"0":[0,0],"1":[0,0],"2":[0,0],"3":[0,0],"4":[0,0],"5":[0,0],"6":[0,0],"7":[0,0],"8":[0,0],"9":[0,0],"10":[0,0]}}
,"/opt/featherweight/server/chat-aggregator.ts": {"path":"/opt/featherweight/server/chat-aggregator.ts","statementMap":{"0":{"start":{"line":3,"column":30},"end":{"line":3,"column":34}},"1":{"start":{"line":4,"column":43},"end":{"line":4,"column":47}},"2":{"start":{"line":5,"column":27},"end":{"line":5,"column":31}},"3":{"start":{"line":8,"column":2},"end":{"line":8,"column":52}},"4":{"start":{"line":8,"column":26},"end":{"line":8,"column":52}},"5":{"start":{"line":9,"column":2},"end":{"line":9,"column":35}},"6":{"start":{"line":9,"column":23},"end":{"line":9,"column":35}},"7":{"start":{"line":11,"column":2},"end":{"line":28,"column":3}},"8":{"start":{"line":12,"column":4},"end":{"line":27,"column":9}},"9":{"start":{"line":13,"column":6},"end":{"line":26,"column":7}},"10":{"start":{"line":14,"column":25},"end":{"line":18,"column":10}},"11":{"start":{"line":19,"column":8},"end":{"line":19,"column":36}},"12":{"start":{"line":20,"column":8},"end":{"line":20,"column":38}},"13":{"start":{"line":21,"column":8},"end":{"line":21,"column":24}},"14":{"start":{"line":23,"column":8},"end":{"line":23,"column":94}},"15":{"start":{"line":24,"column":8},"end":{"line":24,"column":32}},"16":{"start":{"line":25,"column":8},"end":{"line":25,"column":20}},"17":{"start":{"line":29,"column":2},"end":{"line":29,"column":25}}},"fnMap":{"0":{"name":"getAggregator","decl":{"start":{"line":7,"column":22},"end":{"line":7,"column":35}},"loc":{"start":{"line":7,"column":59},"end":{"line":30,"column":1}},"line":7},"1":{"name":"(anonymous_1)","decl":{"start":{"line":12,"column":23},"end":{"line":12,"column":24}},"loc":{"start":{"line":12,"column":35},"end":{"line":27,"column":5}},"line":12}},"branchMap":{"0":{"loc":{"start":{"line":8,"column":2},"end":{"line":8,"column":52}},"type":"if","locations":[{"start":{"line":8,"column":2},"end":{"line":8,"column":52}},{"start":{},"end":{}}],"line":8},"1":{"loc":{"start":{"line":9,"column":2},"end":{"line":9,"column":35}},"type":"if","locations":[{"start":{"line":9,"column":2},"end":{"line":9,"column":35}},{"start":{},"end":{}}],"line":9},"2":{"loc":{"start":{"line":11,"column":2},"end":{"line":28,"column":3}},"type":"if","locations":[{"start":{"line":11,"column":2},"end":{"line":28,"column":3}},{"start":{},"end":{}}],"line":11}},"s":{"0":0,"1":0,"2":0,"3":0,"4":0,"5":0,"6":0,"7":0,"8":0,"9":0,"10":0,"11":0,"12":0,"13":0,"14":0,"15":0,"16":0,"17":0},"f":{"0":0,"1":0},"b":{"0":[0,0],"1":[0,0],"2":[0,0]}}
,"/opt/featherweight/server/database-storage.ts": {"path":"/opt/featherweight/server/database-storage.ts","statementMap":{"0":{"start":{"line":18,"column":29},"end":{"line":18,"column":47}},"1":{"start":{"line":24,"column":4},"end":{"line":27,"column":7}},"2":{"start":{"line":31,"column":4},"end":{"line":38,"column":5}},"3":{"start":{"line":33,"column":23},"end":{"line":33,"column":52}},"4":{"start":{"line":34,"column":6},"end":{"line":34,"column":22}},"5":{"start":{"line":36,"column":6},"end":{"line":36,"column":55}},"6":{"start":{"line":37,"column":6},"end":{"line":37,"column":16}},"7":{"start":{"line":42,"column":4},"end":{"line":49,"column":5}},"8":{"start":{"line":44,"column":21},"end":{"line":44,"column":74}},"9":{"start":{"line":45,"column":6},"end":{"line":45,"column":18}},"10":{"start":{"line":47,"column":6},"end":{"line":47,"column":56}},"11":{"start":{"line":48,"column":6},"end":{"line":48,"column":23}},"12":{"start":{"line":53,"column":4},"end":{"line":60,"column":5}},"13":{"start":{"line":55,"column":21},"end":{"line":55,"column":86}},"14":{"start":{"line":56,"column":6},"end":{"line":56,"column":18}},"15":{"start":{"line":58,"column":6},"end":{"line":58,"column":62}},"16":{"start":{"line":59,"column":6},"end":{"line":59,"column":23}},"17":{"start":{"line":64,"column":4},"end":{"line":71,"column":5}},"18":{"start":{"line":66,"column":21},"end":{"line":66,"column":80}},"19":{"start":{"line":67,"column":6},"end":{"line":67,"column":18}},"20":{"start":{"line":69,"column":6},"end":{"line":69,"column":59}},"21":{"start":{"line":70,"column":6},"end":{"line":70,"column":23}},"22":{"start":{"line":75,"column":4},"end":{"line":89,"column":5}},"23":{"start":{"line":78,"column":21},"end":{"line":82,"column":23}},"24":{"start":{"line":84,"column":6},"end":{"line":84,"column":48}},"25":{"start":{"line":86,"column":6},"end":{"line":86,"column":66}},"26":{"start":{"line":88,"column":6},"end":{"line":88,"column":23}},"27":{"start":{"line":93,"column":54},"end":{"line":98,"column":5}},"28":{"start":{"line":100,"column":4},"end":{"line":121,"column":5}},"29":{"start":{"line":102,"column":21},"end":{"line":111,"column":8}},"30":{"start":{"line":113,"column":6},"end":{"line":117,"column":7}},"31":{"start":{"line":114,"column":8},"end":{"line":114,"column":38}},"32":{"start":{"line":116,"column":8},"end":{"line":116,"column":49}},"33":{"start":{"line":119,"column":6},"end":{"line":119,"column":51}},"34":{"start":{"line":120,"column":6},"end":{"line":120,"column":18}},"35":{"start":{"line":131,"column":4},"end":{"line":182,"column":5}},"36":{"start":{"line":133,"column":19},"end":{"line":133,"column":45}},"37":{"start":{"line":134,"column":6},"end":{"line":136,"column":7}},"38":{"start":{"line":135,"column":8},"end":{"line":135,"column":60}},"39":{"start":{"line":139,"column":33},"end":{"line":139,"column":74}},"40":{"start":{"line":142,"column":32},"end":{"line":155,"column":7}},"41":{"start":{"line":158,"column":21},"end":{"line":172,"column":7}},"42":{"start":{"line":174,"column":6},"end":{"line":178,"column":7}},"43":{"start":{"line":175,"column":8},"end":{"line":175,"column":30}},"44":{"start":{"line":177,"column":8},"end":{"line":177,"column":67}},"45":{"start":{"line":180,"column":6},"end":{"line":180,"column":59}},"46":{"start":{"line":181,"column":6},"end":{"line":181,"column":18}},"47":{"start":{"line":186,"column":17},"end":{"line":186,"column":43}},"48":{"start":{"line":187,"column":4},"end":{"line":189,"column":5}},"49":{"start":{"line":188,"column":6},"end":{"line":188,"column":58}},"50":{"start":{"line":191,"column":4},"end":{"line":215,"column":5}},"51":{"start":{"line":192,"column":33},"end":{"line":195,"column":7}},"52":{"start":{"line":198,"column":21},"end":{"line":205,"column":38}},"53":{"start":{"line":207,"column":6},"end":{"line":211,"column":7}},"54":{"start":{"line":208,"column":8},"end":{"line":208,"column":38}},"55":{"start":{"line":210,"column":8},"end":{"line":210,"column":61}},"56":{"start":{"line":213,"column":6},"end":{"line":213,"column":63}},"57":{"start":{"line":214,"column":6},"end":{"line":214,"column":18}},"58":{"start":{"line":219,"column":17},"end":{"line":219,"column":43}},"59":{"start":{"line":220,"column":4},"end":{"line":222,"column":5}},"60":{"start":{"line":221,"column":6},"end":{"line":221,"column":58}},"61":{"start":{"line":224,"column":4},"end":{"line":245,"column":5}},"62":{"start":{"line":226,"column":30},"end":{"line":226,"column":78}},"63":{"start":{"line":227,"column":21},"end":{"line":235,"column":46}},"64":{"start":{"line":237,"column":6},"end":{"line":241,"column":7}},"65":{"start":{"line":238,"column":8},"end":{"line":238,"column":38}},"66":{"start":{"line":240,"column":8},"end":{"line":240,"column":62}},"67":{"start":{"line":243,"column":6},"end":{"line":243,"column":64}},"68":{"start":{"line":244,"column":6},"end":{"line":244,"column":18}},"69":{"start":{"line":249,"column":17},"end":{"line":249,"column":43}},"70":{"start":{"line":250,"column":4},"end":{"line":252,"column":5}},"71":{"start":{"line":251,"column":6},"end":{"line":251,"column":58}},"72":{"start":{"line":254,"column":4},"end":{"line":280,"column":5}},"73":{"start":{"line":256,"column":33},"end":{"line":256,"column":55}},"74":{"start":{"line":257,"column":33},"end":{"line":260,"column":7}},"75":{"start":{"line":263,"column":21},"end":{"line":270,"column":38}},"76":{"start":{"line":272,"column":6},"end":{"line":276,"column":7}},"77":{"start":{"line":273,"column":8},"end":{"line":273,"column":38}},"78":{"start":{"line":275,"column":8},"end":{"line":275,"column":62}},"79":{"start":{"line":278,"column":6},"end":{"line":278,"column":64}},"80":{"start":{"line":279,"column":6},"end":{"line":279,"column":18}},"81":{"start":{"line":284,"column":17},"end":{"line":284,"column":43}},"82":{"start":{"line":285,"column":4},"end":{"line":287,"column":5}},"83":{"start":{"line":286,"column":6},"end":{"line":286,"column":58}},"84":{"start":{"line":289,"column":4},"end":{"line":308,"column":5}},"85":{"start":{"line":291,"column":21},"end":{"line":298,"column":36}},"86":{"start":{"line":300,"column":6},"end":{"line":304,"column":7}},"87":{"start":{"line":301,"column":8},"end":{"line":301,"column":38}},"88":{"start":{"line":303,"column":8},"end":{"line":303,"column":68}},"89":{"start":{"line":306,"column":6},"end":{"line":306,"column":70}},"90":{"start":{"line":307,"column":6},"end":{"line":307,"column":18}},"91":{"start":{"line":312,"column":17},"end":{"line":312,"column":43}},"92":{"start":{"line":313,"column":4},"end":{"line":315,"column":5}},"93":{"start":{"line":314,"column":6},"end":{"line":314,"column":58}},"94":{"start":{"line":317,"column":4},"end":{"line":336,"column":5}},"95":{"start":{"line":319,"column":21},"end":{"line":326,"column":40}},"96":{"start":{"line":328,"column":6},"end":{"line":332,"column":7}},"97":{"start":{"line":329,"column":8},"end":{"line":329,"column":38}},"98":{"start":{"line":331,"column":8},"end":{"line":331,"column":72}},"99":{"start":{"line":334,"column":6},"end":{"line":334,"column":74}},"100":{"start":{"line":335,"column":6},"end":{"line":335,"column":18}},"101":{"start":{"line":340,"column":17},"end":{"line":340,"column":43}},"102":{"start":{"line":341,"column":4},"end":{"line":343,"column":5}},"103":{"start":{"line":342,"column":6},"end":{"line":342,"column":58}},"104":{"start":{"line":345,"column":4},"end":{"line":364,"column":5}},"105":{"start":{"line":347,"column":21},"end":{"line":354,"column":34}},"106":{"start":{"line":356,"column":6},"end":{"line":360,"column":7}},"107":{"start":{"line":357,"column":8},"end":{"line":357,"column":38}},"108":{"start":{"line":359,"column":8},"end":{"line":359,"column":65}},"109":{"start":{"line":362,"column":6},"end":{"line":362,"column":67}},"110":{"start":{"line":363,"column":6},"end":{"line":363,"column":18}},"111":{"start":{"line":369,"column":4},"end":{"line":378,"column":5}},"112":{"start":{"line":370,"column":22},"end":{"line":372,"column":49}},"113":{"start":{"line":374,"column":6},"end":{"line":374,"column":21}},"114":{"start":{"line":376,"column":6},"end":{"line":376,"column":62}},"115":{"start":{"line":377,"column":6},"end":{"line":377,"column":18}},"116":{"start":{"line":382,"column":4},"end":{"line":391,"column":5}},"117":{"start":{"line":383,"column":23},"end":{"line":385,"column":41}},"118":{"start":{"line":387,"column":6},"end":{"line":387,"column":20}},"119":{"start":{"line":389,"column":6},"end":{"line":389,"column":61}},"120":{"start":{"line":390,"column":6},"end":{"line":390,"column":18}},"121":{"start":{"line":395,"column":4},"end":{"line":404,"column":5}},"122":{"start":{"line":396,"column":30},"end":{"line":398,"column":20}},"123":{"start":{"line":400,"column":6},"end":{"line":400,"column":27}},"124":{"start":{"line":402,"column":6},"end":{"line":402,"column":61}},"125":{"start":{"line":403,"column":6},"end":{"line":403,"column":18}},"126":{"start":{"line":408,"column":4},"end":{"line":435,"column":5}},"127":{"start":{"line":410,"column":21},"end":{"line":410,"column":52}},"128":{"start":{"line":411,"column":6},"end":{"line":413,"column":7}},"129":{"start":{"line":412,"column":8},"end":{"line":412,"column":25}},"130":{"start":{"line":416,"column":6},"end":{"line":423,"column":7}},"131":{"start":{"line":417,"column":8},"end":{"line":422,"column":13}},"132":{"start":{"line":426,"column":30},"end":{"line":429,"column":20}},"133":{"start":{"line":431,"column":6},"end":{"line":431,"column":27}},"134":{"start":{"line":433,"column":6},"end":{"line":433,"column":76}},"135":{"start":{"line":434,"column":6},"end":{"line":434,"column":18}},"136":{"start":{"line":439,"column":4},"end":{"line":448,"column":5}},"137":{"start":{"line":440,"column":21},"end":{"line":442,"column":45}},"138":{"start":{"line":444,"column":6},"end":{"line":444,"column":31}},"139":{"start":{"line":446,"column":6},"end":{"line":446,"column":61}},"140":{"start":{"line":447,"column":6},"end":{"line":447,"column":18}},"141":{"start":{"line":453,"column":4},"end":{"line":463,"column":5}},"142":{"start":{"line":454,"column":27},"end":{"line":457,"column":47}},"143":{"start":{"line":459,"column":6},"end":{"line":459,"column":36}},"144":{"start":{"line":461,"column":6},"end":{"line":461,"column":67}},"145":{"start":{"line":462,"column":6},"end":{"line":462,"column":18}},"146":{"start":{"line":467,"column":4},"end":{"line":476,"column":5}},"147":{"start":{"line":468,"column":28},"end":{"line":470,"column":46}},"148":{"start":{"line":472,"column":6},"end":{"line":472,"column":25}},"149":{"start":{"line":474,"column":6},"end":{"line":474,"column":66}},"150":{"start":{"line":475,"column":6},"end":{"line":475,"column":18}},"151":{"start":{"line":480,"column":4},"end":{"line":489,"column":5}},"152":{"start":{"line":481,"column":31},"end":{"line":483,"column":20}},"153":{"start":{"line":485,"column":6},"end":{"line":485,"column":28}},"154":{"start":{"line":487,"column":6},"end":{"line":487,"column":66}},"155":{"start":{"line":488,"column":6},"end":{"line":488,"column":18}},"156":{"start":{"line":494,"column":21},"end":{"line":494,"column":56}},"157":{"start":{"line":497,"column":4},"end":{"line":520,"column":5}},"158":{"start":{"line":498,"column":6},"end":{"line":515,"column":7}},"159":{"start":{"line":499,"column":20},"end":{"line":499,"column":30}},"160":{"start":{"line":500,"column":24},"end":{"line":500,"column":34}},"161":{"start":{"line":502,"column":8},"end":{"line":512,"column":9}},"162":{"start":{"line":504,"column":12},"end":{"line":504,"column":49}},"163":{"start":{"line":505,"column":12},"end":{"line":505,"column":18}},"164":{"start":{"line":507,"column":12},"end":{"line":507,"column":50}},"165":{"start":{"line":508,"column":12},"end":{"line":508,"column":18}},"166":{"start":{"line":510,"column":12},"end":{"line":510,"column":57}},"167":{"start":{"line":511,"column":12},"end":{"line":511,"column":18}},"168":{"start":{"line":514,"column":8},"end":{"line":514,"column":66}},"169":{"start":{"line":517,"column":6},"end":{"line":519,"column":7}},"170":{"start":{"line":518,"column":8},"end":{"line":518,"column":62}},"171":{"start":{"line":523,"column":20},"end":{"line":526,"column":40}},"172":{"start":{"line":529,"column":26},"end":{"line":529,"column":38}},"173":{"start":{"line":530,"column":4},"end":{"line":534,"column":5}},"174":{"start":{"line":531,"column":6},"end":{"line":533,"column":8}},"175":{"start":{"line":532,"column":8},"end":{"line":532,"column":73}},"176":{"start":{"line":532,"column":47},"end":{"line":532,"column":72}},"177":{"start":{"line":536,"column":4},"end":{"line":536,"column":37}},"178":{"start":{"line":540,"column":20},"end":{"line":542,"column":39}},"179":{"start":{"line":543,"column":4},"end":{"line":543,"column":17}},"180":{"start":{"line":547,"column":20},"end":{"line":549,"column":18}},"181":{"start":{"line":551,"column":4},"end":{"line":551,"column":17}},"182":{"start":{"line":555,"column":27},"end":{"line":561,"column":18}},"183":{"start":{"line":563,"column":4},"end":{"line":563,"column":24}},"184":{"start":{"line":567,"column":19},"end":{"line":568,"column":39}},"185":{"start":{"line":570,"column":4},"end":{"line":570,"column":16}},"186":{"start":{"line":575,"column":21},"end":{"line":575,"column":48}},"187":{"start":{"line":578,"column":4},"end":{"line":605,"column":5}},"188":{"start":{"line":579,"column":6},"end":{"line":581,"column":7}},"189":{"start":{"line":580,"column":8},"end":{"line":580,"column":54}},"190":{"start":{"line":583,"column":6},"end":{"line":585,"column":7}},"191":{"start":{"line":584,"column":8},"end":{"line":584,"column":58}},"192":{"start":{"line":587,"column":6},"end":{"line":604,"column":7}},"193":{"start":{"line":588,"column":20},"end":{"line":588,"column":30}},"194":{"start":{"line":589,"column":24},"end":{"line":589,"column":34}},"195":{"start":{"line":591,"column":8},"end":{"line":601,"column":9}},"196":{"start":{"line":593,"column":12},"end":{"line":593,"column":49}},"197":{"start":{"line":594,"column":12},"end":{"line":594,"column":18}},"198":{"start":{"line":596,"column":12},"end":{"line":596,"column":50}},"199":{"start":{"line":597,"column":12},"end":{"line":597,"column":18}},"200":{"start":{"line":599,"column":12},"end":{"line":599,"column":57}},"201":{"start":{"line":600,"column":12},"end":{"line":600,"column":18}},"202":{"start":{"line":603,"column":8},"end":{"line":603,"column":55}},"203":{"start":{"line":608,"column":23},"end":{"line":611,"column":29}},"204":{"start":{"line":613,"column":4},"end":{"line":613,"column":32}},"205":{"start":{"line":617,"column":20},"end":{"line":619,"column":31}},"206":{"start":{"line":620,"column":4},"end":{"line":620,"column":17}},"207":{"start":{"line":624,"column":20},"end":{"line":626,"column":18}},"208":{"start":{"line":628,"column":4},"end":{"line":628,"column":17}},"209":{"start":{"line":632,"column":27},"end":{"line":635,"column":18}},"210":{"start":{"line":637,"column":4},"end":{"line":637,"column":24}},"211":{"start":{"line":643,"column":21},"end":{"line":643,"column":53}},"212":{"start":{"line":646,"column":4},"end":{"line":673,"column":5}},"213":{"start":{"line":647,"column":6},"end":{"line":649,"column":7}},"214":{"start":{"line":648,"column":8},"end":{"line":648,"column":69}},"215":{"start":{"line":651,"column":6},"end":{"line":653,"column":7}},"216":{"start":{"line":652,"column":8},"end":{"line":652,"column":79}},"217":{"start":{"line":655,"column":6},"end":{"line":672,"column":7}},"218":{"start":{"line":656,"column":20},"end":{"line":656,"column":30}},"219":{"start":{"line":657,"column":24},"end":{"line":657,"column":34}},"220":{"start":{"line":659,"column":8},"end":{"line":669,"column":9}},"221":{"start":{"line":661,"column":12},"end":{"line":661,"column":49}},"222":{"start":{"line":662,"column":12},"end":{"line":662,"column":18}},"223":{"start":{"line":664,"column":12},"end":{"line":664,"column":50}},"224":{"start":{"line":665,"column":12},"end":{"line":665,"column":18}},"225":{"start":{"line":667,"column":12},"end":{"line":667,"column":57}},"226":{"start":{"line":668,"column":12},"end":{"line":668,"column":18}},"227":{"start":{"line":671,"column":8},"end":{"line":671,"column":60}},"228":{"start":{"line":676,"column":21},"end":{"line":679,"column":34}},"229":{"start":{"line":681,"column":4},"end":{"line":681,"column":30}},"230":{"start":{"line":685,"column":22},"end":{"line":687,"column":36}},"231":{"start":{"line":688,"column":4},"end":{"line":688,"column":19}},"232":{"start":{"line":692,"column":22},"end":{"line":694,"column":18}},"233":{"start":{"line":696,"column":4},"end":{"line":696,"column":19}},"234":{"start":{"line":700,"column":29},"end":{"line":703,"column":18}},"235":{"start":{"line":705,"column":4},"end":{"line":705,"column":26}},"236":{"start":{"line":710,"column":21},"end":{"line":710,"column":62}},"237":{"start":{"line":712,"column":4},"end":{"line":714,"column":5}},"238":{"start":{"line":713,"column":6},"end":{"line":713,"column":59}},"239":{"start":{"line":716,"column":21},"end":{"line":719,"column":50}},"240":{"start":{"line":721,"column":4},"end":{"line":721,"column":30}},"241":{"start":{"line":725,"column":21},"end":{"line":727,"column":45}},"242":{"start":{"line":729,"column":4},"end":{"line":729,"column":18}},"243":{"start":{"line":733,"column":24},"end":{"line":735,"column":18}},"244":{"start":{"line":737,"column":4},"end":{"line":737,"column":21}},"245":{"start":{"line":741,"column":28},"end":{"line":747,"column":18}},"246":{"start":{"line":749,"column":4},"end":{"line":749,"column":25}},"247":{"start":{"line":753,"column":19},"end":{"line":753,"column":55}},"248":{"start":{"line":754,"column":4},"end":{"line":754,"column":34}},"249":{"start":{"line":754,"column":17},"end":{"line":754,"column":34}},"250":{"start":{"line":756,"column":29},"end":{"line":756,"column":50}},"251":{"start":{"line":758,"column":28},"end":{"line":764,"column":18}},"252":{"start":{"line":766,"column":4},"end":{"line":766,"column":25}},"253":{"start":{"line":770,"column":28},"end":{"line":776,"column":18}},"254":{"start":{"line":778,"column":4},"end":{"line":778,"column":25}},"255":{"start":{"line":783,"column":4},"end":{"line":798,"column":5}},"256":{"start":{"line":784,"column":28},"end":{"line":792,"column":20}},"257":{"start":{"line":794,"column":6},"end":{"line":794,"column":25}},"258":{"start":{"line":796,"column":6},"end":{"line":796,"column":63}},"259":{"start":{"line":797,"column":6},"end":{"line":797,"column":18}},"260":{"start":{"line":802,"column":4},"end":{"line":812,"column":5}},"261":{"start":{"line":803,"column":21},"end":{"line":806,"column":48}},"262":{"start":{"line":808,"column":6},"end":{"line":808,"column":18}},"263":{"start":{"line":810,"column":6},"end":{"line":810,"column":65}},"264":{"start":{"line":811,"column":6},"end":{"line":811,"column":23}},"265":{"start":{"line":816,"column":4},"end":{"line":832,"column":5}},"266":{"start":{"line":817,"column":28},"end":{"line":826,"column":20}},"267":{"start":{"line":828,"column":6},"end":{"line":828,"column":25}},"268":{"start":{"line":830,"column":6},"end":{"line":830,"column":60}},"269":{"start":{"line":831,"column":6},"end":{"line":831,"column":18}},"270":{"start":{"line":837,"column":22},"end":{"line":840,"column":18}},"271":{"start":{"line":842,"column":4},"end":{"line":842,"column":19}},"272":{"start":{"line":846,"column":23},"end":{"line":851,"column":15}},"273":{"start":{"line":853,"column":4},"end":{"line":853,"column":20}},"274":{"start":{"line":857,"column":26},"end":{"line":864,"column":18}},"275":{"start":{"line":866,"column":4},"end":{"line":866,"column":23}},"276":{"start":{"line":870,"column":26},"end":{"line":878,"column":18}},"277":{"start":{"line":880,"column":4},"end":{"line":880,"column":23}},"278":{"start":{"line":884,"column":26},"end":{"line":892,"column":18}},"279":{"start":{"line":894,"column":4},"end":{"line":894,"column":23}},"280":{"start":{"line":898,"column":26},"end":{"line":905,"column":18}},"281":{"start":{"line":907,"column":4},"end":{"line":907,"column":23}}},"fnMap":{"0":{"name":"(anonymous_0)","decl":{"start":{"line":23,"column":2},"end":{"line":23,"column":3}},"loc":{"start":{"line":23,"column":16},"end":{"line":28,"column":3}},"line":23},"1":{"name":"(anonymous_1)","decl":{"start":{"line":30,"column":2},"end":{"line":30,"column":3}},"loc":{"start":{"line":30,"column":39},"end":{"line":39,"column":3}},"line":30},"2":{"name":"(anonymous_2)","decl":{"start":{"line":41,"column":2},"end":{"line":41,"column":3}},"loc":{"start":{"line":41,"column":55},"end":{"line":50,"column":3}},"line":41},"3":{"name":"(anonymous_3)","decl":{"start":{"line":52,"column":2},"end":{"line":52,"column":3}},"loc":{"start":{"line":52,"column":71},"end":{"line":61,"column":3}},"line":52},"4":{"name":"(anonymous_4)","decl":{"start":{"line":63,"column":2},"end":{"line":63,"column":3}},"loc":{"start":{"line":63,"column":65},"end":{"line":72,"column":3}},"line":63},"5":{"name":"(anonymous_5)","decl":{"start":{"line":74,"column":2},"end":{"line":74,"column":3}},"loc":{"start":{"line":74,"column":77},"end":{"line":90,"column":3}},"line":74},"6":{"name":"(anonymous_6)","decl":{"start":{"line":92,"column":2},"end":{"line":92,"column":3}},"loc":{"start":{"line":92,"column":58},"end":{"line":122,"column":3}},"line":92},"7":{"name":"(anonymous_7)","decl":{"start":{"line":124,"column":2},"end":{"line":124,"column":3}},"loc":{"start":{"line":130,"column":20},"end":{"line":183,"column":3}},"line":130},"8":{"name":"(anonymous_8)","decl":{"start":{"line":185,"column":2},"end":{"line":185,"column":3}},"loc":{"start":{"line":185,"column":97},"end":{"line":216,"column":3}},"line":185},"9":{"name":"(anonymous_9)","decl":{"start":{"line":218,"column":2},"end":{"line":218,"column":3}},"loc":{"start":{"line":218,"column":103},"end":{"line":246,"column":3}},"line":218},"10":{"name":"(anonymous_10)","decl":{"start":{"line":248,"column":2},"end":{"line":248,"column":3}},"loc":{"start":{"line":248,"column":89},"end":{"line":281,"column":3}},"line":248},"11":{"name":"(anonymous_11)","decl":{"start":{"line":283,"column":2},"end":{"line":283,"column":3}},"loc":{"start":{"line":283,"column":92},"end":{"line":309,"column":3}},"line":283},"12":{"name":"(anonymous_12)","decl":{"start":{"line":311,"column":2},"end":{"line":311,"column":3}},"loc":{"start":{"line":311,"column":100},"end":{"line":337,"column":3}},"line":311},"13":{"name":"(anonymous_13)","decl":{"start":{"line":339,"column":2},"end":{"line":339,"column":3}},"loc":{"start":{"line":339,"column":96},"end":{"line":365,"column":3}},"line":339},"14":{"name":"(anonymous_14)","decl":{"start":{"line":368,"column":2},"end":{"line":368,"column":3}},"loc":{"start":{"line":368,"column":68},"end":{"line":379,"column":3}},"line":368},"15":{"name":"(anonymous_15)","decl":{"start":{"line":381,"column":2},"end":{"line":381,"column":3}},"loc":{"start":{"line":381,"column":73},"end":{"line":392,"column":3}},"line":381},"16":{"name":"(anonymous_16)","decl":{"start":{"line":394,"column":2},"end":{"line":394,"column":3}},"loc":{"start":{"line":394,"column":81},"end":{"line":405,"column":3}},"line":394},"17":{"name":"(anonymous_17)","decl":{"start":{"line":407,"column":2},"end":{"line":407,"column":3}},"loc":{"start":{"line":407,"column":103},"end":{"line":436,"column":3}},"line":407},"18":{"name":"(anonymous_18)","decl":{"start":{"line":438,"column":2},"end":{"line":438,"column":3}},"loc":{"start":{"line":438,"column":58},"end":{"line":449,"column":3}},"line":438},"19":{"name":"(anonymous_19)","decl":{"start":{"line":452,"column":2},"end":{"line":452,"column":3}},"loc":{"start":{"line":452,"column":78},"end":{"line":464,"column":3}},"line":452},"20":{"name":"(anonymous_20)","decl":{"start":{"line":466,"column":2},"end":{"line":466,"column":3}},"loc":{"start":{"line":466,"column":83},"end":{"line":477,"column":3}},"line":466},"21":{"name":"(anonymous_21)","decl":{"start":{"line":479,"column":2},"end":{"line":479,"column":3}},"loc":{"start":{"line":479,"column":101},"end":{"line":490,"column":3}},"line":479},"22":{"name":"(anonymous_22)","decl":{"start":{"line":492,"column":2},"end":{"line":492,"column":3}},"loc":{"start":{"line":492,"column":91},"end":{"line":537,"column":3}},"line":492},"23":{"name":"(anonymous_23)","decl":{"start":{"line":531,"column":47},"end":{"line":531,"column":48}},"loc":{"start":{"line":532,"column":8},"end":{"line":532,"column":73}},"line":532},"24":{"name":"(anonymous_24)","decl":{"start":{"line":532,"column":40},"end":{"line":532,"column":41}},"loc":{"start":{"line":532,"column":47},"end":{"line":532,"column":72}},"line":532},"25":{"name":"(anonymous_25)","decl":{"start":{"line":539,"column":2},"end":{"line":539,"column":3}},"loc":{"start":{"line":539,"column":71},"end":{"line":544,"column":3}},"line":539},"26":{"name":"(anonymous_26)","decl":{"start":{"line":546,"column":2},"end":{"line":546,"column":3}},"loc":{"start":{"line":546,"column":83},"end":{"line":552,"column":3}},"line":546},"27":{"name":"(anonymous_27)","decl":{"start":{"line":554,"column":2},"end":{"line":554,"column":3}},"loc":{"start":{"line":554,"column":117},"end":{"line":564,"column":3}},"line":554},"28":{"name":"(anonymous_28)","decl":{"start":{"line":566,"column":2},"end":{"line":566,"column":3}},"loc":{"start":{"line":566,"column":57},"end":{"line":571,"column":3}},"line":566},"29":{"name":"(anonymous_29)","decl":{"start":{"line":573,"column":2},"end":{"line":573,"column":3}},"loc":{"start":{"line":573,"column":74},"end":{"line":614,"column":3}},"line":573},"30":{"name":"(anonymous_30)","decl":{"start":{"line":616,"column":2},"end":{"line":616,"column":3}},"loc":{"start":{"line":616,"column":57},"end":{"line":621,"column":3}},"line":616},"31":{"name":"(anonymous_31)","decl":{"start":{"line":623,"column":2},"end":{"line":623,"column":3}},"loc":{"start":{"line":623,"column":62},"end":{"line":629,"column":3}},"line":623},"32":{"name":"(anonymous_32)","decl":{"start":{"line":631,"column":2},"end":{"line":631,"column":3}},"loc":{"start":{"line":631,"column":64},"end":{"line":638,"column":3}},"line":631},"33":{"name":"(anonymous_33)","decl":{"start":{"line":641,"column":2},"end":{"line":641,"column":3}},"loc":{"start":{"line":641,"column":82},"end":{"line":682,"column":3}},"line":641},"34":{"name":"(anonymous_34)","decl":{"start":{"line":684,"column":2},"end":{"line":684,"column":3}},"loc":{"start":{"line":684,"column":67},"end":{"line":689,"column":3}},"line":684},"35":{"name":"(anonymous_35)","decl":{"start":{"line":691,"column":2},"end":{"line":691,"column":3}},"loc":{"start":{"line":691,"column":79},"end":{"line":697,"column":3}},"line":691},"36":{"name":"(anonymous_36)","decl":{"start":{"line":699,"column":2},"end":{"line":699,"column":3}},"loc":{"start":{"line":699,"column":113},"end":{"line":706,"column":3}},"line":699},"37":{"name":"(anonymous_37)","decl":{"start":{"line":709,"column":2},"end":{"line":709,"column":3}},"loc":{"start":{"line":709,"column":94},"end":{"line":722,"column":3}},"line":709},"38":{"name":"(anonymous_38)","decl":{"start":{"line":724,"column":2},"end":{"line":724,"column":3}},"loc":{"start":{"line":724,"column":83},"end":{"line":730,"column":3}},"line":724},"39":{"name":"(anonymous_39)","decl":{"start":{"line":732,"column":2},"end":{"line":732,"column":3}},"loc":{"start":{"line":732,"column":96},"end":{"line":738,"column":3}},"line":732},"40":{"name":"(anonymous_40)","decl":{"start":{"line":740,"column":2},"end":{"line":740,"column":3}},"loc":{"start":{"line":740,"column":130},"end":{"line":750,"column":3}},"line":740},"41":{"name":"(anonymous_41)","decl":{"start":{"line":752,"column":2},"end":{"line":752,"column":3}},"loc":{"start":{"line":752,"column":98},"end":{"line":767,"column":3}},"line":752},"42":{"name":"(anonymous_42)","decl":{"start":{"line":769,"column":2},"end":{"line":769,"column":3}},"loc":{"start":{"line":769,"column":113},"end":{"line":779,"column":3}},"line":769},"43":{"name":"(anonymous_43)","decl":{"start":{"line":782,"column":2},"end":{"line":782,"column":3}},"loc":{"start":{"line":782,"column":105},"end":{"line":799,"column":3}},"line":782},"44":{"name":"(anonymous_44)","decl":{"start":{"line":801,"column":2},"end":{"line":801,"column":3}},"loc":{"start":{"line":801,"column":75},"end":{"line":813,"column":3}},"line":801},"45":{"name":"(anonymous_45)","decl":{"start":{"line":815,"column":2},"end":{"line":815,"column":3}},"loc":{"start":{"line":815,"column":92},"end":{"line":833,"column":3}},"line":815},"46":{"name":"(anonymous_46)","decl":{"start":{"line":836,"column":2},"end":{"line":836,"column":3}},"loc":{"start":{"line":836,"column":75},"end":{"line":843,"column":3}},"line":836},"47":{"name":"(anonymous_47)","decl":{"start":{"line":845,"column":2},"end":{"line":845,"column":3}},"loc":{"start":{"line":845,"column":67},"end":{"line":854,"column":3}},"line":845},"48":{"name":"(anonymous_48)","decl":{"start":{"line":856,"column":2},"end":{"line":856,"column":3}},"loc":{"start":{"line":856,"column":77},"end":{"line":867,"column":3}},"line":856},"49":{"name":"(anonymous_49)","decl":{"start":{"line":869,"column":2},"end":{"line":869,"column":3}},"loc":{"start":{"line":869,"column":76},"end":{"line":881,"column":3}},"line":869},"50":{"name":"(anonymous_50)","decl":{"start":{"line":883,"column":2},"end":{"line":883,"column":3}},"loc":{"start":{"line":883,"column":95},"end":{"line":895,"column":3}},"line":883},"51":{"name":"(anonymous_51)","decl":{"start":{"line":897,"column":2},"end":{"line":897,"column":3}},"loc":{"start":{"line":897,"column":80},"end":{"line":908,"column":3}},"line":897}},"branchMap":{"0":{"loc":{"start":{"line":113,"column":6},"end":{"line":117,"column":7}},"type":"if","locations":[{"start":{"line":113,"column":6},"end":{"line":117,"column":7}},{"start":{"line":115,"column":13},"end":{"line":117,"column":7}}],"line":113},"1":{"loc":{"start":{"line":134,"column":6},"end":{"line":136,"column":7}},"type":"if","locations":[{"start":{"line":134,"column":6},"end":{"line":136,"column":7}},{"start":{},"end":{}}],"line":134},"2":{"loc":{"start":{"line":139,"column":33},"end":{"line":139,"column":74}},"type":"binary-expr","locations":[{"start":{"line":139,"column":33},"end":{"line":139,"column":49}},{"start":{"line":139,"column":53},"end":{"line":139,"column":74}}],"line":139},"3":{"loc":{"start":{"line":143,"column":19},"end":{"line":143,"column":109}},"type":"cond-expr","locations":[{"start":{"line":143,"column":57},"end":{"line":143,"column":78}},{"start":{"line":143,"column":81},"end":{"line":143,"column":109}}],"line":143},"4":{"loc":{"start":{"line":144,"column":18},"end":{"line":144,"column":105}},"type":"cond-expr","locations":[{"start":{"line":144,"column":55},"end":{"line":144,"column":75}},{"start":{"line":144,"column":78},"end":{"line":144,"column":105}}],"line":144},"5":{"loc":{"start":{"line":145,"column":13},"end":{"line":145,"column":85}},"type":"cond-expr","locations":[{"start":{"line":145,"column":45},"end":{"line":145,"column":60}},{"start":{"line":145,"column":63},"end":{"line":145,"column":85}}],"line":145},"6":{"loc":{"start":{"line":147,"column":24},"end":{"line":147,"column":68}},"type":"binary-expr","locations":[{"start":{"line":147,"column":24},"end":{"line":147,"column":57}},{"start":{"line":147,"column":61},"end":{"line":147,"column":68}}],"line":147},"7":{"loc":{"start":{"line":148,"column":25},"end":{"line":148,"column":118}},"type":"cond-expr","locations":[{"start":{"line":148,"column":76},"end":{"line":148,"column":110}},{"start":{"line":148,"column":113},"end":{"line":148,"column":118}}],"line":148},"8":{"loc":{"start":{"line":149,"column":25},"end":{"line":149,"column":117}},"type":"cond-expr","locations":[{"start":{"line":149,"column":76},"end":{"line":149,"column":110}},{"start":{"line":149,"column":113},"end":{"line":149,"column":117}}],"line":149},"9":{"loc":{"start":{"line":150,"column":15},"end":{"line":150,"column":50}},"type":"binary-expr","locations":[{"start":{"line":150,"column":15},"end":{"line":150,"column":39}},{"start":{"line":150,"column":43},"end":{"line":150,"column":50}}],"line":150},"10":{"loc":{"start":{"line":151,"column":20},"end":{"line":151,"column":103}},"type":"cond-expr","locations":[{"start":{"line":151,"column":66},"end":{"line":151,"column":95}},{"start":{"line":151,"column":98},"end":{"line":151,"column":103}}],"line":151},"11":{"loc":{"start":{"line":153,"column":27},"end":{"line":153,"column":74}},"type":"binary-expr","locations":[{"start":{"line":153,"column":27},"end":{"line":153,"column":63}},{"start":{"line":153,"column":67},"end":{"line":153,"column":74}}],"line":153},"12":{"loc":{"start":{"line":154,"column":28},"end":{"line":154,"column":127}},"type":"cond-expr","locations":[{"start":{"line":154,"column":82},"end":{"line":154,"column":119}},{"start":{"line":154,"column":122},"end":{"line":154,"column":127}}],"line":154},"13":{"loc":{"start":{"line":174,"column":6},"end":{"line":178,"column":7}},"type":"if","locations":[{"start":{"line":174,"column":6},"end":{"line":178,"column":7}},{"start":{"line":176,"column":13},"end":{"line":178,"column":7}}],"line":174},"14":{"loc":{"start":{"line":174,"column":10},"end":{"line":174,"column":47}},"type":"binary-expr","locations":[{"start":{"line":174,"column":10},"end":{"line":174,"column":21}},{"start":{"line":174,"column":25},"end":{"line":174,"column":47}}],"line":174},"15":{"loc":{"start":{"line":187,"column":4},"end":{"line":189,"column":5}},"type":"if","locations":[{"start":{"line":187,"column":4},"end":{"line":189,"column":5}},{"start":{},"end":{}}],"line":187},"16":{"loc":{"start":{"line":207,"column":6},"end":{"line":211,"column":7}},"type":"if","locations":[{"start":{"line":207,"column":6},"end":{"line":211,"column":7}},{"start":{"line":209,"column":13},"end":{"line":211,"column":7}}],"line":207},"17":{"loc":{"start":{"line":220,"column":4},"end":{"line":222,"column":5}},"type":"if","locations":[{"start":{"line":220,"column":4},"end":{"line":222,"column":5}},{"start":{},"end":{}}],"line":220},"18":{"loc":{"start":{"line":226,"column":30},"end":{"line":226,"column":78}},"type":"cond-expr","locations":[{"start":{"line":226,"column":45},"end":{"line":226,"column":71}},{"start":{"line":226,"column":74},"end":{"line":226,"column":78}}],"line":226},"19":{"loc":{"start":{"line":237,"column":6},"end":{"line":241,"column":7}},"type":"if","locations":[{"start":{"line":237,"column":6},"end":{"line":241,"column":7}},{"start":{"line":239,"column":13},"end":{"line":241,"column":7}}],"line":237},"20":{"loc":{"start":{"line":250,"column":4},"end":{"line":252,"column":5}},"type":"if","locations":[{"start":{"line":250,"column":4},"end":{"line":252,"column":5}},{"start":{},"end":{}}],"line":250},"21":{"loc":{"start":{"line":256,"column":33},"end":{"line":256,"column":55}},"type":"binary-expr","locations":[{"start":{"line":256,"column":33},"end":{"line":256,"column":49}},{"start":{"line":256,"column":53},"end":{"line":256,"column":55}}],"line":256},"22":{"loc":{"start":{"line":272,"column":6},"end":{"line":276,"column":7}},"type":"if","locations":[{"start":{"line":272,"column":6},"end":{"line":276,"column":7}},{"start":{"line":274,"column":13},"end":{"line":276,"column":7}}],"line":272},"23":{"loc":{"start":{"line":285,"column":4},"end":{"line":287,"column":5}},"type":"if","locations":[{"start":{"line":285,"column":4},"end":{"line":287,"column":5}},{"start":{},"end":{}}],"line":285},"24":{"loc":{"start":{"line":300,"column":6},"end":{"line":304,"column":7}},"type":"if","locations":[{"start":{"line":300,"column":6},"end":{"line":304,"column":7}},{"start":{"line":302,"column":13},"end":{"line":304,"column":7}}],"line":300},"25":{"loc":{"start":{"line":313,"column":4},"end":{"line":315,"column":5}},"type":"if","locations":[{"start":{"line":313,"column":4},"end":{"line":315,"column":5}},{"start":{},"end":{}}],"line":313},"26":{"loc":{"start":{"line":328,"column":6},"end":{"line":332,"column":7}},"type":"if","locations":[{"start":{"line":328,"column":6},"end":{"line":332,"column":7}},{"start":{"line":330,"column":13},"end":{"line":332,"column":7}}],"line":328},"27":{"loc":{"start":{"line":341,"column":4},"end":{"line":343,"column":5}},"type":"if","locations":[{"start":{"line":341,"column":4},"end":{"line":343,"column":5}},{"start":{},"end":{}}],"line":341},"28":{"loc":{"start":{"line":356,"column":6},"end":{"line":360,"column":7}},"type":"if","locations":[{"start":{"line":356,"column":6},"end":{"line":360,"column":7}},{"start":{"line":358,"column":13},"end":{"line":360,"column":7}}],"line":356},"29":{"loc":{"start":{"line":411,"column":6},"end":{"line":413,"column":7}},"type":"if","locations":[{"start":{"line":411,"column":6},"end":{"line":413,"column":7}},{"start":{},"end":{}}],"line":411},"30":{"loc":{"start":{"line":416,"column":6},"end":{"line":423,"column":7}},"type":"if","locations":[{"start":{"line":416,"column":6},"end":{"line":423,"column":7}},{"start":{},"end":{}}],"line":416},"31":{"loc":{"start":{"line":497,"column":4},"end":{"line":520,"column":5}},"type":"if","locations":[{"start":{"line":497,"column":4},"end":{"line":520,"column":5}},{"start":{},"end":{}}],"line":497},"32":{"loc":{"start":{"line":498,"column":6},"end":{"line":515,"column":7}},"type":"if","locations":[{"start":{"line":498,"column":6},"end":{"line":515,"column":7}},{"start":{},"end":{}}],"line":498},"33":{"loc":{"start":{"line":498,"column":10},"end":{"line":498,"column":56}},"type":"binary-expr","locations":[{"start":{"line":498,"column":10},"end":{"line":498,"column":26}},{"start":{"line":498,"column":30},"end":{"line":498,"column":56}}],"line":498},"34":{"loc":{"start":{"line":502,"column":8},"end":{"line":512,"column":9}},"type":"switch","locations":[{"start":{"line":503,"column":10},"end":{"line":505,"column":18}},{"start":{"line":506,"column":10},"end":{"line":508,"column":18}},{"start":{"line":509,"column":10},"end":{"line":511,"column":18}}],"line":502},"35":{"loc":{"start":{"line":517,"column":6},"end":{"line":519,"column":7}},"type":"if","locations":[{"start":{"line":517,"column":6},"end":{"line":519,"column":7}},{"start":{},"end":{}}],"line":517},"36":{"loc":{"start":{"line":530,"column":4},"end":{"line":534,"column":5}},"type":"if","locations":[{"start":{"line":530,"column":4},"end":{"line":534,"column":5}},{"start":{},"end":{}}],"line":530},"37":{"loc":{"start":{"line":532,"column":8},"end":{"line":532,"column":73}},"type":"binary-expr","locations":[{"start":{"line":532,"column":8},"end":{"line":532,"column":18}},{"start":{"line":532,"column":22},"end":{"line":532,"column":73}}],"line":532},"38":{"loc":{"start":{"line":578,"column":4},"end":{"line":605,"column":5}},"type":"if","locations":[{"start":{"line":578,"column":4},"end":{"line":605,"column":5}},{"start":{},"end":{}}],"line":578},"39":{"loc":{"start":{"line":579,"column":6},"end":{"line":581,"column":7}},"type":"if","locations":[{"start":{"line":579,"column":6},"end":{"line":581,"column":7}},{"start":{},"end":{}}],"line":579},"40":{"loc":{"start":{"line":583,"column":6},"end":{"line":585,"column":7}},"type":"if","locations":[{"start":{"line":583,"column":6},"end":{"line":585,"column":7}},{"start":{},"end":{}}],"line":583},"41":{"loc":{"start":{"line":587,"column":6},"end":{"line":604,"column":7}},"type":"if","locations":[{"start":{"line":587,"column":6},"end":{"line":604,"column":7}},{"start":{},"end":{}}],"line":587},"42":{"loc":{"start":{"line":587,"column":10},"end":{"line":587,"column":56}},"type":"binary-expr","locations":[{"start":{"line":587,"column":10},"end":{"line":587,"column":26}},{"start":{"line":587,"column":30},"end":{"line":587,"column":56}}],"line":587},"43":{"loc":{"start":{"line":591,"column":8},"end":{"line":601,"column":9}},"type":"switch","locations":[{"start":{"line":592,"column":10},"end":{"line":594,"column":18}},{"start":{"line":595,"column":10},"end":{"line":597,"column":18}},{"start":{"line":598,"column":10},"end":{"line":600,"column":18}}],"line":591},"44":{"loc":{"start":{"line":646,"column":4},"end":{"line":673,"column":5}},"type":"if","locations":[{"start":{"line":646,"column":4},"end":{"line":673,"column":5}},{"start":{},"end":{}}],"line":646},"45":{"loc":{"start":{"line":647,"column":6},"end":{"line":649,"column":7}},"type":"if","locations":[{"start":{"line":647,"column":6},"end":{"line":649,"column":7}},{"start":{},"end":{}}],"line":647},"46":{"loc":{"start":{"line":651,"column":6},"end":{"line":653,"column":7}},"type":"if","locations":[{"start":{"line":651,"column":6},"end":{"line":653,"column":7}},{"start":{},"end":{}}],"line":651},"47":{"loc":{"start":{"line":655,"column":6},"end":{"line":672,"column":7}},"type":"if","locations":[{"start":{"line":655,"column":6},"end":{"line":672,"column":7}},{"start":{},"end":{}}],"line":655},"48":{"loc":{"start":{"line":655,"column":10},"end":{"line":655,"column":56}},"type":"binary-expr","locations":[{"start":{"line":655,"column":10},"end":{"line":655,"column":26}},{"start":{"line":655,"column":30},"end":{"line":655,"column":56}}],"line":655},"49":{"loc":{"start":{"line":659,"column":8},"end":{"line":669,"column":9}},"type":"switch","locations":[{"start":{"line":660,"column":10},"end":{"line":662,"column":18}},{"start":{"line":663,"column":10},"end":{"line":665,"column":18}},{"start":{"line":666,"column":10},"end":{"line":668,"column":18}}],"line":659},"50":{"loc":{"start":{"line":712,"column":4},"end":{"line":714,"column":5}},"type":"if","locations":[{"start":{"line":712,"column":4},"end":{"line":714,"column":5}},{"start":{},"end":{}}],"line":712},"51":{"loc":{"start":{"line":754,"column":4},"end":{"line":754,"column":34}},"type":"if","locations":[{"start":{"line":754,"column":4},"end":{"line":754,"column":34}},{"start":{},"end":{}}],"line":754},"52":{"loc":{"start":{"line":756,"column":29},"end":{"line":756,"column":50}},"type":"binary-expr","locations":[{"start":{"line":756,"column":29},"end":{"line":756,"column":45}},{"start":{"line":756,"column":49},"end":{"line":756,"column":50}}],"line":756}},"s":{"0":0,"1":0,"2":0,"3":0,"4":0,"5":0,"6":0,"7":0,"8":0,"9":0,"10":0,"11":0,"12":0,"13":0,"14":0,"15":0,"16":0,"17":0,"18":0,"19":0,"20":0,"21":0,"22":0,"23":0,"24":0,"25":0,"26":0,"27":0,"28":0,"29":0,"30":0,"31":0,"32":0,"33":0,"34":0,"35":0,"36":0,"37":0,"38":0,"39":0,"40":0,"41":0,"42":0,"43":0,"44":0,"45":0,"46":0,"47":0,"48":0,"49":0,"50":0,"51":0,"52":0,"53":0,"54":0,"55":0,"56":0,"57":0,"58":0,"59":0,"60":0,"61":0,"62":0,"63":0,"64":0,"65":0,"66":0,"67":0,"68":0,"69":0,"70":0,"71":0,"72":0,"73":0,"74":0,"75":0,"76":0,"77":0,"78":0,"79":0,"80":0,"81":0,"82":0,"83":0,"84":0,"85":0,"86":0,"87":0,"88":0,"89":0,"90":0,"91":0,"92":0,"93":0,"94":0,"95":0,"96":0,"97":0,"98":0,"99":0,"100":0,"101":0,"102":0,"103":0,"104":0,"105":0,"106":0,"107":0,"108":0,"109":0,"110":0,"111":0,"112":0,"113":0,"114":0,"115":0,"116":0,"117":0,"118":0,"119":0,"120":0,"121":0,"122":0,"123":0,"124":0,"125":0,"126":0,"127":0,"128":0,"129":0,"130":0,"131":0,"132":0,"133":0,"134":0,"135":0,"136":0,"137":0,"138":0,"139":0,"140":0,"141":0,"142":0,"143":0,"144":0,"145":0,"146":0,"147":0,"148":0,"149":0,"150":0,"151":0,"152":0,"153":0,"154":0,"155":0,"156":0,"157":0,"158":0,"159":0,"160":0,"161":0,"162":0,"163":0,"164":0,"165":0,"166":0,"167":0,"168":0,"169":0,"170":0,"171":0,"172":0,"173":0,"174":0,"175":0,"176":0,"177":0,"178":0,"179":0,"180":0,"181":0,"182":0,"183":0,"184":0,"185":0,"186":0,"187":0,"188":0,"189":0,"190":0,"191":0,"192":0,"193":0,"194":0,"195":0,"196":0,"197":0,"198":0,"199":0,"200":0,"201":0,"202":0,"203":0,"204":0,"205":0,"206":0,"207":0,"208":0,"209":0,"210":0,"211":0,"212":0,"213":0,"214":0,"215":0,"216":0,"217":0,"218":0,"219":0,"220":0,"221":0,"222":0,"223":0,"224":0,"225":0,"226":0,"227":0,"228":0,"229":0,"230":0,"231":0,"232":0,"233":0,"234":0,"235":0,"236":0,"237":0,"238":0,"239":0,"240":0,"241":0,"242":0,"243":0,"244":0,"245":0,"246":0,"247":0,"248":0,"249":0,"250":0,"251":0,"252":0,"253":0,"254":0,"255":0,"256":0,"257":0,"258":0,"259":0,"260":0,"261":0,"262":0,"263":0,"264":0,"265":0,"266":0,"267":0,"268":0,"269":0,"270":0,"271":0,"272":0,"273":0,"274":0,"275":0,"276":0,"277":0,"278":0,"279":0,"280":0,"281":0},"f":{"0":0,"1":0,"2":0,"3":0,"4":0,"5":0,"6":0,"7":0,"8":0,"9":0,"10":0,"11":0,"12":0,"13":0,"14":0,"15":0,"16":0,"17":0,"18":0,"19":0,"20":0,"21":0,"22":0,"23":0,"24":0,"25":0,"26":0,"27":0,"28":0,"29":0,"30":0,"31":0,"32":0,"33":0,"34":0,"35":0,"36":0,"37":0,"38":0,"39":0,"40":0,"41":0,"42":0,"43":0,"44":0,"45":0,"46":0,"47":0,"48":0,"49":0,"50":0,"51":0},"b":{"0":[0,0],"1":[0,0],"2":[0,0],"3":[0,0],"4":[0,0],"5":[0,0],"6":[0,0],"7":[0,0],"8":[0,0],"9":[0,0],"10":[0,0],"11":[0,0],"12":[0,0],"13":[0,0],"14":[0,0],"15":[0,0],"16":[0,0],"17":[0,0],"18":[0,0],"19":[0,0],"20":[0,0],"21":[0,0],"22":[0,0],"23":[0,0],"24":[0,0],"25":[0,0],"26":[0,0],"27":[0,0],"28":[0,0],"29":[0,0],"30":[0,0],"31":[0,0],"32":[0,0],"33":[0,0],"34":[0,0,0],"35":[0,0],"36":[0,0],"37":[0,0],"38":[0,0],"39":[0,0],"40":[0,0],"41":[0,0],"42":[0,0],"43":[0,0,0],"44":[0,0],"45":[0,0],"46":[0,0],"47":[0,0],"48":[0,0],"49":[0,0,0],"50":[0,0],"51":[0,0],"52":[0,0]}}
,"/opt/featherweight/server/db.ts": {"path":"/opt/featherweight/server/db.ts","statementMap":{"0":{"start":{"line":6,"column":0},"end":{"line":6,"column":37}},"1":{"start":{"line":8,"column":0},"end":{"line":12,"column":1}},"2":{"start":{"line":9,"column":2},"end":{"line":11,"column":4}},"3":{"start":{"line":14,"column":20},"end":{"line":14,"column":76}},"4":{"start":{"line":15,"column":18},"end":{"line":15,"column":51}}},"fnMap":{},"branchMap":{"0":{"loc":{"start":{"line":8,"column":0},"end":{"line":12,"column":1}},"type":"if","locations":[{"start":{"line":8,"column":0},"end":{"line":12,"column":1}},{"start":{},"end":{}}],"line":8}},"s":{"0":0,"1":0,"2":0,"3":0,"4":0},"f":{},"b":{"0":[0,0]}}
,"/opt/featherweight/server/email-content-extractor.ts": {"path":"/opt/featherweight/server/email-content-extractor.ts","statementMap":{"0":{"start":{"line":17,"column":4},"end":{"line":17,"column":65}},"1":{"start":{"line":19,"column":17},"end":{"line":19,"column":38}},"2":{"start":{"line":20,"column":18},"end":{"line":20,"column":30}},"3":{"start":{"line":21,"column":18},"end":{"line":21,"column":20}},"4":{"start":{"line":22,"column":20},"end":{"line":22,"column":29}},"5":{"start":{"line":25,"column":22},"end":{"line":25,"column":127}},"6":{"start":{"line":26,"column":25},"end":{"line":26,"column":133}},"7":{"start":{"line":27,"column":26},"end":{"line":27,"column":135}},"8":{"start":{"line":30,"column":4},"end":{"line":45,"column":5}},"9":{"start":{"line":31,"column":24},"end":{"line":31,"column":43}},"10":{"start":{"line":32,"column":25},"end":{"line":32,"column":53}},"11":{"start":{"line":33,"column":6},"end":{"line":33,"column":54}},"12":{"start":{"line":34,"column":6},"end":{"line":34,"column":70}},"13":{"start":{"line":35,"column":11},"end":{"line":45,"column":5}},"14":{"start":{"line":36,"column":6},"end":{"line":44,"column":7}},"15":{"start":{"line":37,"column":25},"end":{"line":37,"column":60}},"16":{"start":{"line":38,"column":8},"end":{"line":41,"column":9}},"17":{"start":{"line":39,"column":10},"end":{"line":39,"column":33}},"18":{"start":{"line":40,"column":10},"end":{"line":40,"column":70}},"19":{"start":{"line":43,"column":8},"end":{"line":43,"column":57}},"20":{"start":{"line":48,"column":4},"end":{"line":51,"column":5}},"21":{"start":{"line":49,"column":6},"end":{"line":49,"column":39}},"22":{"start":{"line":50,"column":6},"end":{"line":50,"column":54}},"23":{"start":{"line":54,"column":4},"end":{"line":54,"column":48}},"24":{"start":{"line":57,"column":4},"end":{"line":57,"column":52}},"25":{"start":{"line":59,"column":4},"end":{"line":59,"column":108}},"26":{"start":{"line":61,"column":4},"end":{"line":61,"column":51}},"27":{"start":{"line":68,"column":4},"end":{"line":68,"column":77}},"28":{"start":{"line":71,"column":18},"end":{"line":71,"column":57}},"29":{"start":{"line":72,"column":4},"end":{"line":75,"column":5}},"30":{"start":{"line":73,"column":6},"end":{"line":73,"column":77}},"31":{"start":{"line":74,"column":6},"end":{"line":74,"column":28}},"32":{"start":{"line":78,"column":4},"end":{"line":78,"column":53}},"33":{"start":{"line":79,"column":4},"end":{"line":82,"column":5}},"34":{"start":{"line":80,"column":6},"end":{"line":80,"column":77}},"35":{"start":{"line":81,"column":6},"end":{"line":81,"column":28}},"36":{"start":{"line":85,"column":4},"end":{"line":85,"column":53}},"37":{"start":{"line":86,"column":4},"end":{"line":89,"column":5}},"38":{"start":{"line":87,"column":6},"end":{"line":87,"column":78}},"39":{"start":{"line":88,"column":6},"end":{"line":88,"column":28}},"40":{"start":{"line":91,"column":4},"end":{"line":91,"column":62}},"41":{"start":{"line":92,"column":4},"end":{"line":92,"column":14}},"42":{"start":{"line":99,"column":21},"end":{"line":104,"column":5}},"43":{"start":{"line":106,"column":4},"end":{"line":113,"column":5}},"44":{"start":{"line":107,"column":20},"end":{"line":107,"column":47}},"45":{"start":{"line":108,"column":6},"end":{"line":112,"column":7}},"46":{"start":{"line":109,"column":24},"end":{"line":109,"column":51}},"47":{"start":{"line":110,"column":8},"end":{"line":110,"column":84}},"48":{"start":{"line":111,"column":8},"end":{"line":111,"column":23}},"49":{"start":{"line":115,"column":4},"end":{"line":115,"column":14}},"50":{"start":{"line":122,"column":26},"end":{"line":122,"column":132}},"51":{"start":{"line":123,"column":4},"end":{"line":125,"column":5}},"52":{"start":{"line":124,"column":6},"end":{"line":124,"column":16}},"53":{"start":{"line":127,"column":21},"end":{"line":127,"column":37}},"54":{"start":{"line":128,"column":4},"end":{"line":128,"column":81}},"55":{"start":{"line":131,"column":33},"end":{"line":131,"column":150}},"56":{"start":{"line":132,"column":4},"end":{"line":136,"column":5}},"57":{"start":{"line":133,"column":22},"end":{"line":133,"column":73}},"58":{"start":{"line":134,"column":6},"end":{"line":134,"column":99}},"59":{"start":{"line":135,"column":6},"end":{"line":135,"column":21}},"60":{"start":{"line":139,"column":18},"end":{"line":139,"column":41}},"61":{"start":{"line":140,"column":20},"end":{"line":140,"column":24}},"62":{"start":{"line":141,"column":20},"end":{"line":141,"column":22}},"63":{"start":{"line":142,"column":23},"end":{"line":142,"column":28}},"64":{"start":{"line":144,"column":4},"end":{"line":170,"column":5}},"65":{"start":{"line":146,"column":6},"end":{"line":151,"column":7}},"66":{"start
[...]
"start":{},"end":{}}],"line":130},"14":{"loc":{"start":{"line":154,"column":4},"end":{"line":157,"column":5}},"type":"if","locations":[{"start":{"line":154,"column":4},"end":{"line":157,"column":5}},{"start":{},"end":{}}],"line":154},"15":{"loc":{"start":{"line":164,"column":6},"end":{"line":167,"column":7}},"type":"if","locations":[{"start":{"line":164,"column":6},"end":{"line":167,"column":7}},{"start":{},"end":{}}],"line":164},"16":{"loc":{"start":{"line":164,"column":10},"end":{"line":164,"column":58}},"type":"binary-expr","locations":[{"start":{"line":164,"column":10},"end":{"line":164,"column":32}},{"start":{"line":164,"column":36},"end":{"line":164,"column":58}}],"line":164},"17":{"loc":{"start":{"line":170,"column":6},"end":{"line":176,"column":7}},"type":"if","locations":[{"start":{"line":170,"column":6},"end":{"line":176,"column":7}},{"start":{},"end":{}}],"line":170},"18":{"loc":{"start":{"line":170,"column":10},"end":{"line":170,"column":78}},"type":"binary-expr","locations":[{"start":{"line":170,"column":10},"end":{"line":170,"column":44}},{"start":{"line":170,"column":48},"end":{"line":170,"column":78}}],"line":170},"19":{"loc":{"start":{"line":197,"column":2},"end":{"line":197,"column":50}},"type":"if","locations":[{"start":{"line":197,"column":2},"end":{"line":197,"column":50}},{"start":{},"end":{}}],"line":197},"20":{"loc":{"start":{"line":197,"column":6},"end":{"line":197,"column":38}},"type":"binary-expr","locations":[{"start":{"line":197,"column":6},"end":{"line":197,"column":14}},{"start":{"line":197,"column":18},"end":{"line":197,"column":38}}],"line":197},"21":{"loc":{"start":{"line":226,"column":19},"end":{"line":226,"column":66}},"type":"binary-expr","locations":[{"start":{"line":226,"column":19},"end":{"line":226,"column":38}},{"start":{"line":226,"column":42},"end":{"line":226,"column":60}},{"start":{"line":226,"column":64},"end":{"line":226,"column":66}}],"line":226},"22":{"loc":{"start":{"line":227,"column":25},"end":{"line":227,"column":96}},"type":"cond-expr","locations":[{"start":{"line":227,"column":66},"end":{"line":227,"column":70}},{"start":{"line":227,"column":73},"end":{"line":227,"column":96}}],"line":227},"23":{"loc":{"start":{"line":237,"column":2},"end":{"line":237,"column":78}},"type":"cond-expr","locations":[{"start":{"line":237,"column":13},"end":{"line":237,"column":73}},{"start":{"line":237,"column":76},"end":{"line":237,"column":78}}],"line":237},"24":{"loc":{"start":{"line":239,"column":2},"end":{"line":241,"column":6}},"type":"cond-expr","locations":[{"start":{"line":239,"column":24},"end":{"line":241,"column":1}},{"start":{"line":241,"column":4},"end":{"line":241,"column":6}}],"line":239},"25":{"loc":{"start":{"line":243,"column":2},"end":{"line":248,"column":6}},"type":"cond-expr","locations":[{"start":{"line":243,"column":13},"end":{"line":248,"column":1}},{"start":{"line":248,"column":4},"end":{"line":248,"column":6}}],"line":243},"26":{"loc":{"start":{"line":252,"column":2},"end":{"line":447,"column":3}},"type":"switch","locations":[{"start":{"line":253,"column":4},"end":{"line":302,"column":3}},{"start":{"line":304,"column":4},"end":{"line":330,"column":3}},{"start":{"line":332,"column":4},"end":{"line":357,"column":3}},{"start":{"line":359,"column":4},"end":{"line":386,"column":3}},{"start":{"line":388,"column":4},"end":{"line":446,"column":3}}],"line":252},"27":{"loc":{"start":{"line":255,"column":6},"end":{"line":278,"column":7}},"type":"if","locations":[{"start":{"line":255,"column":6},"end":{"line":278,"column":7}},{"start":{},"end":{}}],"line":255},"28":{"loc":{"start":{"line":314,"column":5},"end":{"line":314,"column":146}},"type":"cond-expr","locations":[{"start":{"line":314,"column":22},"end":{"line":314,"column":78}},{"start":{"line":314,"column":81},"end":{"line":314,"column":146}}],"line":314},"29":{"loc":{"start":{"line":370,"column":5},"end":{"line":370,"column":137}},"type":"cond-expr","locations":[{"start":{"line":370,"column":22},"end":{"line":370,"column":79}},{"start":{"line":370,"column":82},"end":{"line":370,"column":137}}],"line":370},"30":{"loc":{"start":{"line":390,"column":6},"end":{"line":429,"column":7}},"type":"if","locations":[{"start":{"line":390,"column":6},"end":{"line":429,"column":7}},{"start":{},"end":{}}],"line":390},"31":{"loc":{"start":{"line":391,"column":45},"end":{"line":403,"column":6}},"type":"cond-expr","locations":[{"start":{"line":391,"column":78},"end":{"line":403,"column":1}},{"start":{"line":403,"column":4},"end":{"line":403,"column":6}}],"line":391},"32":{"loc":{"start":{"line":456,"column":19},"end":{"line":456,"column":72}},"type":"binary-expr","locations":[{"start":{"line":456,"column":19},"end":{"line":456,"column":38}},{"start":{"line":456,"column":42},"end":{"line":456,"column":60}},{"start":{"line":456,"column":64},"end":{"line":456,"column":72}}],"line":456},"33":{"loc":{"start":{"line":458,"column":2},"end":{"line":494,"column":3}},"type":"switch","locations":[{"start":{"line":459,"column":4},"end":{"line":463,"column":8}},{"start":{"line":465,"column":4},"end":{"line":469,"column":8}},{"start":{"line":471,"column":4},"end":{"line":475,"column":8}},{"start":{"line":477,"column":4},"end":{"line":481,"column":8}},{"start":{"line":483,"column":4},"end":{"line":487,"column":8}},{"start":{"line":489,"column":4},"end":{"line":493,"column":8}}],"line":458}},"s":{"0":0,"1":0,"2":0,"3":0,"4":0,"5":0,"6":0,"7":0,"8":0,"9":0,"10":0,"11":0,"12":0,"13":0,"14":0,"15":0,"16":0,"17":0,"18":0,"19":0,"20":0,"21":0,"22":0,"23":0,"24":0,"25":0,"26":0,"27":0,"28":0,"29":0,"30":0,"31":0,"32":0,"33":0,"34":0,"35":0,"36":0,"37":0,"38":0,"39":0,"40":0,"41":0,"42":0,"43":0,"44":0,"45":0,"46":0,"47":0,"48":0,"49":0,"50":0,"51":0,"52":0,"53":0,"54":0,"55":0,"56":0,"57":0,"58":0,"59":0,"60":0,"61":0,"62":0,"63":0,"64":0,"65":0,"66":0,"67":0,"68":0,"69":0,"70":0,"71":0,"72":0,"73":0,"74":0,"75":0,"76":0,"77":0,"78":0,"79":0,"80":0,"81":0,"82":0},"f":{"0":0,"1":0,"2":0,"3":0,"4":0,"5":0,"6":0,"7":0},"b":{"0":[0,0],"1":[0,0],"2":[0,0],"3":[0,0],"4":[0,0,0],"5":[0,0],"6":[0,0],"7":[0,0],"8":[0,0],"9":[0,0],"10":[0,0],"11":[0,0],"12":[0,0],"13":[0,0],"14":[0,0],"15":[0,0],"16":[0,0],"17":[0,0],"18":[0,0],"19":[0,0],"20":[0,0],"21":[0,0,0],"22":[0,0],"23":[0,0],"24":[0,0],"25":[0,0],"26":[0,0,0,0,0],"27":[0,0],"28":[0,0],"29":[0,0],"30":[0,0],"31":[0,0],"32":[0,0,0],"33":[0,0,0,0,0,0]}}
,"/opt/featherweight/server/vite.ts": {"path":"/opt/featherweight/server/vite.ts","statementMap":{"0":{"start":{"line":9,"column":19},"end":{"line":9,"column":33}},"1":{"start":{"line":12,"column":24},"end":{"line":17,"column":4}},"2":{"start":{"line":19,"column":2},"end":{"line":19,"column":57}},"3":{"start":{"line":23,"column":24},"end":{"line":27,"column":3}},"4":{"start":{"line":29,"column":15},"end":{"line":41,"column":4}},"5":{"start":{"line":35,"column":8},"end":{"line":35,"column":39}},"6":{"start":{"line":36,"column":8},"end":{"line":36,"column":24}},"7":{"start":{"line":43,"column":2},"end":{"line":43,"column":28}},"8":{"start":{"line":44,"column":2},"end":{"line":67,"column":5}},"9":{"start":{"line":45,"column":16},"end":{"line":45,"column":31}},"10":{"start":{"line":47,"column":4},"end":{"line":66,"column":5}},"11":{"start":{"line":48,"column":29},"end":{"line":53,"column":7}},"12":{"start":{"line":56,"column":21},"end":{"line":56,"column":72}},"13":{"start":{"line":57,"column":6},"end":{"line":60,"column":8}},"14":{"start":{"line":61,"column":19},"end":{"line":61,"column":63}},"15":{"start":{"line":62,"column":6},"end":{"line":62,"column":69}},"16":{"start":{"line":64,"column":6},"end":{"line":64,"column":40}},"17":{"start":{"line":65,"column":6},"end":{"line":65,"column":14}},"18":{"start":{"line":71,"column":19},"end":{"line":71,"column":62}},"19":{"start":{"line":73,"column":2},"end":{"line":77,"column":3}},"20":{"start":{"line":74,"column":4},"end":{"line":76,"column":6}},"21":{"start":{"line":79,"column":2},"end":{"line":79,"column":36}},"22":{"start":{"line":82,"column":2},"end":{"line":84,"column":5}},"23":{"start":{"line":83,"column":4},"end":{"line":83,"column":55}}},"fnMap":{"0":{"name":"log","decl":{"start":{"line":11,"column":16},"end":{"line":11,"column":19}},"loc":{"start":{"line":11,"column":57},"end":{"line":20,"column":1}},"line":11},"1":{"name":"setupVite","decl":{"start":{"line":22,"column":22},"end":{"line":22,"column":31}},"loc":{"start":{"line":22,"column":62},"end":{"line":68,"column":1}},"line":22},"2":{"name":"(anonymous_2)","decl":{"start":{"line":34,"column":13},"end":{"line":34,"column":14}},"loc":{"start":{"line":34,"column":31},"end":{"line":37,"column":7}},"line":34},"3":{"name":"(anonymous_3)","decl":{"start":{"line":44,"column":15},"end":{"line":44,"column":16}},"loc":{"start":{"line":44,"column":41},"end":{"line":67,"column":3}},"line":44},"4":{"name":"serveStatic","decl":{"start":{"line":70,"column":16},"end":{"line":70,"column":27}},"loc":{"start":{"line":70,"column":42},"end":{"line":85,"column":1}},"line":70},"5":{"name":"(anonymous_5)","decl":{"start":{"line":82,"column":15},"end":{"line":82,"column":16}},"loc":{"start":{"line":82,"column":30},"end":{"line":84,"column":3}},"line":82}},"branchMap":{"0":{"loc":{"start":{"line":11,"column":37},"end":{"line":11,"column":55}},"type":"default-arg","locations":[{"start":{"line":11,"column":46},"end":{"line":11,"column":55}}],"line":11},"1":{"loc":{"start":{"line":73,"column":2},"end":{"line":77,"column":3}},"type":"if","locations":[{"start":{"line":73,"column":2},"end":{"line":77,"column":3}},{"start":{},"end":{}}],"line":73}},"s":{"0":0,"1":0,"2":0,"3":0,"4":0,"5":0,"6":0,"7":0,"8":0,"9":0,"10":0,"11":0,"12":0,"13":0,"14":0,"15":0,"16":0,"17":0,"18":0,"19":0,"20":0,"21":0,"22":0,"23":0},"f":{"0":0,"1":0,"2":0,"3":0,"4":0,"5":0},"b":{"0":[0],"1":[0,0]}}
,"/opt/featherweight/server/webhook-sendgrid.ts": {"path":"/opt/featherweight/server/webhook-sendgrid.ts","statementMap":{"0":{"start":{"line":10,"column":2},"end":{"line":10,"column":57}},"1":{"start":{"line":11,"column":2},"end":{"line":11,"column":66}},"2":{"start":{"line":12,"column":2},"end":{"line":12,"column":62}},"3":{"start":{"line":13,"column":2},"end":{"line":13,"column":66}},"4":{"start":{"line":15,"column":2},"end":{"line":177,"column":3}},"5":{"start":{"line":24,"column":24},"end":{"line":24,"column":57}},"6":{"start":{"line":26,"column":4},"end":{"line":77,"column":5}},"7":{"start":{"line":27,"column":6},"end":{"line":27,"column":55}},"8":{"start":{"line":30,"column":6},"end":{"line":58,"column":7}},"9":{"start":{"line":31,"column":8},"end":{"line":31,"column":62}},"10":{"start":{"line":32,"column":8},"end":{"line":32,"column":64}},"11":{"start":{"line":33,"column":8},"end":{"line":33,"column":73}},"12":{"start":{"line":35,"column":8},"end":{"line":40,"column":10}},"13":{"start":{"line":42,"column":8},"end":{"line":42,"column":70}},"14":{"start":{"line":44,"column":8},"end":{"line":44,"column":74}},"15":{"start":{"line":45,"column":8},"end":{"line":45,"column":57}},"16":{"start":{"line":46,"column":8},"end":{"line":46,"column":86}},"17":{"start":{"line":49,"column":29},"end":{"line":49,"column":64}},"18":{"start":{"line":50,"column":8},"end":{"line":50,"column":86}},"19":{"start":{"line":52,"column":8},"end":{"line":55,"column":9}},"20":{"start":{"line":53,"column":10},"end":{"line":53,"column":49}},"21":{"start":{"line":54,"column":10},"end":{"line":54,"column":71}},"22":{"start":{"line":57,"column":8},"end":{"line":57,"column":70}},"23":{"start":{"line":60,"column":11},"end":{"line":77,"column":5}},"24":{"start":{"line":61,"column":6},"end":{"line":61,"column":53}},"25":{"start":{"line":62,"column":19},"end":{"line":62,"column":27}},"26":{"start":{"line":64,"column":6},"end":{"line":69,"column":8}},"27":{"start":{"line":72,"column":6},"end":{"line":72,"column":60}},"28":{"start":{"line":73,"column":22},"end":{"line":73,"column":57}},"29":{"start":{"line":76,"column":6},"end":{"line":76,"column":74}},"30":{"start":{"line":79,"column":4},"end":{"line":85,"column":7}},"31":{"start":{"line":88,"column":4},"end":{"line":98,"column":5}},"32":{"start":{"line":89,"column":6},"end":{"line":89,"column":66}},"33":{"start":{"line":90,"column":6},"end":{"line":97,"column":9}},"34":{"start":{"line":101,"column":25},"end":{"line":101,"column":59}},"35":{"start":{"line":105,"column":23},"end":{"line":105,"column":54}},"36":{"start":{"line":106,"column":23},"end":{"line":106,"column":64}},"37":{"start":{"line":108,"column":4},"end":{"line":108,"column":52}},"38":{"start":{"line":110,"column":4},"end":{"line":116,"column":5}},"39":{"start":{"line":111,"column":6},"end":{"line":111,"column":62}},"40":{"start":{"line":112,"column":6},"end":{"line":115,"column":9}},"41":{"start":{"line":118,"column":4},"end":{"line":118,"column":67}},"42":{"start":{"line":121,"column":23},"end":{"line":126,"column":6}},"43":{"start":{"line":128,"column":4},"end":{"line":128,"column":64}},"44":{"start":{"line":131,"column":4},"end":{"line":168,"column":5}},"45":{"start":{"line":132,"column":34},"end":{"line":132,"column":75}},"46":{"start":{"line":134,"column":27},"end":{"line":138,"column":7}},"47":{"start":{"line":140,"column":6},"end":{"line":140,"column":66}},"48":{"start":{"line":142,"column":6},"end":{"line":152,"column":9}},"49":{"start":{"line":154,"column":6},"end":{"line":154,"column":78}},"50":{"start":{"line":157,"column":6},"end":{"line":167,"column":9}},"51":{"start":{"line":171,"column":4},"end":{"line":171,"column":65}},"52":{"start":{"line":172,"column":4},"end":{"line":176,"column":7}}},"fnMap":{"0":{"name":"handleSendGridWebhook","decl":{"start":{"line":9,"column":22},"end":{"line":9,"column":43}},"loc":{"start":{"line":9,"column":73},"end":{"line":178,"column":1}},"line":9}},"branchMap":{"0":{"loc":{"start":{"line":24,"column":24},"end":{"line":24,"column":57}},"type":"binary-expr","locations":[{"start":{"line":24,"column":24},"end":{"line":24,"column":51}},{"start":{"line":24,"column":55},"end":{"line":24,"column":57}}],"line":24},"1":{"loc":{"start":{"line":26,"column":4},"end":{"line":77,"column":5}},"type":"if","locations":[{"start":{"line":26,"column":4},"end":{"line":77,"column":5}},{"start":{"line":60,"column":11},"end":{"line":77,"column":5}}],"line":26},"2":{"loc":{"start":{"line":30,"column":6},"end":{"line":58,"column":7}},"type":"if","locations":[{"start":{"line":30,"column":6},"end":{"line":58,"column":7}},{"start":{"line":43,"column":13},"end":{"line":58,"column":7}}],"line":30},"3":{"loc":{"start":{"line":30,"column":10},"end":{"line":30,"column":86}},"type":"binary-expr","locations":[{"start":{"line":30,"column":10},"end":{"line":30,"column":18}},{"start":{"line":30,"column":22},"end":{"line":30,"column":50}},{"start":{"line":30,"column":54},"end":{"line":30,"column":86}}],"line":30},"4":{"loc":{"start":{"line":36,"column":18},"end":{"line":36,"column":56}},"type":"binary-expr","locations":[{"start":{"line":36,"column":18},"end":{"line":36,"column":31}},{"start":{"line":36,"column":35},"end":{"line":36,"column":56}}],"line":36},"5":{"loc":{"start":{"line":37,"column":19},"end":{"line":37,"column":51}},"type":"binary-expr","locations":[{"start":{"line":37,"column":19},"end":{"line":37,"column":35}},{"start":{"line":37,"column":39},"end":{"line":37,"column":51}}],"line":37},"6":{"loc":{"start":{"line":38,"column":19},"end":{"line":38,"column":75}},"type":"binary-expr","locations":[{"start":{"line":38,"column":19},"end":{"line":38,"column":32}},{"start":{"line":38,"column":36},"end":{"line":38,"column":49}},{"start":{"line":38,"column":53},"end":{"line":38,"column":69}},{"start":{"line":38,"column":73},"end":{"line":38,"column":75}}],"line":38},"7":{"loc":{"start":{"line":39,"column":21},"end":{"line":39,"column":66}},"type":"binary-expr","locations":[{"start":{"line":39,"column":21},"end":{"line":39,"column":44}},{"start":{"line":39,"column":48},"end":{"line":39,"column":66}}],"line":39},"8":{"loc":{"start":{"line":46,"column":40},"end":{"line":46,"column":84}},"type":"cond-expr","locations":[{"start":{"line":46,"column":51},"end":{"line":46,"column":72}},{"start":{"line":46,"column":75},"end":{"line":46,"column":84}}],"line":46},"9":{"loc":{"start":{"line":49,"column":29},"end":{"line":49,"column":64}},"type":"cond-expr","locations":[{"start":{"line":49,"column":40},"end":{"line":49,"column":59}},{"start":{"line":49,"column":62},"end":{"line":49,"column":64}}],"line":49},"10":{"loc":{"start":{"line":52,"column":8},"end":{"line":55,"column":9}},"type":"if","locations":[{"start":{"line":52,"column":8},"end":{"line":55,"column":9}},{"start":{},"end":{}}],"line":52},"11":{"loc":{"start":{"line":60,"column":11},"end":{"line":77,"column":5}},"type":"if","locations":[{"start":{"line":60,"column":11},"end":{"line":77,"column":5}},{"start":{"line":71,"column":11},"end":{"line":77,"column":5}}],"line":60},"12":{"loc":{"start":{"line":65,"column":16},"end":{"line":65,"column":72}},"type":"binary-expr","locations":[{"start":{"line":65,"column":16},"end":{"line":65,"column":25}},{"start":{"line":65,"column":29},"end":{"line":65,"column":47}},{"start":{"line":65,"column":51},"end":{"line":65,"column":72}}],"line":65},"13":{"loc":{"start":{"line":66,"column":17},"end":{"line":66,"column":45}},"type":"binary-expr","locations":[{"start":{"line":66,"column":17},"end":{"line":66,"column":29}},{"start":{"line":66,"column":33},"end":{"line":66,"column":45}}],"line":66},"14":{"loc":{"start":{"line":67,"column":17},"end":{"line":67,"column":45}},"type":"binary-expr","locations":[{"start":{"line":67,"column":17},"end":{"line":67,"column":26}},{"start":{"line":67,"column":30},"end":{"line":67,"column":39}},{"start":{"line":67,"column":43},"end":{"line":67,"column":45}}],"line":67},"15":{"loc":{"start":{"line":68,"column":19},"end":{"line":68,"column":71}},"type":"binary-expr","locations":[{"start":{"line":68,"column":19},"end":{"line":68,"column":48}},{"start":{"line":68,"column":52},"end":{"line":68,"column":71}}],"line":68},"16":{"loc":{"start":{"line":73,"column":22},"end":{"line":73,"column":57}},"type":"cond-expr","locations":[{"start":{"line":73,"column":33},"end":{"line":73,"column":52}},{"start":{"line":73,"column":55},"end":{"line":73,"column":57}}],"line":73},"17":{"loc":{"start":{"line":88,"column":4},"end":{"line":98,"column":5}},"type":"if","locations":[{"start":{"line":88,"column":4},"end":{"line":98,"column":5}},{"start":{},"end":{}}],"line":88},"18":{"loc":{"start":{"line":88,"column":8},"end":{"line":88,"column":75}},"type":"binary-expr","locations":[{"start":{"line":88,"column":8},"end":{"line":88,"column":30}},{"start":{"line":88,"column":34},"end":{"line":88,"column":75}}],"line":88},"19":{"loc":{"start":{"line":106,"column":23},"end":{"line":106,"column":64}},"type":"cond-expr","locations":[{"start":{"line":106,"column":36},"end":{"line":106,"column":49}},{"start":{"line":106,"column":52},"end":{"line":106,"column":64}}],"line":106},"20":{"loc":{"start":{"line":110,"column":4},"end":{"line":116,"column":5}},"type":"if","locations":[{"start":{"line":110,"column":4},"end":{"line":116,"column":5}},{"start":{},"end":{}}],"line":110},"21":{"loc":{"start":{"line":175,"column":15},"end":{"line":175,"column":48}},"type":"binary-expr","locations":[{"start":{"line":175,"column":15},"end":{"line":175,"column":29}},{"start":{"line":175,"column":33},"end":{"line":175,"column":48}}],"line":175}},"s":{"0":0,"1":0,"2":0,"3":0,"4":0,"5":0,"6":0,"7":0,"8":0,"9":0,"10":0,"11":0,"12":0,"13":0,"14":0,"15":0,"16":0,"17":0,"18":0,"19":0,"20":0,"21":0,"22":0,"23":0,"24":0,"25":0,"26":0,"27":0,"28":0,"29":0,"30":0,"31":0,"32":0,"33":0,"34":0,"35":0,"36":0,"37":0,"38":0,"39":0,"40":0,"41":0,"42":0,"43":0,"44":0,"45":0,"46":0,"47":0,"48":0,"49":0,"50":0,"51":0,"52":0},"f":{"0":0},"b":{"0":[0,0],"1":[0,0],"2":[0,0],"3":[0,0,0],"4":[0,0],"5":[0,0],"6":[0,0,0,0],"7":[0,0],"8":[0,0],"9":[0,0],"10":[0,0],"11":[0,0],"12":[0,0,0],"13":[0,0],"14":[0,0,0],"15":[0,0],"16":[0,0],"17":[0,0],"18":[0,0],"19":[0,0],"20":[0,0],"21":[0,0]}}
}
