TN:
SF:FlappyJournal/server/consciousness/core/ConsciousnessEventBus.cjs
FN:10,(anonymous_0)
FN:26,(anonymous_1)
FN:39,(anonymous_2)
FN:55,(anonymous_3)
FN:75,(anonymous_4)
FN:78,(anonymous_5)
FN:93,(anonymous_6)
FN:103,(anonymous_7)
FN:115,(anonymous_8)
FN:117,(anonymous_9)
FN:125,(anonymous_10)
FN:131,(anonymous_11)
FN:132,(anonymous_12)
FN:140,(anonymous_13)
FNF:14
FNH:2
FNDA:4,(anonymous_0)
FNDA:0,(anonymous_1)
FNDA:0,(anonymous_2)
FNDA:1246,(anonymous_3)
FNDA:0,(anonymous_4)
FNDA:0,(anonymous_5)
FNDA:0,(anonymous_6)
FNDA:0,(anonymous_7)
FNDA:0,(anonymous_8)
FNDA:0,(anonymous_9)
FNDA:0,(anonymous_10)
FNDA:0,(anonymous_11)
FNDA:0,(anonymous_12)
FNDA:0,(anonymous_13)
DA:6,4
DA:7,4
DA:11,4
DA:12,4
DA:14,4
DA:15,4
DA:16,4
DA:18,4
DA:27,0
DA:28,0
DA:30,0
DA:35,0
DA:36,0
DA:39,0
DA:40,0
DA:41,0
DA:42,0
DA:44,0
DA:46,0
DA:49,0
DA:57,1246
DA:64,1246
DA:65,992
DA:69,1246
DA:76,0
DA:77,0
DA:78,0
DA:79,0
DA:80,0
DA:85,0
DA:87,0
DA:94,0
DA:104,0
DA:116,0
DA:117,0
DA:119,0
DA:126,0
DA:127,0
DA:130,0
DA:131,0
DA:132,0
DA:134,0
DA:141,0
DA:146,4
DA:148,4
LF:45
LH:14
BRDA:26,0,0,0
BRDA:27,1,0,0
BRDA:27,1,1,0
BRDA:35,2,0,0
BRDA:35,2,1,0
BRDA:40,3,0,0
BRDA:40,3,1,0
BRDA:40,4,0,0
BRDA:40,4,1,0
BRDA:40,4,2,0
BRDA:49,5,0,0
BRDA:49,5,1,0
BRDA:60,6,0,1246
BRDA:60,6,1,0
BRDA:64,7,0,992
BRDA:64,7,1,254
BRDA:76,8,0,0
BRDA:76,8,1,0
BRDA:79,9,0,0
BRDA:79,9,1,0
BRDA:79,10,0,0
BRDA:79,10,1,0
BRDA:103,11,0,0
BRDA:115,12,0,0
BRDA:116,13,0,0
BRDA:116,13,1,0
BRDA:125,14,0,0
BRDA:126,15,0,0
BRDA:126,15,1,0
BRDA:127,16,0,0
BRDA:127,16,1,0
BRF:31
BRH:3
end_of_record
TN:
SF:FlappyJournal/server/consciousness/core/SpiralMemoryArchitecture.cjs
FN:16,getDefaultStorage
FN:22,(anonymous_1)
FN:152,(anonymous_2)
FN:153,(anonymous_3)
FN:159,(anonymous_4)
FN:165,(anonymous_5)
FN:171,(anonymous_6)
FN:172,(anonymous_7)
FN:184,(anonymous_8)
FN:193,(anonymous_9)
FN:197,(anonymous_10)
FN:321,(anonymous_11)
FN:348,(anonymous_12)
FN:370,(anonymous_13)
FN:393,(anonymous_14)
FN:411,(anonymous_15)
FN:416,(anonymous_16)
FN:509,(anonymous_17)
FN:521,(anonymous_18)
FN:541,(anonymous_19)
FN:555,(anonymous_20)
FN:571,(anonymous_21)
FN:583,(anonymous_22)
FN:617,(anonymous_23)
FN:637,(anonymous_24)
FN:657,(anonymous_25)
FN:681,(anonymous_26)
FN:689,(anonymous_27)
FN:698,(anonymous_28)
FN:714,(anonymous_29)
FN:718,(anonymous_30)
FN:725,(anonymous_31)
FN:741,(anonymous_32)
FN:744,(anonymous_33)
FN:752,(anonymous_34)
FN:758,(anonymous_35)
FN:762,(anonymous_36)
FN:790,(anonymous_37)
FN:817,(anonymous_38)
FN:832,(anonymous_39)
FN:844,(anonymous_40)
FN:861,(anonymous_41)
FN:892,(anonymous_42)
FN:932,(anonymous_43)
FN:934,(anonymous_44)
FN:935,(anonymous_45)
FN:938,(anonymous_46)
FN:950,(anonymous_47)
FN:951,(anonymous_48)
FN:958,(anonymous_49)
FN:970,(anonymous_50)
FN:1002,(anonymous_51)
FN:1030,(anonymous_52)
FN:1043,(anonymous_53)
FN:1056,(anonymous_54)
FN:1070,(anonymous_55)
FN:1089,(anonymous_56)
FN:1101,(anonymous_57)
FN:1111,(anonymous_58)
FN:1134,(anonymous_59)
FN:1146,(anonymous_60)
FN:1155,(anonymous_61)
FN:1163,(anonymous_62)
FN:1176,(anonymous_63)
FN:1183,(anonymous_64)
FN:1197,(anonymous_65)
FN:1199,(anonymous_66)
FN:1217,(anonymous_67)
FN:1235,(anonymous_68)
FN:1259,(anonymous_69)
FN:1266,(anonymous_70)
FN:1267,(anonymous_71)
FN:1295,(anonymous_72)
FN:1299,(anonymous_73)
FN:1326,(anonymous_74)
FN:1330,(anonymous_75)
FN:1364,(anonymous_76)
FN:1368,(anonymous_77)
FN:1373,(anonymous_78)
FN:1386,(anonymous_79)
FN:1410,(anonymous_80)
FN:1433,(anonymous_81)
FN:1434,(anonymous_82)
FN:1437,(anonymous_83)
FN:1456,(anonymous_84)
FN:1457,(anonymous_85)
FN:1460,(anonymous_86)
FN:1461,(anonymous_87)
FN:1464,(anonymous_88)
FN:1483,(anonymous_89)
FN:1498,(anonymous_90)
FN:1506,(anonymous_91)
FN:1513,(anonymous_92)
FN:1522,(anonymous_93)
FN:1524,(anonymous_94)
FN:1536,(anonymous_95)
FN:1568,(anonymous_96)
FN:1610,(anonymous_97)
FN:1627,(anonymous_98)
FN:1633,(anonymous_99)
FN:1642,(anonymous_100)
FN:1658,(anonymous_101)
FN:1664,(anonymous_102)
FN:1677,(anonymous_103)
FN:1683,(anonymous_104)
FN:1692,(anonymous_105)
FN:1698,(anonymous_106)
FN:1707,(anonymous_107)
FN:1726,(anonymous_108)
FN:1732,(anonymous_109)
FN:1741,(anonymous_110)
FN:1747,(anonymous_111)
FN:1756,(anonymous_112)
FNF:113
FNH:85
FNDA:1,getDefaultStorage
FNDA:15,(anonymous_1)
FNDA:15,(anonymous_2)
FNDA:0,(anonymous_3)
FNDA:0,(anonymous_4)
FNDA:0,(anonymous_5)
FNDA:0,(anonymous_6)
FNDA:0,(anonymous_7)
FNDA:1216,(anonymous_8)
FNDA:38,(anonymous_9)
FNDA:38,(anonymous_10)
FNDA:0,(anonymous_11)
FNDA:32,(anonymous_12)
FNDA:73,(anonymous_13)
FNDA:30,(anonymous_14)
FNDA:1177,(anonymous_15)
FNDA:1177,(anonymous_16)
FNDA:0,(anonymous_17)
FNDA:1178,(anonymous_18)
FNDA:27396,(anonymous_19)
FNDA:1178,(anonymous_20)
FNDA:1178,(anonymous_21)
FNDA:3533,(anonymous_22)
FNDA:7372,(anonymous_23)
FNDA:1178,(anonymous_24)
FNDA:1178,(anonymous_25)
FNDA:1178,(anonymous_26)
FNDA:1178,(anonymous_27)
FNDA:1178,(anonymous_28)
FNDA:2355,(anonymous_29)
FNDA:7167,(anonymous_30)
FNDA:1178,(anonymous_31)
FNDA:1177,(anonymous_32)
FNDA:3531,(anonymous_33)
FNDA:2662,(anonymous_34)
FNDA:1485,(anonymous_35)
FNDA:2662,(anonymous_36)
FNDA:2662,(anonymous_37)
FNDA:2662,(anonymous_38)
FNDA:2662,(anonymous_39)
FNDA:2662,(anonymous_40)
FNDA:78,(anonymous_41)
FNDA:78,(anonymous_42)
FNDA:86,(anonymous_43)
FNDA:204,(anonymous_44)
FNDA:204,(anonymous_45)
FNDA:78,(anonymous_46)
FNDA:78,(anonymous_47)
FNDA:390,(anonymous_48)
FNDA:78,(anonymous_49)
FNDA:1177,(anonymous_50)
FNDA:1177,(anonymous_51)
FNDA:1177,(anonymous_52)
FNDA:1177,(anonymous_53)
FNDA:1177,(anonymous_54)
FNDA:1177,(anonymous_55)
FNDA:1177,(anonymous_56)
FNDA:2354,(anonymous_57)
FNDA:2354,(anonymous_58)
FNDA:2354,(anonymous_59)
FNDA:2354,(anonymous_60)
FNDA:2354,(anonymous_61)
FNDA:2354,(anonymous_62)
FNDA:1177,(anonymous_63)
FNDA:1177,(anonymous_64)
FNDA:1177,(anonymous_65)
FNDA:1177,(anonymous_66)
FNDA:26,(anonymous_67)
FNDA:1177,(anonymous_68)
FNDA:9416,(anonymous_69)
FNDA:1,(anonymous_70)
FNDA:1,(anonymous_71)
FNDA:0,(anonymous_72)
FNDA:1000,(anonymous_73)
FNDA:0,(anonymous_74)
FNDA:0,(anonymous_75)
FNDA:1177,(anonymous_76)
FNDA:78,(anonymous_77)
FNDA:0,(anonymous_78)
FNDA:0,(anonymous_79)
FNDA:0,(anonymous_80)
FNDA:0,(anonymous_81)
FNDA:0,(anonymous_82)
FNDA:0,(anonymous_83)
FNDA:0,(anonymous_84)
FNDA:0,(anonymous_85)
FNDA:0,(anonymous_86)
FNDA:0,(anonymous_87)
FNDA:1,(anonymous_88)
FNDA:50,(anonymous_89)
FNDA:0,(anonymous_90)
FNDA:0,(anonymous_91)
FNDA:0,(anonymous_92)
FNDA:0,(anonymous_93)
FNDA:0,(anonymous_94)
FNDA:0,(anonymous_95)
FNDA:0,(anonymous_96)
FNDA:0,(anonymous_97)
FNDA:1177,(anonymous_98)
FNDA:11770,(anonymous_99)
FNDA:1177,(anonymous_100)
FNDA:1177,(anonymous_101)
FNDA:7062,(anonymous_102)
FNDA:1177,(anonymous_103)
FNDA:8239,(anonymous_104)
FNDA:1177,(anonymous_105)
FNDA:8239,(anonymous_106)
FNDA:1177,(anonymous_107)
FNDA:1177,(anonymous_108)
FNDA:8239,(anonymous_109)
FNDA:1177,(anonymous_110)
FNDA:7062,(anonymous_111)
FNDA:1177,(anonymous_112)
DA:7,4
DA:8,4
DA:9,4
DA:10,4
DA:11,4
DA:12,4
DA:13,4
DA:14,4
DA:17,1
DA:18,1
DA:23,15
DA:24,15
DA:25,15
DA:26,15
DA:27,15
DA:28,15
DA:31,15
DA:34,15
DA:37,15
DA:38,15
DA:39,15
DA:42,15
DA:44,15
DA:45,15
DA:48,15
DA:81,15
DA:93,15
DA:109,15
DA:147,15
DA:148,15
DA:149,15
DA:153,15
DA:154,0
DA:155,0
DA:156,0
DA:159,15
DA:160,0
DA:161,0
DA:162,0
DA:165,15
DA:166,0
DA:167,0
DA:168,0
DA:171,15
DA:172,0
DA:173,0
DA:177,15
DA:185,1216
DA:194,38
DA:195,38
DA:197,38
DA:198,38
DA:207,38
DA:210,38
DA:211,99
DA:226,38
DA:227,127
DA:229,127
DA:230,127
DA:232,127
DA:233,126
DA:234,126
DA:237,126
DA:238,126
DA:240,126
DA:241,0
DA:247,38
DA:248,38
DA:250,38
DA:251,99
DA:252,99
DA:255,99
DA:256,99
DA:258,99
DA:259,99
DA:263,99
DA:268,99
DA:269,10
DA:272,10
DA:273,10
DA:274,10
DA:275,10
DA:276,10
DA:278,10
DA:285,10
DA:300,10
DA:302,89
DA:312,38
DA:313,8
DA:315,0
DA:317,0
DA:318,0
DA:319,0
DA:321,0
DA:322,0
DA:323,0
DA:327,0
DA:328,0
DA:331,8
DA:332,8
DA:335,30
DA:338,38
DA:339,38
DA:342,38
DA:344,38
DA:349,32
DA:351,32
DA:354,30
DA:357,30
DA:358,14
DA:361,30
DA:362,30
DA:365,30
DA:366,29
DA:367,29
DA:368,29
DA:370,73
DA:371,29
DA:372,1
DA:375,0
DA:380,30
DA:388,2
DA:389,2
DA:395,30
DA:396,2
DA:397,2
DA:400,30
DA:401,2
DA:402,2
DA:405,30
DA:406,2
DA:407,2
DA:412,1177
DA:413,0
DA:416,1177
DA:417,1177
DA:418,1177
DA:419,1177
DA:422,1177
DA:425,1177
DA:428,1177
DA:431,1177
DA:462,1177
DA:465,1177
DA:468,1177
DA:471,1177
DA:473,0
DA:475,1177
DA:476,1177
DA:479,1177
DA:482,1177
DA:484,1177
DA:487,1177
DA:490,1177
DA:493,1177
DA:496,1177
DA:498,1177
DA:508,1177
DA:509,11
DA:512,1177
DA:515,0
DA:516,0
DA:523,1178
DA:524,1178
DA:525,1178
DA:527,1178
DA:538,1178
DA:543,27396
DA:544,27396
DA:546,27396
DA:547,165457
DA:548,165457
DA:549,165457
DA:552,27396
DA:556,1178
DA:568,1178
DA:572,1178
DA:580,1178
DA:584,3533
DA:587,3533
DA:588,3533
DA:591,3533
DA:602,3533
DA:605,3533
DA:612,3533
DA:614,3533
DA:619,7372
DA:631,7372
DA:632,7372
DA:634,7372
DA:639,1178
DA:640,1178
DA:642,1178
DA:643,15314
DA:644,15314
DA:645,15314
DA:648,1178
DA:658,1178
DA:670,1178
DA:678,1178
DA:682,1178
DA:683,1178
DA:684,1178
DA:686,1178
DA:690,1178
DA:699,1178
DA:711,1178
DA:715,2355
DA:716,2355
DA:718,7167
DA:726,1178
DA:734,1178
DA:743,1177
DA:744,3531
DA:746,1177
DA:748,0
DA:752,2662
DA:758,1485
DA:759,1177
DA:763,2662
DA:766,2662
DA:767,2662
DA:770,2662
DA:771,2662
DA:772,2662
DA:773,2662
DA:776,2662
DA:777,2662
DA:780,2662
DA:781,2662
DA:784,2662
DA:785,2662
DA:787,2662
DA:791,2662
DA:814,2662
DA:819,2662
DA:820,2662
DA:828,2662
DA:829,2662
DA:834,2662
DA:835,2662
DA:837,2662
DA:838,2662
DA:840,0
DA:845,2662
DA:846,2662
DA:849,2662
DA:850,2662
DA:852,2662
DA:853,2662
DA:854,18634
DA:855,18634
DA:858,2662
DA:863,78
DA:864,0
DA:868,78
DA:869,78
DA:871,78
DA:886,78
DA:888,78
DA:889,78
DA:894,78
DA:906,78
DA:915,78
DA:916,78
DA:919,78
DA:920,0
DA:924,78
DA:925,78
DA:926,78
DA:928,0
DA:933,86
DA:934,204
DA:935,204
DA:939,78
DA:941,78
DA:951,390
DA:959,78
DA:967,78
DA:972,1177
DA:973,1177
DA:976,1177
DA:977,1177
DA:980,1177
DA:983,1177
DA:984,1177
DA:985,1177
DA:988,1177
DA:990,1177
DA:1003,1177
DA:1004,1177
DA:1007,1177
DA:1008,0
DA:1012,1177
DA:1013,1177
DA:1017,0
DA:1018,0
DA:1022,0
DA:1023,0
DA:1027,0
DA:1032,1177
DA:1033,1177
DA:1035,1177
DA:1045,1177
DA:1046,1177
DA:1048,1177
DA:1058,1177
DA:1059,1177
DA:1061,1177
DA:1062,8239
DA:1063,8239
DA:1064,8239
DA:1067,1177
DA:1071,1177
DA:1072,1177
DA:1073,0
DA:1077,1177
DA:1080,1177
DA:1081,1177
DA:1084,1177
DA:1086,1177
DA:1090,1177
DA:1092,1177
DA:1102,2354
DA:1112,2354
DA:1115,2354
DA:1116,2354
DA:1119,2354
DA:1123,2354
DA:1126,2354
DA:1129,2354
DA:1131,2354
DA:1135,2354
DA:1143,2354
DA:1147,2354
DA:1152,2354
DA:1157,2354
DA:1158,2354
DA:1160,2354
DA:1165,2354
DA:1166,2354
DA:1168,2354
DA:1173,2354
DA:1177,1177
DA:1178,1177
DA:1180,1177
DA:1184,1177
DA:1189,1177
DA:1194,1177
DA:1199,1177
DA:1200,1177
DA:1201,0
DA:1202,0
DA:1203,0
DA:1204,0
DA:1205,0
DA:1210,1177
DA:1211,0
DA:1213,1177
DA:1219,26
DA:1222,26
DA:1228,26
DA:1229,78
DA:1232,26
DA:1237,1177
DA:1240,1177
DA:1242,0
DA:1243,0
DA:1244,0
DA:1246,0
DA:1247,0
DA:1248,0
DA:1250,0
DA:1251,0
DA:1252,0
DA:1254,1177
DA:1255,1177
DA:1259,1177
DA:1260,9416
DA:1267,1
DA:1269,1
DA:1270,1
DA:1271,1
DA:1272,1
DA:1274,1
DA:1275,1000
DA:1276,1000
DA:1277,1000
DA:1278,0
DA:1279,0
DA:1281,1000
DA:1285,1
DA:1296,0
DA:1301,1000
DA:1302,1000
DA:1304,1000
DA:1305,1000
DA:1308,1000
DA:1311,0
DA:1314,0
DA:1317,0
DA:1320,0
DA:1323,0
DA:1327,0
DA:1328,0
DA:1330,0
DA:1332,0
DA:1333,0
DA:1334,0
DA:1335,0
DA:1337,0
DA:1339,0
DA:1340,0
DA:1344,0
DA:1345,0
DA:1346,0
DA:1347,0
DA:1348,0
DA:1349,0
DA:1355,0
DA:1356,0
DA:1359,0
DA:1360,0
DA:1365,1177
DA:1369,78
DA:1374,0
DA:1375,0
DA:1378,0
DA:1379,0
DA:1381,0
DA:1383,0
DA:1388,0
DA:1389,0
DA:1390,0
DA:1391,0
DA:1393,0
DA:1394,0
DA:1395,0
DA:1396,0
DA:1397,0
DA:1399,0
DA:1400,0
DA:1401,0
DA:1403,0
DA:1405,0
DA:1407,0
DA:1411,0
DA:1413,0
DA:1415,0
DA:1418,0
DA:1421,0
DA:1424,0
DA:1425,0
DA:1433,0
DA:1434,0
DA:1438,0
DA:1440,0
DA:1444,0
DA:1445,0
DA:1448,0
DA:1451,0
DA:1453,0
DA:1457,0
DA:1461,0
DA:1465,1
DA:1466,1
DA:1467,1
DA:1470,1
DA:1471,1
DA:1472,50
DA:1476,1
DA:1477,1
DA:1478,50
DA:1482,1
DA:1483,50
DA:1485,1
DA:1499,0
DA:1501,0
DA:1502,0
DA:1507,0
DA:1509,0
DA:1513,0
DA:1522,0
DA:1524,0
DA:1537,0
DA:1540,0
DA:1541,0
DA:1542,0
DA:1546,0
DA:1555,0
DA:1563,0
DA:1564,0
DA:1569,0
DA:1570,0
DA:1576,0
DA:1577,0
DA:1581,0
DA:1585,0
DA:1586,0
DA:1594,0
DA:1602,0
DA:1611,0
DA:1629,1177
DA:1630,1177
DA:1632,1177
DA:1633,1177
DA:1634,11770
DA:1635,0
DA:1639,1177
DA:1644,1177
DA:1652,1177
DA:1653,1177
DA:1655,1177
DA:1660,1177
DA:1661,1177
DA:1663,1177
DA:1664,1177
DA:1665,7062
DA:1666,0
DA:1670,1177
DA:1671,0
DA:1674,1177
DA:1679,1177
DA:1680,1177
DA:1682,1177
DA:1683,1177
DA:1684,8239
DA:1685,0
DA:1689,1177
DA:1694,1177
DA:1695,1177
DA:1697,1177
DA:1698,1177
DA:1699,8239
DA:1700,0
DA:1704,1177
DA:1709,1177
DA:1719,1177
DA:1720,1177
DA:1723,1177
DA:1728,1177
DA:1729,1177
DA:1731,1177
DA:1732,1177
DA:1733,8239
DA:1734,0
DA:1738,1177
DA:1743,1177
DA:1744,1177
DA:1746,1177
DA:1747,1177
DA:1748,7062
DA:1749,0
DA:1753,1177
DA:1758,1177
DA:1759,1177
DA:1768,1177
DA:1769,1177
DA:1770,1177
DA:1772,1177
DA:1776,4
LF:561
LH:408
BRDA:17,0,0,0
BRDA:17,0,1,1
BRDA:18,1,0,1
BRDA:18,1,1,1
BRDA:22,2,0,1
BRDA:28,3,0,15
BRDA:28,3,1,1
BRDA:227,4,0,0
BRDA:227,4,1,127
BRDA:227,5,0,127
BRDA:227,5,1,127
BRDA:232,6,0,126
BRDA:232,6,1,1
BRDA:237,7,0,126
BRDA:237,7,1,0
BRDA:237,8,0,126
BRDA:237,8,1,126
BRDA:240,9,0,0
BRDA:240,9,1,126
BRDA:240,10,0,126
BRDA:240,10,1,126
BRDA:252,11,0,0
BRDA:252,11,1,99
BRDA:256,12,0,8
BRDA:256,12,1,91
BRDA:263,13,0,99
BRDA:263,13,1,93
BRDA:263,13,2,89
BRDA:263,13,3,89
BRDA:268,14,0,10
BRDA:268,14,1,89
BRDA:312,15,0,8
BRDA:312,15,1,30
BRDA:313,16,0,0
BRDA:313,16,1,8
BRDA:313,17,0,8
BRDA:313,17,1,0
BRDA:313,17,2,0
BRDA:319,18,0,0
BRDA:319,18,1,0
BRDA:321,19,0,0
BRDA:321,19,1,0
BRDA:322,20,0,0
BRDA:322,20,1,0
BRDA:357,21,0,14
BRDA:357,21,1,16
BRDA:365,22,0,29
BRDA:365,22,1,1
BRDA:371,23,0,1
BRDA:371,23,1,28
BRDA:397,24,0,2
BRDA:397,24,1,0
BRDA:397,25,0,2
BRDA:397,25,1,2
BRDA:402,26,0,2
BRDA:402,26,1,0
BRDA:402,27,0,2
BRDA:402,27,1,2
BRDA:407,28,0,2
BRDA:407,28,1,0
BRDA:407,29,0,2
BRDA:407,29,1,2
BRDA:407,29,2,2
BRDA:411,30,0,0
BRDA:411,31,0,0
BRDA:411,32,0,0
BRDA:412,33,0,0
BRDA:412,33,1,1177
BRDA:471,34,0,0
BRDA:471,34,1,1177
BRDA:508,35,0,11
BRDA:508,35,1,1166
BRDA:544,36,0,27396
BRDA:544,36,1,0
BRDA:568,37,0,1178
BRDA:568,37,1,127
BRDA:580,38,0,1178
BRDA:580,38,1,0
BRDA:587,39,0,3533
BRDA:587,39,1,0
BRDA:602,40,0,3533
BRDA:602,40,1,381
BRDA:612,41,0,3533
BRDA:612,41,1,0
BRDA:631,42,0,7372
BRDA:631,42,1,889
BRDA:678,43,0,1178
BRDA:678,43,1,127
BRDA:678,44,0,1178
BRDA:678,44,1,1
BRDA:711,45,0,1178
BRDA:711,45,1,127
BRDA:716,46,0,0
BRDA:716,46,1,2355
BRDA:716,47,0,51
BRDA:716,47,1,2304
BRDA:735,48,0,1178
BRDA:735,48,1,0
BRDA:746,49,0,0
BRDA:746,49,1,1177
BRDA:814,50,0,2662
BRDA:814,50,1,381
BRDA:819,51,0,2662
BRDA:819,51,1,0
BRDA:828,52,0,2662
BRDA:828,52,1,0
BRDA:837,53,0,2662
BRDA:837,53,1,0
BRDA:863,54,0,0
BRDA:863,54,1,78
BRDA:915,55,0,78
BRDA:915,55,1,0
BRDA:916,56,0,78
BRDA:916,56,1,0
BRDA:919,57,0,0
BRDA:919,57,1,78
BRDA:925,58,0,78
BRDA:925,58,1,0
BRDA:925,59,0,78
BRDA:925,59,1,0
BRDA:934,60,0,204
BRDA:934,60,1,0
BRDA:967,61,0,78
BRDA:967,61,1,0
BRDA:1007,62,0,0
BRDA:1007,62,1,1177
BRDA:1012,63,0,1177
BRDA:1012,63,1,0
BRDA:1017,64,0,0
BRDA:1017,64,1,0
BRDA:1022,65,0,0
BRDA:1022,65,1,0
BRDA:1072,66,0,0
BRDA:1072,66,1,1177
BRDA:1115,67,0,2354
BRDA:1115,67,1,0
BRDA:1123,68,0,2354
BRDA:1123,68,1,254
BRDA:1129,69,0,2354
BRDA:1129,69,1,0
BRDA:1143,70,0,2354
BRDA:1143,70,1,0
BRDA:1152,71,0,2354
BRDA:1152,71,1,254
BRDA:1165,72,0,2354
BRDA:1165,72,1,0
BRDA:1173,73,0,2354
BRDA:1173,73,1,254
BRDA:1190,74,0,1177
BRDA:1190,74,1,0
BRDA:1194,75,0,1177
BRDA:1194,75,1,127
BRDA:1202,76,0,0
BRDA:1202,76,1,0
BRDA:1204,77,0,0
BRDA:1204,77,1,0
BRDA:1210,78,0,0
BRDA:1210,78,1,1177
BRDA:1210,79,0,1177
BRDA:1210,79,1,0
BRDA:1240,80,0,0
BRDA:1240,80,1,0
BRDA:1240,80,2,0
BRDA:1240,80,3,1177
BRDA:1266,81,0,0
BRDA:1270,82,0,1
BRDA:1270,82,1,0
BRDA:1270,83,0,1
BRDA:1270,83,1,1
BRDA:1274,84,0,1001
BRDA:1274,84,1,1000
BRDA:1277,85,0,0
BRDA:1277,85,1,1000
BRDA:1277,86,0,1000
BRDA:1277,86,1,1000
BRDA:1281,87,0,1000
BRDA:1281,87,1,0
BRDA:1281,88,0,1000
BRDA:1281,88,1,1000
BRDA:1295,89,0,0
BRDA:1308,90,0,1000
BRDA:1308,90,1,0
BRDA:1311,91,0,0
BRDA:1311,91,1,0
BRDA:1314,92,0,0
BRDA:1314,92,1,0
BRDA:1317,93,0,0
BRDA:1317,93,1,0
BRDA:1317,94,0,0
BRDA:1317,94,1,0
BRDA:1320,95,0,0
BRDA:1320,95,1,0
BRDA:1323,96,0,0
BRDA:1323,96,1,0
BRDA:1328,97,0,0
BRDA:1328,97,1,0
BRDA:1333,98,0,0
BRDA:1333,98,1,0
BRDA:1335,99,0,0
BRDA:1335,99,1,0
BRDA:1346,100,0,0
BRDA:1346,100,1,0
BRDA:1348,101,0,0
BRDA:1348,101,1,0
BRDA:1375,102,0,0
BRDA:1375,102,1,0
BRDA:1389,103,0,0
BRDA:1389,103,1,0
BRDA:1394,104,0,0
BRDA:1394,104,1,0
BRDA:1396,105,0,0
BRDA:1396,105,1,0
BRDA:1397,106,0,0
BRDA:1397,106,1,0
BRDA:1401,107,0,0
BRDA:1401,107,1,0
BRDA:1403,108,0,0
BRDA:1403,108,1,0
BRDA:1410,109,0,0
BRDA:1410,110,0,0
BRDA:1410,111,0,0
BRDA:1415,112,0,0
BRDA:1415,112,1,0
BRDA:1415,113,0,0
BRDA:1415,113,1,0
BRDA:1418,114,0,0
BRDA:1418,114,1,0
BRDA:1418,115,0,0
BRDA:1418,115,1,0
BRDA:1421,116,0,0
BRDA:1421,116,1,0
BRDA:1424,117,0,0
BRDA:1424,117,1,0
BRDA:1440,118,0,0
BRDA:1440,118,1,0
BRDA:1444,119,0,0
BRDA:1444,119,1,0
BRDA:1472,120,0,50
BRDA:1472,120,1,1
BRDA:1478,121,0,50
BRDA:1478,121,1,1
BRDA:1482,122,0,1
BRDA:1482,122,1,0
BRDA:1501,123,0,0
BRDA:1501,123,1,0
BRDA:1540,124,0,0
BRDA:1540,124,1,0
BRDA:1569,125,0,0
BRDA:1569,125,1,0
BRDA:1581,126,0,0
BRDA:1581,126,1,0
BRDA:1581,126,2,0
BRDA:1585,127,0,0
BRDA:1585,127,1,0
BRDA:1630,128,0,1177
BRDA:1630,128,1,0
BRDA:1634,129,0,0
BRDA:1634,129,1,11770
BRDA:1652,130,0,1177
BRDA:1652,130,1,1177
BRDA:1653,131,0,1177
BRDA:1653,131,1,0
BRDA:1661,132,0,1177
BRDA:1661,132,1,0
BRDA:1665,133,0,0
BRDA:1665,133,1,7062
BRDA:1670,134,0,0
BRDA:1670,134,1,1177
BRDA:1670,135,0,1177
BRDA:1670,135,1,1177
BRDA:1680,136,0,1177
BRDA:1680,136,1,0
BRDA:1684,137,0,0
BRDA:1684,137,1,8239
BRDA:1695,138,0,1177
BRDA:1695,138,1,0
BRDA:1699,139,0,0
BRDA:1699,139,1,8239
BRDA:1719,140,0,1177
BRDA:1719,140,1,0
BRDA:1720,141,0,1177
BRDA:1720,141,1,0
BRDA:1729,142,0,1177
BRDA:1729,142,1,0
BRDA:1733,143,0,0
BRDA:1733,143,1,8239
BRDA:1744,144,0,1177
BRDA:1744,144,1,0
BRDA:1748,145,0,0
BRDA:1748,145,1,7062
BRDA:1758,146,0,1177
BRDA:1758,146,1,0
BRDA:1768,147,0,1177
BRDA:1768,147,1,1177
BRDA:1769,148,0,1177
BRDA:1769,148,1,0
BRF:296
BRH:144
end_of_record
TN:
SF:FlappyJournal/server/consciousness/core/SpiralMemoryFacade.cjs
FN:30,getSpiralStorage
FN:36,(anonymous_1)
FN:43,(anonymous_2)
FN:45,(anonymous_3)
FN:46,(anonymous_4)
FN:73,(anonymous_5)
FN:74,(anonymous_6)
FN:102,(anonymous_7)
FN:115,(anonymous_8)
FN:120,(anonymous_9)
FN:125,(anonymous_10)
FNF:11
FNH:0
FNDA:0,getSpiralStorage
FNDA:0,(anonymous_1)
FNDA:0,(anonymous_2)
FNDA:0,(anonymous_3)
FNDA:0,(anonymous_4)
FNDA:0,(anonymous_5)
FNDA:0,(anonymous_6)
FNDA:0,(anonymous_7)
FNDA:0,(anonymous_8)
FNDA:0,(anonymous_9)
FNDA:0,(anonymous_10)
DA:6,0
DA:7,0
DA:8,0
DA:9,0
DA:10,0
DA:12,0
DA:21,0
DA:31,0
DA:32,0
DA:37,0
DA:38,0
DA:39,0
DA:40,0
DA:45,0
DA:46,0
DA:47,0
DA:50,0
DA:51,0
DA:52,0
DA:55,0
DA:61,0
DA:64,0
DA:65,0
DA:67,0
DA:68,0
DA:69,0
DA:73,0
DA:74,0
DA:75,0
DA:77,0
DA:78,0
DA:79,0
DA:80,0
DA:82,0
DA:84,0
DA:85,0
DA:86,0
DA:88,0
DA:89,0
DA:90,0
DA:93,0
DA:94,0
DA:95,0
DA:104,0
DA:110,0
DA:111,0
DA:116,0
DA:121,0
DA:126,0
DA:130,0
DA:131,0
LF:51
LH:0
BRDA:31,0,0,0
BRDA:31,0,1,0
BRDA:32,1,0,0
BRDA:32,1,1,0
BRDA:38,2,0,0
BRDA:38,2,1,0
BRDA:51,3,0,0
BRDA:51,3,1,0
BRDA:52,4,0,0
BRDA:52,4,1,0
BRDA:57,5,0,0
BRDA:57,5,1,0
BRDA:58,6,0,0
BRDA:58,6,1,0
BRDA:61,7,0,0
BRDA:61,7,1,0
BRDA:67,8,0,0
BRDA:67,8,1,0
BRDA:67,8,2,0
BRDA:77,9,0,0
BRDA:77,9,1,0
BRDA:79,10,0,0
BRDA:79,10,1,0
BRDA:84,11,0,0
BRDA:84,11,1,0
BRDA:93,12,0,0
BRDA:93,12,1,0
BRDA:93,12,2,0
BRDA:110,13,0,0
BRDA:110,13,1,0
BRF:30
BRH:0
end_of_record
TN:
SF:FlappyJournal/server/consciousness/core/security/crypto.ts
FN:3,keyFromEnv
FN:8,encrypt
FN:22,decrypt
FNF:3
FNH:2
FNDA:0,keyFromEnv
FNDA:1,encrypt
FNDA:1,decrypt
DA:4,0
DA:5,0
DA:9,1
DA:10,1
DA:11,1
DA:12,1
DA:13,1
DA:14,1
DA:15,1
DA:23,1
DA:24,1
DA:25,1
DA:26,1
DA:27,1
DA:28,1
DA:29,1
LF:16
LH:14
BRDA:4,0,0,0
BRDA:4,0,1,0
BRDA:9,1,0,1
BRDA:9,1,1,0
BRDA:12,2,0,0
BRDA:12,2,1,1
BRDA:23,3,0,1
BRDA:23,3,1,0
BRF:8
BRH:3
end_of_record
TN:
SF:FlappyJournal/server/consciousness/core/security/eventSign.cjs
FNF:0
FNH:0
LF:0
LH:0
BRF:0
BRH:0
end_of_record
TN:
SF:FlappyJournal/server/consciousness/core/security/eventSign.ts
FN:3,secretFromEnv
FN:7,sign
FN:14,verify
FNF:3
FNH:3
FNDA:3,secretFromEnv
FNDA:3,sign
FNDA:2,verify
DA:4,3
DA:8,3
DA:9,3
DA:10,3
DA:11,3
DA:15,2
LF:6
LH:6
BRDA:4,0,0,3
BRDA:4,0,1,3
BRF:2
BRH:2
end_of_record
TN:
SF:FlappyJournal/server/consciousness/core/utils/MinHeap.cjs
FN:6,(anonymous_0)
FN:9,(anonymous_1)
FN:10,(anonymous_2)
FN:11,(anonymous_3)
FN:12,(anonymous_4)
FN:16,(anonymous_5)
FN:26,(anonymous_6)
FN:27,(anonymous_7)
FN:28,(anonymous_8)
FN:38,(anonymous_9)
FN:51,(anonymous_10)
FN:66,(anonymous_11)
FNF:12
FNH:11
FNDA:15,(anonymous_0)
FNDA:1166,(anonymous_1)
FNDA:1001,(anonymous_2)
FNDA:1001,(anonymous_3)
FNDA:1177,(anonymous_4)
FNDA:1000,(anonymous_5)
FNDA:0,(anonymous_6)
FNDA:4001,(anonymous_7)
FNDA:1177,(anonymous_8)
FNDA:999,(anonymous_9)
FNDA:1177,(anonymous_10)
FNDA:1177,(anonymous_11)
DA:7,15
DA:9,1166
DA:10,1001
DA:11,1001
DA:13,1177
DA:14,1177
DA:17,1000
DA:18,1000
DA:19,1000
DA:20,1000
DA:21,999
DA:22,999
DA:24,1000
DA:26,0
DA:27,4001
DA:29,1177
DA:30,1177
DA:31,1166
DA:32,1166
DA:33,0
DA:34,0
DA:36,1177
DA:39,999
DA:40,999
DA:41,999
DA:42,1001
DA:43,1001
DA:44,1001
DA:45,1001
DA:46,2
DA:47,2
DA:49,999
DA:53,1177
DA:54,505743
DA:55,0
DA:56,0
DA:57,0
DA:58,0
DA:59,0
DA:61,0
DA:64,1177
DA:68,1177
DA:69,1177
DA:73,4
LF:44
LH:35
BRDA:17,0,0,0
BRDA:17,0,1,1000
BRDA:20,1,0,999
BRDA:20,1,1,1
BRDA:26,2,0,0
BRDA:26,2,1,0
BRDA:32,3,0,1166
BRDA:32,3,1,0
BRDA:43,4,0,1
BRDA:43,4,1,1000
BRDA:43,5,0,1001
BRDA:43,5,1,1000
BRDA:44,6,0,1
BRDA:44,6,1,1000
BRDA:44,7,0,1001
BRDA:44,7,1,999
BRDA:45,8,0,999
BRDA:45,8,1,2
BRDA:54,9,0,0
BRDA:54,9,1,505743
BRDA:56,10,0,0
BRDA:56,10,1,0
BRF:22
BRH:15
end_of_record
