TN:
SF:FlappyJournal/server/consciousness/core/ConsciousnessEventBus.cjs
FN:14,(anonymous_0)
FN:26,(anonymous_1)
FN:37,(anonymous_2)
FN:50,(anonymous_3)
FN:66,(anonymous_4)
FN:83,(anonymous_5)
FN:84,(anonymous_6)
FN:89,(anonymous_7)
FN:104,(anonymous_8)
FN:107,(anonymous_9)
FN:122,(anonymous_10)
FN:132,(anonymous_11)
FN:144,(anonymous_12)
FN:146,(anonymous_13)
FN:154,(anonymous_14)
FN:160,(anonymous_15)
FN:161,(anonymous_16)
FN:169,(anonymous_17)
FNF:18
FNH:6
FNDA:11,(anonymous_0)
FNDA:5,(anonymous_1)
FNDA:0,(anonymous_2)
FNDA:0,(anonymous_3)
FNDA:1,(anonymous_4)
FNDA:1,(anonymous_5)
FNDA:1,(anonymous_6)
FNDA:1,(anonymous_7)
FNDA:0,(anonymous_8)
FNDA:0,(anonymous_9)
FNDA:0,(anonymous_10)
FNDA:0,(anonymous_11)
FNDA:0,(anonymous_12)
FNDA:0,(anonymous_13)
FNDA:0,(anonymous_14)
FNDA:0,(anonymous_15)
FNDA:0,(anonymous_16)
FNDA:0,(anonymous_17)
DA:6,11
DA:7,11
DA:8,11
DA:10,11
DA:11,11
DA:15,11
DA:16,11
DA:18,11
DA:19,11
DA:20,11
DA:21,11
DA:23,11
DA:25,11
DA:26,11
DA:27,5
DA:38,0
DA:39,0
DA:41,0
DA:46,0
DA:47,0
DA:50,0
DA:51,0
DA:52,0
DA:53,0
DA:55,0
DA:57,0
DA:60,0
DA:67,1
DA:68,1
DA:71,1
DA:78,1
DA:79,0
DA:82,1
DA:83,1
DA:84,1
DA:85,1
DA:89,1
DA:90,1
DA:91,1
DA:92,1
DA:93,1
DA:98,1
DA:105,0
DA:106,0
DA:107,0
DA:108,0
DA:109,0
DA:114,0
DA:116,0
DA:123,0
DA:133,0
DA:145,0
DA:146,0
DA:148,0
DA:155,0
DA:156,0
DA:159,0
DA:160,0
DA:161,0
DA:163,0
DA:170,0
DA:175,11
DA:177,11
LF:63
LH:31
BRDA:25,0,0,11
BRDA:25,0,1,0
BRDA:37,1,0,0
BRDA:38,2,0,0
BRDA:38,2,1,0
BRDA:46,3,0,0
BRDA:46,3,1,0
BRDA:51,4,0,0
BRDA:51,4,1,0
BRDA:51,5,0,0
BRDA:51,5,1,0
BRDA:51,5,2,0
BRDA:60,6,0,0
BRDA:60,6,1,0
BRDA:74,7,0,1
BRDA:74,7,1,0
BRDA:78,8,0,0
BRDA:78,8,1,1
BRDA:91,9,0,1
BRDA:91,9,1,0
BRDA:105,10,0,0
BRDA:105,10,1,0
BRDA:108,11,0,0
BRDA:108,11,1,0
BRDA:108,12,0,0
BRDA:108,12,1,0
BRDA:132,13,0,0
BRDA:144,14,0,0
BRDA:145,15,0,0
BRDA:145,15,1,0
BRDA:154,16,0,0
BRDA:155,17,0,0
BRDA:155,17,1,0
BRDA:156,18,0,0
BRDA:156,18,1,0
BRF:35
BRH:4
end_of_record
TN:
SF:FlappyJournal/server/consciousness/core/SpiralMemoryArchitecture.cjs
FN:17,getDefaultStorage
FN:23,(anonymous_1)
FN:43,(anonymous_2)
FN:154,(anonymous_3)
FN:155,(anonymous_4)
FN:161,(anonymous_5)
FN:167,(anonymous_6)
FN:173,(anonymous_7)
FN:174,(anonymous_8)
FN:186,(anonymous_9)
FN:195,(anonymous_10)
FN:199,(anonymous_11)
FN:323,(anonymous_12)
FN:350,(anonymous_13)
FN:374,(anonymous_14)
FN:397,(anonymous_15)
FN:415,(anonymous_16)
FN:420,(anonymous_17)
FN:514,(anonymous_18)
FN:536,(anonymous_19)
FN:561,(anonymous_20)
FN:575,(anonymous_21)
FN:591,(anonymous_22)
FN:603,(anonymous_23)
FN:637,(anonymous_24)
FN:657,(anonymous_25)
FN:677,(anonymous_26)
FN:701,(anonymous_27)
FN:709,(anonymous_28)
FN:718,(anonymous_29)
FN:734,(anonymous_30)
FN:738,(anonymous_31)
FN:745,(anonymous_32)
FN:761,(anonymous_33)
FN:789,(anonymous_34)
FN:817,(anonymous_35)
FN:844,(anonymous_36)
FN:859,(anonymous_37)
FN:871,(anonymous_38)
FN:888,(anonymous_39)
FN:919,(anonymous_40)
FN:959,(anonymous_41)
FN:961,(anonymous_42)
FN:962,(anonymous_43)
FN:965,(anonymous_44)
FN:977,(anonymous_45)
FN:978,(anonymous_46)
FN:985,(anonymous_47)
FN:997,(anonymous_48)
FN:1029,(anonymous_49)
FN:1057,(anonymous_50)
FN:1070,(anonymous_51)
FN:1083,(anonymous_52)
FN:1097,(anonymous_53)
FN:1116,(anonymous_54)
FN:1128,(anonymous_55)
FN:1138,(anonymous_56)
FN:1161,(anonymous_57)
FN:1173,(anonymous_58)
FN:1182,(anonymous_59)
FN:1190,(anonymous_60)
FN:1203,(anonymous_61)
FN:1210,(anonymous_62)
FN:1224,(anonymous_63)
FN:1226,(anonymous_64)
FN:1244,(anonymous_65)
FN:1262,(anonymous_66)
FN:1286,(anonymous_67)
FN:1293,(anonymous_68)
FN:1294,(anonymous_69)
FN:1342,(anonymous_70)
FN:1346,(anonymous_71)
FN:1373,(anonymous_72)
FN:1377,(anonymous_73)
FN:1411,(anonymous_74)
FN:1415,(anonymous_75)
FN:1420,(anonymous_76)
FN:1434,(anonymous_77)
FN:1458,(anonymous_78)
FN:1481,(anonymous_79)
FN:1482,(anonymous_80)
FN:1485,(anonymous_81)
FN:1504,(anonymous_82)
FN:1505,(anonymous_83)
FN:1508,(anonymous_84)
FN:1509,(anonymous_85)
FN:1512,(anonymous_86)
FN:1531,(anonymous_87)
FN:1546,(anonymous_88)
FN:1554,(anonymous_89)
FN:1561,(anonymous_90)
FN:1570,(anonymous_91)
FN:1572,(anonymous_92)
FN:1584,(anonymous_93)
FN:1616,(anonymous_94)
FN:1658,(anonymous_95)
FN:1675,(anonymous_96)
FN:1681,(anonymous_97)
FN:1690,(anonymous_98)
FN:1706,(anonymous_99)
FN:1712,(anonymous_100)
FN:1725,(anonymous_101)
FN:1731,(anonymous_102)
FN:1740,(anonymous_103)
FN:1746,(anonymous_104)
FN:1755,(anonymous_105)
FN:1774,(anonymous_106)
FN:1780,(anonymous_107)
FN:1789,(anonymous_108)
FN:1795,(anonymous_109)
FN:1804,(anonymous_110)
FN:1826,(anonymous_111)
FNF:112
FNH:33
FNDA:0,getDefaultStorage
FNDA:19,(anonymous_1)
FNDA:0,(anonymous_2)
FNDA:19,(anonymous_3)
FNDA:0,(anonymous_4)
FNDA:0,(anonymous_5)
FNDA:0,(anonymous_6)
FNDA:0,(anonymous_7)
FNDA:0,(anonymous_8)
FNDA:1,(anonymous_9)
FNDA:1,(anonymous_10)
FNDA:1,(anonymous_11)
FNDA:0,(anonymous_12)
FNDA:42,(anonymous_13)
FNDA:0,(anonymous_14)
FNDA:42,(anonymous_15)
FNDA:110,(anonymous_16)
FNDA:0,(anonymous_17)
FNDA:0,(anonymous_18)
FNDA:200000,(anonymous_19)
FNDA:3400000,(anonymous_20)
FNDA:200000,(anonymous_21)
FNDA:200000,(anonymous_22)
FNDA:400000,(anonymous_23)
FNDA:400000,(anonymous_24)
FNDA:200000,(anonymous_25)
FNDA:200000,(anonymous_26)
FNDA:200000,(anonymous_27)
FNDA:200000,(anonymous_28)
FNDA:200000,(anonymous_29)
FNDA:200000,(anonymous_30)
FNDA:600000,(anonymous_31)
FNDA:200000,(anonymous_32)
FNDA:0,(anonymous_33)
FNDA:0,(anonymous_34)
FNDA:0,(anonymous_35)
FNDA:0,(anonymous_36)
FNDA:0,(anonymous_37)
FNDA:0,(anonymous_38)
FNDA:93,(anonymous_39)
FNDA:93,(anonymous_40)
FNDA:93,(anonymous_41)
FNDA:93,(anonymous_42)
FNDA:93,(anonymous_43)
FNDA:93,(anonymous_44)
FNDA:93,(anonymous_45)
FNDA:465,(anonymous_46)
FNDA:93,(anonymous_47)
FNDA:0,(anonymous_48)
FNDA:0,(anonymous_49)
FNDA:0,(anonymous_50)
FNDA:0,(anonymous_51)
FNDA:0,(anonymous_52)
FNDA:0,(anonymous_53)
FNDA:0,(anonymous_54)
FNDA:0,(anonymous_55)
FNDA:0,(anonymous_56)
FNDA:0,(anonymous_57)
FNDA:0,(anonymous_58)
FNDA:0,(anonymous_59)
FNDA:0,(anonymous_60)
FNDA:0,(anonymous_61)
FNDA:0,(anonymous_62)
FNDA:0,(anonymous_63)
FNDA:0,(anonymous_64)
FNDA:31,(anonymous_65)
FNDA:0,(anonymous_66)
FNDA:0,(anonymous_67)
FNDA:0,(anonymous_68)
FNDA:0,(anonymous_69)
FNDA:0,(anonymous_70)
FNDA:0,(anonymous_71)
FNDA:0,(anonymous_72)
FNDA:0,(anonymous_73)
FNDA:0,(anonymous_74)
FNDA:93,(anonymous_75)
FNDA:0,(anonymous_76)
FNDA:0,(anonymous_77)
FNDA:0,(anonymous_78)
FNDA:0,(anonymous_79)
FNDA:0,(anonymous_80)
FNDA:0,(anonymous_81)
FNDA:0,(anonymous_82)
FNDA:0,(anonymous_83)
FNDA:0,(anonymous_84)
FNDA:0,(anonymous_85)
FNDA:0,(anonymous_86)
FNDA:0,(anonymous_87)
FNDA:0,(anonymous_88)
FNDA:0,(anonymous_89)
FNDA:0,(anonymous_90)
FNDA:0,(anonymous_91)
FNDA:0,(anonymous_92)
FNDA:0,(anonymous_93)
FNDA:0,(anonymous_94)
FNDA:0,(anonymous_95)
FNDA:0,(anonymous_96)
FNDA:0,(anonymous_97)
FNDA:0,(anonymous_98)
FNDA:0,(anonymous_99)
FNDA:0,(anonymous_100)
FNDA:0,(anonymous_101)
FNDA:0,(anonymous_102)
FNDA:0,(anonymous_103)
FNDA:0,(anonymous_104)
FNDA:0,(anonymous_105)
FNDA:0,(anonymous_106)
FNDA:0,(anonymous_107)
FNDA:0,(anonymous_108)
FNDA:0,(anonymous_109)
FNDA:0,(anonymous_110)
FNDA:0,(anonymous_111)
DA:7,10
DA:8,10
DA:9,10
DA:10,10
DA:11,10
DA:12,10
DA:13,10
DA:14,10
DA:15,10
DA:18,0
DA:19,0
DA:24,19
DA:25,19
DA:26,19
DA:27,19
DA:28,19
DA:29,19
DA:32,19
DA:35,19
DA:38,19
DA:39,19
DA:40,19
DA:43,19
DA:45,19
DA:46,19
DA:47,19
DA:50,19
DA:83,19
DA:95,19
DA:111,19
DA:149,19
DA:150,19
DA:151,19
DA:155,19
DA:156,0
DA:157,0
DA:158,0
DA:161,19
DA:162,0
DA:163,0
DA:164,0
DA:167,19
DA:168,0
DA:169,0
DA:170,0
DA:173,19
DA:174,0
DA:175,0
DA:179,19
DA:187,1
DA:196,1
DA:197,1
DA:199,1
DA:200,1
DA:209,1
DA:212,1
DA:213,3
DA:228,1
DA:229,0
DA:231,0
DA:232,0
DA:234,0
DA:235,0
DA:236,0
DA:239,0
DA:240,0
DA:242,0
DA:243,0
DA:249,1
DA:250,1
DA:252,1
DA:253,3
DA:254,3
DA:257,3
DA:258,3
DA:260,3
DA:261,3
DA:265,3
DA:270,3
DA:271,0
DA:274,0
DA:275,0
DA:276,0
DA:277,0
DA:278,0
DA:280,0
DA:287,0
DA:302,0
DA:304,3
DA:314,1
DA:315,0
DA:317,0
DA:319,0
DA:320,0
DA:321,0
DA:323,0
DA:324,0
DA:325,0
DA:329,0
DA:330,0
DA:333,0
DA:334,0
DA:337,1
DA:340,1
DA:341,1
DA:344,1
DA:346,1
DA:351,42
DA:353,42
DA:356,42
DA:359,42
DA:360,19
DA:363,42
DA:365,0
DA:366,0
DA:369,0
DA:370,0
DA:371,0
DA:372,0
DA:374,0
DA:375,0
DA:376,0
DA:379,0
DA:384,0
DA:392,42
DA:393,42
DA:399,42
DA:400,0
DA:401,0
DA:404,42
DA:405,0
DA:406,0
DA:409,42
DA:410,0
DA:411,0
DA:416,110
DA:417,110
DA:420,0
DA:421,0
DA:422,0
DA:423,0
DA:426,0
DA:429,0
DA:430,0
DA:433,0
DA:436,0
DA:467,0
DA:470,0
DA:473,0
DA:476,0
DA:478,0
DA:480,0
DA:481,0
DA:484,0
DA:487,0
DA:489,0
DA:492,0
DA:495,0
DA:498,0
DA:501,0
DA:503,0
DA:513,0
DA:514,0
DA:518,0
DA:519,0
DA:520,0
DA:521,0
DA:522,0
DA:527,0
DA:530,0
DA:531,0
DA:538,200000
DA:539,200000
DA:540,200000
DA:541,200000
DA:543,200000
DA:554,200000
DA:555,0
DA:558,200000
DA:563,3400000
DA:564,3400000
DA:566,3400000
DA:567,62222240
DA:568,62222240
DA:569,62222240
DA:572,3400000
DA:576,200000
DA:588,200000
DA:592,200000
DA:600,200000
DA:604,400000
DA:607,400000
DA:608,400000
DA:611,400000
DA:622,400000
DA:625,400000
DA:632,400000
DA:634,400000
DA:639,400000
DA:651,400000
DA:652,400000
DA:654,400000
DA:659,200000
DA:660,200000
DA:662,200000
DA:663,2600000
DA:664,2600000
DA:665,2600000
DA:668,200000
DA:678,200000
DA:690,200000
DA:698,200000
DA:702,200000
DA:703,200000
DA:704,200000
DA:706,200000
DA:710,200000
DA:719,200000
DA:731,200000
DA:735,200000
DA:736,200000
DA:738,600000
DA:746,200000
DA:754,200000
DA:762,0
DA:763,0
DA:764,0
DA:766,0
DA:767,0
DA:769,0
DA:770,0
DA:771,0
DA:772,0
DA:774,0
DA:776,0
DA:777,0
DA:778,0
DA:782,0
DA:783,0
DA:786,0
DA:790,0
DA:793,0
DA:794,0
DA:797,0
DA:798,0
DA:799,0
DA:800,0
DA:803,0
DA:804,0
DA:807,0
DA:808,0
DA:811,0
DA:812,0
DA:814,0
DA:818,0
DA:841,0
DA:846,0
DA:847,0
DA:855,0
DA:856,0
DA:861,0
DA:862,0
DA:864,0
DA:865,0
DA:867,0
DA:872,0
DA:873,0
DA:876,0
DA:877,0
DA:879,0
DA:880,0
DA:881,0
DA:882,0
DA:885,0
DA:890,93
DA:891,0
DA:895,93
DA:896,93
DA:898,93
DA:913,93
DA:915,93
DA:916,93
DA:921,93
DA:933,93
DA:942,93
DA:943,93
DA:946,93
DA:947,0
DA:951,93
DA:952,93
DA:953,93
DA:955,0
DA:960,93
DA:961,93
DA:962,93
DA:966,93
DA:968,93
DA:978,465
DA:986,93
DA:994,93
DA:999,0
DA:1000,0
DA:1003,0
DA:1004,0
DA:1007,0
DA:1010,0
DA:1011,0
DA:1012,0
DA:1015,0
DA:1017,0
DA:1030,0
DA:1031,0
DA:1034,0
DA:1035,0
DA:1039,0
DA:1040,0
DA:1044,0
DA:1045,0
DA:1049,0
DA:1050,0
DA:1054,0
DA:1059,0
DA:1060,0
DA:1062,0
DA:1072,0
DA:1073,0
DA:1075,0
DA:1085,0
DA:1086,0
DA:1088,0
DA:1089,0
DA:1090,0
DA:1091,0
DA:1094,0
DA:1098,0
DA:1099,0
DA:1100,0
DA:1104,0
DA:1107,0
DA:1108,0
DA:1111,0
DA:1113,0
DA:1117,0
DA:1119,0
DA:1129,0
DA:1139,0
DA:1142,0
DA:1143,0
DA:1146,0
DA:1150,0
DA:1153,0
DA:1156,0
DA:1158,0
DA:1162,0
DA:1170,0
DA:1174,0
DA:1179,0
DA:1184,0
DA:1185,0
DA:1187,0
DA:1192,0
DA:1193,0
DA:1195,0
DA:1200,0
DA:1204,0
DA:1205,0
DA:1207,0
DA:1211,0
DA:1216,0
DA:1221,0
DA:1226,0
DA:1227,0
DA:1228,0
DA:1229,0
DA:1230,0
DA:1231,0
DA:1232,0
DA:1237,0
DA:1238,0
DA:1240,0
DA:1246,31
DA:1249,31
DA:1255,31
DA:1256,93
DA:1259,31
DA:1264,0
DA:1267,0
DA:1269,0
DA:1270,0
DA:1271,0
DA:1273,0
DA:1274,0
DA:1275,0
DA:1277,0
DA:1278,0
DA:1279,0
DA:1281,0
DA:1282,0
DA:1286,0
DA:1287,0
DA:1294,0
DA:1296,0
DA:1297,0
DA:1298,0
DA:1299,0
DA:1300,0
DA:1302,0
DA:1303,0
DA:1304,0
DA:1306,0
DA:1307,0
DA:1308,0
DA:1309,0
DA:1310,0
DA:1311,0
DA:1312,0
DA:1313,0
DA:1314,0
DA:1316,0
DA:1317,0
DA:1318,0
DA:1319,0
DA:1320,0
DA:1322,0
DA:1326,0
DA:1330,0
DA:1343,0
DA:1348,0
DA:1349,0
DA:1351,0
DA:1352,0
DA:1355,0
DA:1358,0
DA:1361,0
DA:1364,0
DA:1367,0
DA:1370,0
DA:1374,0
DA:1375,0
DA:1377,0
DA:1379,0
DA:1380,0
DA:1381,0
DA:1382,0
DA:1384,0
DA:1386,0
DA:1387,0
DA:1391,0
DA:1392,0
DA:1393,0
DA:1394,0
DA:1395,0
DA:1396,0
DA:1402,0
DA:1403,0
DA:1406,0
DA:1407,0
DA:1412,0
DA:1416,93
DA:1421,0
DA:1422,0
DA:1425,0
DA:1426,0
DA:1428,0
DA:1429,0
DA:1431,0
DA:1436,0
DA:1437,0
DA:1438,0
DA:1439,0
DA:1441,0
DA:1442,0
DA:1443,0
DA:1444,0
DA:1445,0
DA:1447,0
DA:1448,0
DA:1449,0
DA:1451,0
DA:1453,0
DA:1455,0
DA:1459,0
DA:1461,0
DA:1463,0
DA:1466,0
DA:1469,0
DA:1472,0
DA:1473,0
DA:1481,0
DA:1482,0
DA:1486,0
DA:1488,0
DA:1492,0
DA:1493,0
DA:1496,0
DA:1499,0
DA:1501,0
DA:1505,0
DA:1509,0
DA:1513,0
DA:1514,0
DA:1515,0
DA:1518,0
DA:1519,0
DA:1520,0
DA:1524,0
DA:1525,0
DA:1526,0
DA:1530,0
DA:1531,0
DA:1533,0
DA:1547,0
DA:1549,0
DA:1550,0
DA:1555,0
DA:1557,0
DA:1561,0
DA:1570,0
DA:1572,0
DA:1585,0
DA:1588,0
DA:1589,0
DA:1590,0
DA:1594,0
DA:1603,0
DA:1611,0
DA:1612,0
DA:1617,0
DA:1618,0
DA:1624,0
DA:1625,0
DA:1629,0
DA:1633,0
DA:1634,0
DA:1642,0
DA:1650,0
DA:1659,0
DA:1677,0
DA:1678,0
DA:1680,0
DA:1681,0
DA:1682,0
DA:1683,0
DA:1687,0
DA:1692,0
DA:1700,0
DA:1701,0
DA:1703,0
DA:1708,0
DA:1709,0
DA:1711,0
DA:1712,0
DA:1713,0
DA:1714,0
DA:1718,0
DA:1719,0
DA:1722,0
DA:1727,0
DA:1728,0
DA:1730,0
DA:1731,0
DA:1732,0
DA:1733,0
DA:1737,0
DA:1742,0
DA:1743,0
DA:1745,0
DA:1746,0
DA:1747,0
DA:1748,0
DA:1752,0
DA:1757,0
DA:1767,0
DA:1768,0
DA:1771,0
DA:1776,0
DA:1777,0
DA:1779,0
DA:1780,0
DA:1781,0
DA:1782,0
DA:1786,0
DA:1791,0
DA:1792,0
DA:1794,0
DA:1795,0
DA:1796,0
DA:1797,0
DA:1801,0
DA:1806,0
DA:1807,0
DA:1816,0
DA:1817,0
DA:1818,0
DA:1820,0
DA:1824,10
DA:1826,10
DA:1827,0
DA:1828,0
DA:1829,0
LF:600
LH:159
BRDA:18,0,0,0
BRDA:18,0,1,0
BRDA:19,1,0,0
BRDA:19,1,1,0
BRDA:23,2,0,0
BRDA:29,3,0,19
BRDA:29,3,1,0
BRDA:229,4,0,0
BRDA:229,4,1,0
BRDA:229,5,0,0
BRDA:229,5,1,0
BRDA:234,6,0,0
BRDA:234,6,1,0
BRDA:239,7,0,0
BRDA:239,7,1,0
BRDA:239,8,0,0
BRDA:239,8,1,0
BRDA:242,9,0,0
BRDA:242,9,1,0
BRDA:242,10,0,0
BRDA:242,10,1,0
BRDA:254,11,0,0
BRDA:254,11,1,3
BRDA:258,12,0,0
BRDA:258,12,1,3
BRDA:265,13,0,3
BRDA:265,13,1,3
BRDA:265,13,2,3
BRDA:265,13,3,3
BRDA:270,14,0,0
BRDA:270,14,1,3
BRDA:314,15,0,0
BRDA:314,15,1,1
BRDA:315,16,0,0
BRDA:315,16,1,0
BRDA:315,17,0,0
BRDA:315,17,1,0
BRDA:315,17,2,0
BRDA:321,18,0,0
BRDA:321,18,1,0
BRDA:323,19,0,0
BRDA:323,19,1,0
BRDA:324,20,0,0
BRDA:324,20,1,0
BRDA:359,21,0,19
BRDA:359,21,1,23
BRDA:369,22,0,0
BRDA:369,22,1,0
BRDA:375,23,0,0
BRDA:375,23,1,0
BRDA:401,24,0,0
BRDA:401,24,1,0
BRDA:401,25,0,0
BRDA:401,25,1,0
BRDA:406,26,0,0
BRDA:406,26,1,0
BRDA:406,27,0,0
BRDA:406,27,1,0
BRDA:411,28,0,0
BRDA:411,28,1,0
BRDA:411,29,0,0
BRDA:411,29,1,0
BRDA:411,29,2,0
BRDA:415,30,0,2
BRDA:415,31,0,2
BRDA:415,32,0,2
BRDA:416,33,0,110
BRDA:416,33,1,0
BRDA:476,34,0,0
BRDA:476,34,1,0
BRDA:513,35,0,0
BRDA:513,35,1,0
BRDA:518,36,0,0
BRDA:518,36,1,0
BRDA:521,37,0,0
BRDA:521,37,1,0
BRDA:541,38,0,200000
BRDA:541,38,1,200000
BRDA:554,39,0,0
BRDA:554,39,1,200000
BRDA:564,40,0,3400000
BRDA:564,40,1,0
BRDA:588,41,0,200000
BRDA:588,41,1,200000
BRDA:600,42,0,200000
BRDA:600,42,1,200000
BRDA:607,43,0,400000
BRDA:607,43,1,0
BRDA:622,44,0,400000
BRDA:622,44,1,400000
BRDA:632,45,0,400000
BRDA:632,45,1,400000
BRDA:651,46,0,400000
BRDA:651,46,1,400000
BRDA:698,47,0,200000
BRDA:698,47,1,200000
BRDA:698,48,0,200000
BRDA:698,48,1,200000
BRDA:731,49,0,200000
BRDA:731,49,1,200000
BRDA:736,50,0,0
BRDA:736,50,1,200000
BRDA:736,51,0,0
BRDA:736,51,1,200000
BRDA:755,52,0,200000
BRDA:755,52,1,200000
BRDA:762,53,0,0
BRDA:762,53,1,0
BRDA:763,54,0,0
BRDA:763,54,1,0
BRDA:764,55,0,0
BRDA:764,55,1,0
BRDA:770,56,0,0
BRDA:770,56,1,0
BRDA:776,57,0,0
BRDA:776,57,1,0
BRDA:782,58,0,0
BRDA:782,58,1,0
BRDA:841,59,0,0
BRDA:841,59,1,0
BRDA:846,60,0,0
BRDA:846,60,1,0
BRDA:855,61,0,0
BRDA:855,61,1,0
BRDA:864,62,0,0
BRDA:864,62,1,0
BRDA:890,63,0,0
BRDA:890,63,1,93
BRDA:942,64,0,93
BRDA:942,64,1,0
BRDA:943,65,0,93
BRDA:943,65,1,0
BRDA:946,66,0,0
BRDA:946,66,1,93
BRDA:952,67,0,93
BRDA:952,67,1,0
BRDA:952,68,0,93
BRDA:952,68,1,0
BRDA:961,69,0,93
BRDA:961,69,1,0
BRDA:994,70,0,93
BRDA:994,70,1,0
BRDA:1034,71,0,0
BRDA:1034,71,1,0
BRDA:1039,72,0,0
BRDA:1039,72,1,0
BRDA:1044,73,0,0
BRDA:1044,73,1,0
BRDA:1049,74,0,0
BRDA:1049,74,1,0
BRDA:1099,75,0,0
BRDA:1099,75,1,0
BRDA:1142,76,0,0
BRDA:1142,76,1,0
BRDA:1150,77,0,0
BRDA:1150,77,1,0
BRDA:1156,78,0,0
BRDA:1156,78,1,0
BRDA:1170,79,0,0
BRDA:1170,79,1,0
BRDA:1179,80,0,0
BRDA:1179,80,1,0
BRDA:1192,81,0,0
BRDA:1192,81,1,0
BRDA:1200,82,0,0
BRDA:1200,82,1,0
BRDA:1217,83,0,0
BRDA:1217,83,1,0
BRDA:1221,84,0,0
BRDA:1221,84,1,0
BRDA:1229,85,0,0
BRDA:1229,85,1,0
BRDA:1231,86,0,0
BRDA:1231,86,1,0
BRDA:1237,87,0,0
BRDA:1237,87,1,0
BRDA:1237,88,0,0
BRDA:1237,88,1,0
BRDA:1267,89,0,0
BRDA:1267,89,1,0
BRDA:1267,89,2,0
BRDA:1267,89,3,0
BRDA:1293,90,0,0
BRDA:1297,91,0,0
BRDA:1297,91,1,0
BRDA:1297,92,0,0
BRDA:1297,92,1,0
BRDA:1303,93,0,0
BRDA:1303,93,1,0
BRDA:1306,94,0,0
BRDA:1306,94,1,0
BRDA:1309,95,0,0
BRDA:1309,95,1,0
BRDA:1311,96,0,0
BRDA:1311,96,1,0
BRDA:1316,97,0,0
BRDA:1316,97,1,0
BRDA:1317,98,0,0
BRDA:1317,98,1,0
BRDA:1317,99,0,0
BRDA:1317,99,1,0
BRDA:1326,100,0,0
BRDA:1326,100,1,0
BRDA:1326,101,0,0
BRDA:1326,101,1,0
BRDA:1342,102,0,0
BRDA:1355,103,0,0
BRDA:1355,103,1,0
BRDA:1358,104,0,0
BRDA:1358,104,1,0
BRDA:1361,105,0,0
BRDA:1361,105,1,0
BRDA:1364,106,0,0
BRDA:1364,106,1,0
BRDA:1364,107,0,0
BRDA:1364,107,1,0
BRDA:1367,108,0,0
BRDA:1367,108,1,0
BRDA:1370,109,0,0
BRDA:1370,109,1,0
BRDA:1375,110,0,0
BRDA:1375,110,1,0
BRDA:1380,111,0,0
BRDA:1380,111,1,0
BRDA:1382,112,0,0
BRDA:1382,112,1,0
BRDA:1393,113,0,0
BRDA:1393,113,1,0
BRDA:1395,114,0,0
BRDA:1395,114,1,0
BRDA:1422,115,0,0
BRDA:1422,115,1,0
BRDA:1437,116,0,0
BRDA:1437,116,1,0
BRDA:1442,117,0,0
BRDA:1442,117,1,0
BRDA:1444,118,0,0
BRDA:1444,118,1,0
BRDA:1445,119,0,0
BRDA:1445,119,1,0
BRDA:1449,120,0,0
BRDA:1449,120,1,0
BRDA:1451,121,0,0
BRDA:1451,121,1,0
BRDA:1458,122,0,0
BRDA:1458,123,0,0
BRDA:1458,124,0,0
BRDA:1463,125,0,0
BRDA:1463,125,1,0
BRDA:1463,126,0,0
BRDA:1463,126,1,0
BRDA:1466,127,0,0
BRDA:1466,127,1,0
BRDA:1466,128,0,0
BRDA:1466,128,1,0
BRDA:1469,129,0,0
BRDA:1469,129,1,0
BRDA:1472,130,0,0
BRDA:1472,130,1,0
BRDA:1488,131,0,0
BRDA:1488,131,1,0
BRDA:1492,132,0,0
BRDA:1492,132,1,0
BRDA:1520,133,0,0
BRDA:1520,133,1,0
BRDA:1526,134,0,0
BRDA:1526,134,1,0
BRDA:1530,135,0,0
BRDA:1530,135,1,0
BRDA:1549,136,0,0
BRDA:1549,136,1,0
BRDA:1588,137,0,0
BRDA:1588,137,1,0
BRDA:1617,138,0,0
BRDA:1617,138,1,0
BRDA:1629,139,0,0
BRDA:1629,139,1,0
BRDA:1629,139,2,0
BRDA:1633,140,0,0
BRDA:1633,140,1,0
BRDA:1678,141,0,0
BRDA:1678,141,1,0
BRDA:1682,142,0,0
BRDA:1682,142,1,0
BRDA:1700,143,0,0
BRDA:1700,143,1,0
BRDA:1701,144,0,0
BRDA:1701,144,1,0
BRDA:1709,145,0,0
BRDA:1709,145,1,0
BRDA:1713,146,0,0
BRDA:1713,146,1,0
BRDA:1718,147,0,0
BRDA:1718,147,1,0
BRDA:1718,148,0,0
BRDA:1718,148,1,0
BRDA:1728,149,0,0
BRDA:1728,149,1,0
BRDA:1732,150,0,0
BRDA:1732,150,1,0
BRDA:1743,151,0,0
BRDA:1743,151,1,0
BRDA:1747,152,0,0
BRDA:1747,152,1,0
BRDA:1767,153,0,0
BRDA:1767,153,1,0
BRDA:1768,154,0,0
BRDA:1768,154,1,0
BRDA:1777,155,0,0
BRDA:1777,155,1,0
BRDA:1781,156,0,0
BRDA:1781,156,1,0
BRDA:1792,157,0,0
BRDA:1792,157,1,0
BRDA:1796,158,0,0
BRDA:1796,158,1,0
BRDA:1806,159,0,0
BRDA:1806,159,1,0
BRDA:1816,160,0,0
BRDA:1816,160,1,0
BRDA:1817,161,0,0
BRDA:1817,161,1,0
BRDA:1828,162,0,0
BRDA:1828,162,1,0
BRDA:1829,163,0,0
BRDA:1829,163,1,0
BRF:326
BRH:48
end_of_record
TN:
SF:FlappyJournal/server/consciousness/core/SpiralMemoryFacade.cjs
FN:31,getSpiralStorage
FN:37,(anonymous_1)
FN:44,(anonymous_2)
FN:46,(anonymous_3)
FN:47,(anonymous_4)
FN:84,(anonymous_5)
FN:85,(anonymous_6)
FN:113,(anonymous_7)
FN:126,(anonymous_8)
FN:131,(anonymous_9)
FN:136,(anonymous_10)
FNF:11
FNH:0
FNDA:0,getSpiralStorage
FNDA:0,(anonymous_1)
FNDA:0,(anonymous_2)
FNDA:0,(anonymous_3)
FNDA:0,(anonymous_4)
FNDA:0,(anonymous_5)
FNDA:0,(anonymous_6)
FNDA:0,(anonymous_7)
FNDA:0,(anonymous_8)
FNDA:0,(anonymous_9)
FNDA:0,(anonymous_10)
DA:6,0
DA:7,0
DA:8,0
DA:9,0
DA:10,0
DA:11,0
DA:13,0
DA:22,0
DA:32,0
DA:33,0
DA:38,0
DA:39,0
DA:40,0
DA:41,0
DA:46,0
DA:47,0
DA:48,0
DA:49,0
DA:50,0
DA:52,0
DA:53,0
DA:54,0
DA:55,0
DA:56,0
DA:58,0
DA:61,0
DA:62,0
DA:63,0
DA:66,0
DA:72,0
DA:75,0
DA:76,0
DA:78,0
DA:79,0
DA:80,0
DA:84,0
DA:85,0
DA:86,0
DA:88,0
DA:89,0
DA:90,0
DA:91,0
DA:93,0
DA:95,0
DA:96,0
DA:97,0
DA:99,0
DA:100,0
DA:101,0
DA:104,0
DA:105,0
DA:106,0
DA:115,0
DA:121,0
DA:122,0
DA:127,0
DA:132,0
DA:137,0
DA:141,0
DA:142,0
DA:143,0
LF:61
LH:0
BRDA:32,0,0,0
BRDA:32,0,1,0
BRDA:33,1,0,0
BRDA:33,1,1,0
BRDA:39,2,0,0
BRDA:39,2,1,0
BRDA:48,3,0,0
BRDA:48,3,1,0
BRDA:48,3,2,0
BRDA:62,4,0,0
BRDA:62,4,1,0
BRDA:63,5,0,0
BRDA:63,5,1,0
BRDA:68,6,0,0
BRDA:68,6,1,0
BRDA:69,7,0,0
BRDA:69,7,1,0
BRDA:72,8,0,0
BRDA:72,8,1,0
BRDA:78,9,0,0
BRDA:78,9,1,0
BRDA:78,9,2,0
BRDA:88,10,0,0
BRDA:88,10,1,0
BRDA:90,11,0,0
BRDA:90,11,1,0
BRDA:95,12,0,0
BRDA:95,12,1,0
BRDA:104,13,0,0
BRDA:104,13,1,0
BRDA:104,13,2,0
BRDA:121,14,0,0
BRDA:121,14,1,0
BRF:33
BRH:0
end_of_record
TN:
SF:FlappyJournal/server/consciousness/core/security/crypto.ts
FN:3,keyFromEnv
FN:8,encrypt
FN:22,decrypt
FNF:3
FNH:2
FNDA:0,keyFromEnv
FNDA:1,encrypt
FNDA:1,decrypt
DA:4,0
DA:5,0
DA:9,1
DA:10,1
DA:11,1
DA:12,1
DA:13,1
DA:14,1
DA:15,1
DA:23,1
DA:24,1
DA:25,1
DA:26,1
DA:27,1
DA:28,1
DA:29,1
LF:16
LH:14
BRDA:4,0,0,0
BRDA:4,0,1,0
BRDA:9,1,0,1
BRDA:9,1,1,0
BRDA:12,2,0,0
BRDA:12,2,1,1
BRDA:23,3,0,1
BRDA:23,3,1,0
BRF:8
BRH:3
end_of_record
TN:
SF:FlappyJournal/server/consciousness/core/security/eventSign.cjs
FNF:0
FNH:0
LF:0
LH:0
BRF:0
BRH:0
end_of_record
TN:
SF:FlappyJournal/server/consciousness/core/security/eventSign.ts
FN:3,secretFromEnv
FN:7,sign
FN:14,verify
FNF:3
FNH:3
FNDA:3,secretFromEnv
FNDA:3,sign
FNDA:2,verify
DA:4,3
DA:8,3
DA:9,3
DA:10,3
DA:11,3
DA:15,2
LF:6
LH:6
BRDA:4,0,0,3
BRDA:4,0,1,3
BRF:2
BRH:2
end_of_record
